Building DAG of jobs...
Using shell: /usr/bin/bash
Provided cores: 15
Rules claiming more threads will be scaled down.
Job stats:
job                    count
-------------------  -------
all                        1
cellranger_combined        5
total                      6

Select jobs to execute...

[Mon Sep 11 14:20:27 2023]
rule cellranger_combined:
    input: /home/cachris/projects/geneva/hypoxia/data/TSHG10_hypoxia_GENEVA
    output: /home/cachris/projects/geneva/hypoxia/cellranger_human_mouse_combined/21-2_barn/possorted_genome_bam.bam
    log: /home/cachris/projects/geneva/hypoxia/logs/cellranger_barn/21-2.log
    jobid: 3
    reason: Missing output files: /home/cachris/projects/geneva/hypoxia/cellranger_human_mouse_combined/21-2_barn/possorted_genome_bam.bam
    wildcards: sc_samples=21-2
    threads: 15
    resources: tmpdir=/tmp

[Mon Sep 11 14:20:28 2023]
Error in rule cellranger_combined:
    jobid: 3
    input: /home/cachris/projects/geneva/hypoxia/data/TSHG10_hypoxia_GENEVA
    output: /home/cachris/projects/geneva/hypoxia/cellranger_human_mouse_combined/21-2_barn/possorted_genome_bam.bam
    log: /home/cachris/projects/geneva/hypoxia/logs/cellranger_barn/21-2.log (check log file(s) for error details)
    shell:
        
        cellranger count         --id=21-2_barn         --fastqs=/home/cachris/projects/geneva/hypoxia/data/TSHG10_hypoxia_GENEVA        --transcriptome=/home/cachris/geneva/refdata-gex-GRCh38-and-mm10-2020-A/         --sample=21-2         --localcores=15 > /home/cachris/projects/geneva/hypoxia/logs/cellranger_barn/21-2.log 2>&1         && mv 21-2_barn/outs/* /home/cachris/projects/geneva/hypoxia/cellranger_human_mouse_combined/21-2_barn/         && rm -r 21-2_barn/
        
        (one of the commands exited with non-zero exit code; note that snakemake uses bash strict mode!)

Shutting down, this might take some time.
Exiting because a job execution failed. Look above for error message
Complete log: .snakemake/log/2023-09-11T142026.927607.snakemake.log
