Building DAG of jobs...
Using shell: /usr/bin/bash
Provided cores: 10
Rules claiming more threads will be scaled down.
Job stats:
job                count
---------------  -------
all                    1
demuxlet_noh358        6
total                  7

Select jobs to execute...

[Thu Sep 28 12:04:13 2023]
rule demuxlet_noh358:
    input: /home/cachris/projects/geneva/hypoxia/cellranger_outputs/21-2/possorted_genome_bam.bam, /home/cachris/projects/geneva/hypoxia/merged_vcf_no_H358.vcf.gz
    output: /home/cachris/projects/geneva/hypoxia/demuxlet_out_no_H358/21-2/21-2.best
    log: /home/cachris/projects/geneva/hypoxia/logs/demuxlet/21-2.log
    jobid: 3
    reason: Missing output files: /home/cachris/projects/geneva/hypoxia/demuxlet_out_no_H358/21-2/21-2.best
    wildcards: sc_samples=21-2
    resources: tmpdir=/tmp

Activating conda environment: demuxlet

[Thu Sep 28 12:04:14 2023]
rule demuxlet_noh358:
    input: /home/cachris/projects/geneva/hypoxia/cellranger_outputs/21-4/possorted_genome_bam.bam, /home/cachris/projects/geneva/hypoxia/merged_vcf_no_H358.vcf.gz
    output: /home/cachris/projects/geneva/hypoxia/demuxlet_out_no_H358/21-4/21-4.best
    log: /home/cachris/projects/geneva/hypoxia/logs/demuxlet/21-4.log
    jobid: 4
    reason: Missing output files: /home/cachris/projects/geneva/hypoxia/demuxlet_out_no_H358/21-4/21-4.best
    wildcards: sc_samples=21-4
    resources: tmpdir=/tmp

Activating conda environment: demuxlet

[Thu Sep 28 12:04:14 2023]
rule demuxlet_noh358:
    input: /home/cachris/projects/geneva/hypoxia/cellranger_outputs/8-3/possorted_genome_bam.bam, /home/cachris/projects/geneva/hypoxia/merged_vcf_no_H358.vcf.gz
    output: /home/cachris/projects/geneva/hypoxia/demuxlet_out_no_H358/8-3/8-3.best
    log: /home/cachris/projects/geneva/hypoxia/logs/demuxlet/8-3.log
    jobid: 1
    reason: Missing output files: /home/cachris/projects/geneva/hypoxia/demuxlet_out_no_H358/8-3/8-3.best
    wildcards: sc_samples=8-3
    resources: tmpdir=/tmp

Activating conda environment: demuxlet

[Thu Sep 28 12:04:14 2023]
rule demuxlet_noh358:
    input: /home/cachris/projects/geneva/hypoxia/cellranger_outputs/60-4/possorted_genome_bam.bam, /home/cachris/projects/geneva/hypoxia/merged_vcf_no_H358.vcf.gz
    output: /home/cachris/projects/geneva/hypoxia/demuxlet_out_no_H358/60-4/60-4.best
    log: /home/cachris/projects/geneva/hypoxia/logs/demuxlet/60-4.log
    jobid: 6
    reason: Missing output files: /home/cachris/projects/geneva/hypoxia/demuxlet_out_no_H358/60-4/60-4.best
    wildcards: sc_samples=60-4
    resources: tmpdir=/tmp

Activating conda environment: demuxlet

[Thu Sep 28 12:04:14 2023]
rule demuxlet_noh358:
    input: /home/cachris/projects/geneva/hypoxia/cellranger_outputs/8-4/possorted_genome_bam.bam, /home/cachris/projects/geneva/hypoxia/merged_vcf_no_H358.vcf.gz
    output: /home/cachris/projects/geneva/hypoxia/demuxlet_out_no_H358/8-4/8-4.best
    log: /home/cachris/projects/geneva/hypoxia/logs/demuxlet/8-4.log
    jobid: 2
    reason: Missing output files: /home/cachris/projects/geneva/hypoxia/demuxlet_out_no_H358/8-4/8-4.best
    wildcards: sc_samples=8-4
    resources: tmpdir=/tmp

Activating conda environment: demuxlet

[Thu Sep 28 12:04:14 2023]
rule demuxlet_noh358:
    input: /home/cachris/projects/geneva/hypoxia/cellranger_outputs/60-1/possorted_genome_bam.bam, /home/cachris/projects/geneva/hypoxia/merged_vcf_no_H358.vcf.gz
    output: /home/cachris/projects/geneva/hypoxia/demuxlet_out_no_H358/60-1/60-1.best
    log: /home/cachris/projects/geneva/hypoxia/logs/demuxlet/60-1.log
    jobid: 5
    reason: Missing output files: /home/cachris/projects/geneva/hypoxia/demuxlet_out_no_H358/60-1/60-1.best
    wildcards: sc_samples=60-1
    resources: tmpdir=/tmp

Activating conda environment: demuxlet
[Thu Sep 28 12:58:06 2023]
Finished job 3.
1 of 7 steps (14%) done
[Thu Sep 28 13:06:29 2023]
Finished job 1.
2 of 7 steps (29%) done
[Thu Sep 28 13:11:21 2023]
Finished job 2.
3 of 7 steps (43%) done
[Thu Sep 28 13:14:38 2023]
Finished job 4.
4 of 7 steps (57%) done
[Thu Sep 28 13:15:27 2023]
Finished job 5.
5 of 7 steps (71%) done
[Thu Sep 28 13:43:11 2023]
Finished job 6.
6 of 7 steps (86%) done
Select jobs to execute...

[Thu Sep 28 13:43:11 2023]
localrule all:
    input: /home/cachris/projects/geneva/hypoxia/demuxlet_out_no_H358/8-3/8-3.best, /home/cachris/projects/geneva/hypoxia/demuxlet_out_no_H358/8-4/8-4.best, /home/cachris/projects/geneva/hypoxia/demuxlet_out_no_H358/21-2/21-2.best, /home/cachris/projects/geneva/hypoxia/demuxlet_out_no_H358/21-4/21-4.best, /home/cachris/projects/geneva/hypoxia/demuxlet_out_no_H358/60-1/60-1.best, /home/cachris/projects/geneva/hypoxia/demuxlet_out_no_H358/60-4/60-4.best
    jobid: 0
    reason: Input files updated by another job: /home/cachris/projects/geneva/hypoxia/demuxlet_out_no_H358/60-4/60-4.best, /home/cachris/projects/geneva/hypoxia/demuxlet_out_no_H358/60-1/60-1.best, /home/cachris/projects/geneva/hypoxia/demuxlet_out_no_H358/8-3/8-3.best, /home/cachris/projects/geneva/hypoxia/demuxlet_out_no_H358/8-4/8-4.best, /home/cachris/projects/geneva/hypoxia/demuxlet_out_no_H358/21-4/21-4.best, /home/cachris/projects/geneva/hypoxia/demuxlet_out_no_H358/21-2/21-2.best
    resources: tmpdir=/tmp

[Thu Sep 28 13:43:11 2023]
Finished job 0.
7 of 7 steps (100%) done
Complete log: .snakemake/log/2023-09-28T120409.969874.snakemake.log
