Building DAG of jobs...
File path /home/cachris/geneva/hypoxia//logsUMI_extract/A375.log contains double '/'. This is likely unintended. It can also lead to inconsistent results of the file-matching approach used by Snakemake.
File path /home/cachris/geneva/hypoxia//logsUMI_extract/SH4.log contains double '/'. This is likely unintended. It can also lead to inconsistent results of the file-matching approach used by Snakemake.
File path /home/cachris/geneva/hypoxia//logsUMI_extract/Panc1.log contains double '/'. This is likely unintended. It can also lead to inconsistent results of the file-matching approach used by Snakemake.
File path /home/cachris/geneva/hypoxia//logsUMI_extract/BxPC3.log contains double '/'. This is likely unintended. It can also lead to inconsistent results of the file-matching approach used by Snakemake.
File path /home/cachris/geneva/hypoxia//logsUMI_extract/HCT15.log contains double '/'. This is likely unintended. It can also lead to inconsistent results of the file-matching approach used by Snakemake.
File path /home/cachris/geneva/hypoxia//logsUMI_extract/SW620.log contains double '/'. This is likely unintended. It can also lead to inconsistent results of the file-matching approach used by Snakemake.
File path /home/cachris/geneva/hypoxia//logsUMI_extract/SJSA1.log contains double '/'. This is likely unintended. It can also lead to inconsistent results of the file-matching approach used by Snakemake.
File path /home/cachris/geneva/hypoxia//logsUMI_extract/143B.log contains double '/'. This is likely unintended. It can also lead to inconsistent results of the file-matching approach used by Snakemake.
File path /home/cachris/geneva/hypoxia//logsUMI_extract/MDA231.log contains double '/'. This is likely unintended. It can also lead to inconsistent results of the file-matching approach used by Snakemake.
File path /home/cachris/geneva/hypoxia//logsUMI_extract/HCC1806.log contains double '/'. This is likely unintended. It can also lead to inconsistent results of the file-matching approach used by Snakemake.
File path /home/cachris/geneva/hypoxia//logsUMI_extract/PC3.log contains double '/'. This is likely unintended. It can also lead to inconsistent results of the file-matching approach used by Snakemake.
File path /home/cachris/geneva/hypoxia//logsUMI_extract/LNCaP.log contains double '/'. This is likely unintended. It can also lead to inconsistent results of the file-matching approach used by Snakemake.
File path /home/cachris/geneva/hypoxia//logsUMI_extract/H441.log contains double '/'. This is likely unintended. It can also lead to inconsistent results of the file-matching approach used by Snakemake.
File path /home/cachris/geneva/hypoxia//logsUMI_extract/H358.log contains double '/'. This is likely unintended. It can also lead to inconsistent results of the file-matching approach used by Snakemake.
File path /home/cachris/geneva/hypoxia//logsUMI_extract/HepG2.log contains double '/'. This is likely unintended. It can also lead to inconsistent results of the file-matching approach used by Snakemake.
File path /home/cachris/geneva/hypoxia//logsUMI_extract/Hep3b.log contains double '/'. This is likely unintended. It can also lead to inconsistent results of the file-matching approach used by Snakemake.
File path /home/cachris/geneva/hypoxia//logsUMI_extract/786O.log contains double '/'. This is likely unintended. It can also lead to inconsistent results of the file-matching approach used by Snakemake.
File path /home/cachris/geneva/hypoxia//logsUMI_extract/Caki1.log contains double '/'. This is likely unintended. It can also lead to inconsistent results of the file-matching approach used by Snakemake.
File path /home/cachris/geneva/hypoxia//logsUMI_extract/U87.log contains double '/'. This is likely unintended. It can also lead to inconsistent results of the file-matching approach used by Snakemake.
File path /home/cachris/geneva/hypoxia//logsUMI_extract/LN229.log contains double '/'. This is likely unintended. It can also lead to inconsistent results of the file-matching approach used by Snakemake.
File path /home/cachris/geneva/hypoxia//logsUMI_extract/93E.log contains double '/'. This is likely unintended. It can also lead to inconsistent results of the file-matching approach used by Snakemake.
File path /home/cachris/geneva/hypoxia//logsUMI_extract/41865.log contains double '/'. This is likely unintended. It can also lead to inconsistent results of the file-matching approach used by Snakemake.
File path /home/cachris/geneva/hypoxia//logsUMI_extract/50073.log contains double '/'. This is likely unintended. It can also lead to inconsistent results of the file-matching approach used by Snakemake.
File path /home/cachris/geneva/hypoxia//logsUMI_extract/32947_c7.log contains double '/'. This is likely unintended. It can also lead to inconsistent results of the file-matching approach used by Snakemake.
File path /home/cachris/geneva/hypoxia//logsUMI_extract/50004.log contains double '/'. This is likely unintended. It can also lead to inconsistent results of the file-matching approach used by Snakemake.
File path /home/cachris/geneva/hypoxia//logsUMI_extract/5MRLiCTR.log contains double '/'. This is likely unintended. It can also lead to inconsistent results of the file-matching approach used by Snakemake.
File path /home/cachris/geneva/hypoxia//logsUMI_extract/2GW3iCTR.log contains double '/'. This is likely unintended. It can also lead to inconsistent results of the file-matching approach used by Snakemake.
File path /home/cachris/geneva/hypoxia//logsUMI_extract/2PFYiCTR.log contains double '/'. This is likely unintended. It can also lead to inconsistent results of the file-matching approach used by Snakemake.
File path /home/cachris/geneva/hypoxia//logsUMI_extract/6GNGiCTR.log contains double '/'. This is likely unintended. It can also lead to inconsistent results of the file-matching approach used by Snakemake.
File path /home/cachris/geneva/hypoxia//logsUMI_extract/5JAZiALS.log contains double '/'. This is likely unintended. It can also lead to inconsistent results of the file-matching approach used by Snakemake.
File path /home/cachris/geneva/hypoxia//logsUMI_extract/2WW0iALS.log contains double '/'. This is likely unintended. It can also lead to inconsistent results of the file-matching approach used by Snakemake.
File path /home/cachris/geneva/hypoxia//logsUMI_extract/0YJYiALS.log contains double '/'. This is likely unintended. It can also lead to inconsistent results of the file-matching approach used by Snakemake.
File path /home/cachris/geneva/hypoxia//logsUMI_extract/2NDDiALS.log contains double '/'. This is likely unintended. It can also lead to inconsistent results of the file-matching approach used by Snakemake.
File path /home/cachris/geneva/hypoxia//logsUMI_extract/0WD8iALS.log contains double '/'. This is likely unintended. It can also lead to inconsistent results of the file-matching approach used by Snakemake.
File path /home/cachris/geneva/hypoxia//logsUMI_extract/0JCLiALS.log contains double '/'. This is likely unintended. It can also lead to inconsistent results of the file-matching approach used by Snakemake.
File path /home/cachris/geneva/hypoxia//logsUMI_extract/AG0017.log contains double '/'. This is likely unintended. It can also lead to inconsistent results of the file-matching approach used by Snakemake.
File path /home/cachris/geneva/hypoxia//logsUMI_extract/50000.log contains double '/'. This is likely unintended. It can also lead to inconsistent results of the file-matching approach used by Snakemake.
File path /home/cachris/geneva/hypoxia//logsUMI_extract/35658.log contains double '/'. This is likely unintended. It can also lead to inconsistent results of the file-matching approach used by Snakemake.
File path /home/cachris/geneva/hypoxia//logsUMI_extract/29iALS.log contains double '/'. This is likely unintended. It can also lead to inconsistent results of the file-matching approach used by Snakemake.
File path /home/cachris/geneva/hypoxia//logsUMI_extract/12240.log contains double '/'. This is likely unintended. It can also lead to inconsistent results of the file-matching approach used by Snakemake.
File path /home/cachris/geneva/hypoxia//logsUMI_extract/39B.log contains double '/'. This is likely unintended. It can also lead to inconsistent results of the file-matching approach used by Snakemake.
File path /home/cachris/geneva/hypoxia//logsUMI_extract/3XLKiALS.log contains double '/'. This is likely unintended. It can also lead to inconsistent results of the file-matching approach used by Snakemake.
File path /home/cachris/geneva/hypoxia//logsUMI_extract/184.log contains double '/'. This is likely unintended. It can also lead to inconsistent results of the file-matching approach used by Snakemake.
File path /home/cachris/geneva/hypoxia//logsUMI_extract/6769.log contains double '/'. This is likely unintended. It can also lead to inconsistent results of the file-matching approach used by Snakemake.
File path /home/cachris/geneva/hypoxia//logsUMI_extract/6769_c1.log contains double '/'. This is likely unintended. It can also lead to inconsistent results of the file-matching approach used by Snakemake.
File path /home/cachris/geneva/hypoxia//logsUMI_extract/3719.log contains double '/'. This is likely unintended. It can also lead to inconsistent results of the file-matching approach used by Snakemake.
File path /home/cachris/geneva/hypoxia//logsUMI_extract/10739.log contains double '/'. This is likely unintended. It can also lead to inconsistent results of the file-matching approach used by Snakemake.
File path /home/cachris/geneva/hypoxia//logsUMI_extract/10689.log contains double '/'. This is likely unintended. It can also lead to inconsistent results of the file-matching approach used by Snakemake.
File path /home/cachris/geneva/hypoxia//logsUMI_extract/13454.log contains double '/'. This is likely unintended. It can also lead to inconsistent results of the file-matching approach used by Snakemake.
File path /home/cachris/geneva/hypoxia//logsUMI_extract/No4.log contains double '/'. This is likely unintended. It can also lead to inconsistent results of the file-matching approach used by Snakemake.
File path /home/cachris/geneva/hypoxia//logsUMI_extract/SOD139B_1.log contains double '/'. This is likely unintended. It can also lead to inconsistent results of the file-matching approach used by Snakemake.
File path /home/cachris/geneva/hypoxia//logsUMI_extract/29iALS_ISO.log contains double '/'. This is likely unintended. It can also lead to inconsistent results of the file-matching approach used by Snakemake.
File path /home/cachris/geneva/hypoxia//logsUMI_extract/2CLNiALS.log contains double '/'. This is likely unintended. It can also lead to inconsistent results of the file-matching approach used by Snakemake.
File path /home/cachris/geneva/hypoxia//logsUMI_extract/2DDGiALS.log contains double '/'. This is likely unintended. It can also lead to inconsistent results of the file-matching approach used by Snakemake.
File path /home/cachris/geneva/hypoxia//logsUMI_extract/ES.log contains double '/'. This is likely unintended. It can also lead to inconsistent results of the file-matching approach used by Snakemake.
File path /home/cachris/geneva/hypoxia//logsUMI_extract/1B06.log contains double '/'. This is likely unintended. It can also lead to inconsistent results of the file-matching approach used by Snakemake.
File path /home/cachris/geneva/hypoxia//logsUMI_extract/6GHCiALS.log contains double '/'. This is likely unintended. It can also lead to inconsistent results of the file-matching approach used by Snakemake.
File path /home/cachris/geneva/hypoxia//logsUMI_extract/SOD139B_2.log contains double '/'. This is likely unintended. It can also lead to inconsistent results of the file-matching approach used by Snakemake.
File path /home/cachris/geneva/hypoxia//logsUMI_extract/5FFPiALS.log contains double '/'. This is likely unintended. It can also lead to inconsistent results of the file-matching approach used by Snakemake.
File path /home/cachris/geneva/hypoxia//logsUMI_extract/No3.log contains double '/'. This is likely unintended. It can also lead to inconsistent results of the file-matching approach used by Snakemake.
File path /home/cachris/geneva/hypoxia//logsUMI_extract/12099.log contains double '/'. This is likely unintended. It can also lead to inconsistent results of the file-matching approach used by Snakemake.
File path /home/cachris/geneva/hypoxia//logsUMI_extract/5280.log contains double '/'. This is likely unintended. It can also lead to inconsistent results of the file-matching approach used by Snakemake.
File path /home/cachris/geneva/hypoxia//logsUMI_extract/3231.log contains double '/'. This is likely unintended. It can also lead to inconsistent results of the file-matching approach used by Snakemake.
File path /home/cachris/geneva/hypoxia//logsUMI_extract/50007.log contains double '/'. This is likely unintended. It can also lead to inconsistent results of the file-matching approach used by Snakemake.
File path /home/cachris/geneva/hypoxia//logsUMI_extract/OKVBiALS.log contains double '/'. This is likely unintended. It can also lead to inconsistent results of the file-matching approach used by Snakemake.
File path /home/cachris/geneva/hypoxia//logsUMI_extract/2B09.log contains double '/'. This is likely unintended. It can also lead to inconsistent results of the file-matching approach used by Snakemake.
File path /home/cachris/geneva/hypoxia//logsUMI_extract/39B_Corr.log contains double '/'. This is likely unintended. It can also lead to inconsistent results of the file-matching approach used by Snakemake.
File path /home/cachris/geneva/hypoxia//logsUMI_extract/CS5HF7iALS.log contains double '/'. This is likely unintended. It can also lead to inconsistent results of the file-matching approach used by Snakemake.
File path /home/cachris/geneva/hypoxia//logsUMI_extract/CS2YNLiALS.log contains double '/'. This is likely unintended. It can also lead to inconsistent results of the file-matching approach used by Snakemake.
File path /home/cachris/geneva/hypoxia//logsUMI_extract/5GR5iALS.log contains double '/'. This is likely unintended. It can also lead to inconsistent results of the file-matching approach used by Snakemake.
File path /home/cachris/geneva/hypoxia//logsUMI_extract/1RUG.log contains double '/'. This is likely unintended. It can also lead to inconsistent results of the file-matching approach used by Snakemake.
File path /home/cachris/geneva/hypoxia//logsUMI_extract/12100.log contains double '/'. This is likely unintended. It can also lead to inconsistent results of the file-matching approach used by Snakemake.
File path /home/cachris/geneva/hypoxia//logsUMI_extract/AH9iALS.log contains double '/'. This is likely unintended. It can also lead to inconsistent results of the file-matching approach used by Snakemake.
File path /home/cachris/geneva/hypoxia//logsUMI_extract/11813_fibs.log contains double '/'. This is likely unintended. It can also lead to inconsistent results of the file-matching approach used by Snakemake.
File path /home/cachris/geneva/hypoxia//logsUMI_extract/10739_fibs.log contains double '/'. This is likely unintended. It can also lead to inconsistent results of the file-matching approach used by Snakemake.
File path /home/cachris/geneva/hypoxia//logsUMI_extract/9292_fibs.log contains double '/'. This is likely unintended. It can also lead to inconsistent results of the file-matching approach used by Snakemake.
File path /home/cachris/geneva/hypoxia//logsUMI_extract/13454_fibs.log contains double '/'. This is likely unintended. It can also lead to inconsistent results of the file-matching approach used by Snakemake.
File path /home/cachris/geneva/hypoxia//logsUMI_extract/CS0KHAiALS.log contains double '/'. This is likely unintended. It can also lead to inconsistent results of the file-matching approach used by Snakemake.
File path /home/cachris/geneva/hypoxia//logsUMI_extract/9711.log contains double '/'. This is likely unintended. It can also lead to inconsistent results of the file-matching approach used by Snakemake.
File path /home/cachris/geneva/hypoxia//logsUMI_extract/14185.log contains double '/'. This is likely unintended. It can also lead to inconsistent results of the file-matching approach used by Snakemake.
File path /home/cachris/geneva/hypoxia//logsUMI_extract/ND35663.log contains double '/'. This is likely unintended. It can also lead to inconsistent results of the file-matching approach used by Snakemake.
File path /home/cachris/geneva/hypoxia//logsUMI_extract/CS0KBHiALS.log contains double '/'. This is likely unintended. It can also lead to inconsistent results of the file-matching approach used by Snakemake.
File path /home/cachris/geneva/hypoxia//logsUMI_extract/ND09329.log contains double '/'. This is likely unintended. It can also lead to inconsistent results of the file-matching approach used by Snakemake.
File path /home/cachris/geneva/hypoxia//logsUMI_extract/ND50082.log contains double '/'. This is likely unintended. It can also lead to inconsistent results of the file-matching approach used by Snakemake.
File path /home/cachris/geneva/hypoxia//logsUMI_extract/Panc0504.log contains double '/'. This is likely unintended. It can also lead to inconsistent results of the file-matching approach used by Snakemake.
File path /home/cachris/geneva/hypoxia//logsUMI_extract/Panc1005.log contains double '/'. This is likely unintended. It can also lead to inconsistent results of the file-matching approach used by Snakemake.
File path /home/cachris/geneva/hypoxia//logsUMI_extract/SU8686.log contains double '/'. This is likely unintended. It can also lead to inconsistent results of the file-matching approach used by Snakemake.
File path /home/cachris/geneva/hypoxia//logsUMI_extract/HPAC.log contains double '/'. This is likely unintended. It can also lead to inconsistent results of the file-matching approach used by Snakemake.
File path /home/cachris/geneva/hypoxia//logsUMI_extract/HPAFII.log contains double '/'. This is likely unintended. It can also lead to inconsistent results of the file-matching approach used by Snakemake.
File path /home/cachris/geneva/hypoxia//logsUMI_extract/SW1990.log contains double '/'. This is likely unintended. It can also lead to inconsistent results of the file-matching approach used by Snakemake.
File path /home/cachris/geneva/hypoxia//logsUMI_extract/Panc0203.log contains double '/'. This is likely unintended. It can also lead to inconsistent results of the file-matching approach used by Snakemake.
File path /home/cachris/geneva/hypoxia//logsUMI_extract/Capan2.log contains double '/'. This is likely unintended. It can also lead to inconsistent results of the file-matching approach used by Snakemake.
File path /home/cachris/geneva/hypoxia//logsUMI_extract/AGS.log contains double '/'. This is likely unintended. It can also lead to inconsistent results of the file-matching approach used by Snakemake.
File path /home/cachris/geneva/hypoxia//logsUMI_extract/AsPC1.log contains double '/'. This is likely unintended. It can also lead to inconsistent results of the file-matching approach used by Snakemake.
File path /home/cachris/geneva/hypoxia//logsUMI_extract/ND08957.log contains double '/'. This is likely unintended. It can also lead to inconsistent results of the file-matching approach used by Snakemake.
File path /home/cachris/geneva/hypoxia//logsUMI_extract/ND08075.log contains double '/'. This is likely unintended. It can also lead to inconsistent results of the file-matching approach used by Snakemake.
File path /home/cachris/geneva/hypoxia//logsUMI_extract/A375.log contains double '/'. This is likely unintended. It can also lead to inconsistent results of the file-matching approach used by Snakemake.
File path /home/cachris/geneva/hypoxia//logsUMI_extract/SH4.log contains double '/'. This is likely unintended. It can also lead to inconsistent results of the file-matching approach used by Snakemake.
File path /home/cachris/geneva/hypoxia//logsUMI_extract/Panc1.log contains double '/'. This is likely unintended. It can also lead to inconsistent results of the file-matching approach used by Snakemake.
File path /home/cachris/geneva/hypoxia//logsUMI_extract/BxPC3.log contains double '/'. This is likely unintended. It can also lead to inconsistent results of the file-matching approach used by Snakemake.
File path /home/cachris/geneva/hypoxia//logsUMI_extract/HCT15.log contains double '/'. This is likely unintended. It can also lead to inconsistent results of the file-matching approach used by Snakemake.
File path /home/cachris/geneva/hypoxia//logsUMI_extract/SW620.log contains double '/'. This is likely unintended. It can also lead to inconsistent results of the file-matching approach used by Snakemake.
File path /home/cachris/geneva/hypoxia//logsUMI_extract/SJSA1.log contains double '/'. This is likely unintended. It can also lead to inconsistent results of the file-matching approach used by Snakemake.
File path /home/cachris/geneva/hypoxia//logsUMI_extract/MDA231.log contains double '/'. This is likely unintended. It can also lead to inconsistent results of the file-matching approach used by Snakemake.
File path /home/cachris/geneva/hypoxia//logsUMI_extract/HCC1806.log contains double '/'. This is likely unintended. It can also lead to inconsistent results of the file-matching approach used by Snakemake.
File path /home/cachris/geneva/hypoxia//logsUMI_extract/PC3.log contains double '/'. This is likely unintended. It can also lead to inconsistent results of the file-matching approach used by Snakemake.
File path /home/cachris/geneva/hypoxia//logsUMI_extract/LNCaP.log contains double '/'. This is likely unintended. It can also lead to inconsistent results of the file-matching approach used by Snakemake.
File path /home/cachris/geneva/hypoxia//logsUMI_extract/HepG2.log contains double '/'. This is likely unintended. It can also lead to inconsistent results of the file-matching approach used by Snakemake.
File path /home/cachris/geneva/hypoxia//logsUMI_extract/Hep3b.log contains double '/'. This is likely unintended. It can also lead to inconsistent results of the file-matching approach used by Snakemake.
File path /home/cachris/geneva/hypoxia//logsUMI_extract/786O.log contains double '/'. This is likely unintended. It can also lead to inconsistent results of the file-matching approach used by Snakemake.
File path /home/cachris/geneva/hypoxia//logsUMI_extract/Caki1.log contains double '/'. This is likely unintended. It can also lead to inconsistent results of the file-matching approach used by Snakemake.
File path /home/cachris/geneva/hypoxia//logsUMI_extract/U87.log contains double '/'. This is likely unintended. It can also lead to inconsistent results of the file-matching approach used by Snakemake.
File path /home/cachris/geneva/hypoxia//logsUMI_extract/LN229.log contains double '/'. This is likely unintended. It can also lead to inconsistent results of the file-matching approach used by Snakemake.
File path /home/cachris/geneva/hypoxia//logsUMI_extract/93E.log contains double '/'. This is likely unintended. It can also lead to inconsistent results of the file-matching approach used by Snakemake.
File path /home/cachris/geneva/hypoxia//logsUMI_extract/41865.log contains double '/'. This is likely unintended. It can also lead to inconsistent results of the file-matching approach used by Snakemake.
File path /home/cachris/geneva/hypoxia//logsUMI_extract/50073.log contains double '/'. This is likely unintended. It can also lead to inconsistent results of the file-matching approach used by Snakemake.
File path /home/cachris/geneva/hypoxia//logsUMI_extract/32947_c7.log contains double '/'. This is likely unintended. It can also lead to inconsistent results of the file-matching approach used by Snakemake.
File path /home/cachris/geneva/hypoxia//logsUMI_extract/50004.log contains double '/'. This is likely unintended. It can also lead to inconsistent results of the file-matching approach used by Snakemake.
File path /home/cachris/geneva/hypoxia//logsUMI_extract/5MRLiCTR.log contains double '/'. This is likely unintended. It can also lead to inconsistent results of the file-matching approach used by Snakemake.
File path /home/cachris/geneva/hypoxia//logsUMI_extract/2GW3iCTR.log contains double '/'. This is likely unintended. It can also lead to inconsistent results of the file-matching approach used by Snakemake.
File path /home/cachris/geneva/hypoxia//logsUMI_extract/2PFYiCTR.log contains double '/'. This is likely unintended. It can also lead to inconsistent results of the file-matching approach used by Snakemake.
File path /home/cachris/geneva/hypoxia//logsUMI_extract/6GNGiCTR.log contains double '/'. This is likely unintended. It can also lead to inconsistent results of the file-matching approach used by Snakemake.
File path /home/cachris/geneva/hypoxia//logsUMI_extract/5JAZiALS.log contains double '/'. This is likely unintended. It can also lead to inconsistent results of the file-matching approach used by Snakemake.
File path /home/cachris/geneva/hypoxia//logsUMI_extract/2WW0iALS.log contains double '/'. This is likely unintended. It can also lead to inconsistent results of the file-matching approach used by Snakemake.
File path /home/cachris/geneva/hypoxia//logsUMI_extract/0YJYiALS.log contains double '/'. This is likely unintended. It can also lead to inconsistent results of the file-matching approach used by Snakemake.
File path /home/cachris/geneva/hypoxia//logsUMI_extract/2NDDiALS.log contains double '/'. This is likely unintended. It can also lead to inconsistent results of the file-matching approach used by Snakemake.
File path /home/cachris/geneva/hypoxia//logsUMI_extract/0WD8iALS.log contains double '/'. This is likely unintended. It can also lead to inconsistent results of the file-matching approach used by Snakemake.
File path /home/cachris/geneva/hypoxia//logsUMI_extract/0JCLiALS.log contains double '/'. This is likely unintended. It can also lead to inconsistent results of the file-matching approach used by Snakemake.
File path /home/cachris/geneva/hypoxia//logsUMI_extract/AG0017.log contains double '/'. This is likely unintended. It can also lead to inconsistent results of the file-matching approach used by Snakemake.
File path /home/cachris/geneva/hypoxia//logsUMI_extract/50000.log contains double '/'. This is likely unintended. It can also lead to inconsistent results of the file-matching approach used by Snakemake.
File path /home/cachris/geneva/hypoxia//logsUMI_extract/35658.log contains double '/'. This is likely unintended. It can also lead to inconsistent results of the file-matching approach used by Snakemake.
File path /home/cachris/geneva/hypoxia//logsUMI_extract/29iALS.log contains double '/'. This is likely unintended. It can also lead to inconsistent results of the file-matching approach used by Snakemake.
File path /home/cachris/geneva/hypoxia//logsUMI_extract/12240.log contains double '/'. This is likely unintended. It can also lead to inconsistent results of the file-matching approach used by Snakemake.
File path /home/cachris/geneva/hypoxia//logsUMI_extract/39B.log contains double '/'. This is likely unintended. It can also lead to inconsistent results of the file-matching approach used by Snakemake.
File path /home/cachris/geneva/hypoxia//logsUMI_extract/3XLKiALS.log contains double '/'. This is likely unintended. It can also lead to inconsistent results of the file-matching approach used by Snakemake.
File path /home/cachris/geneva/hypoxia//logsUMI_extract/184.log contains double '/'. This is likely unintended. It can also lead to inconsistent results of the file-matching approach used by Snakemake.
File path /home/cachris/geneva/hypoxia//logsUMI_extract/6769.log contains double '/'. This is likely unintended. It can also lead to inconsistent results of the file-matching approach used by Snakemake.
File path /home/cachris/geneva/hypoxia//logsUMI_extract/6769_c1.log contains double '/'. This is likely unintended. It can also lead to inconsistent results of the file-matching approach used by Snakemake.
File path /home/cachris/geneva/hypoxia//logsUMI_extract/3719.log contains double '/'. This is likely unintended. It can also lead to inconsistent results of the file-matching approach used by Snakemake.
File path /home/cachris/geneva/hypoxia//logsUMI_extract/10739.log contains double '/'. This is likely unintended. It can also lead to inconsistent results of the file-matching approach used by Snakemake.
File path /home/cachris/geneva/hypoxia//logsUMI_extract/10689.log contains double '/'. This is likely unintended. It can also lead to inconsistent results of the file-matching approach used by Snakemake.
File path /home/cachris/geneva/hypoxia//logsUMI_extract/13454.log contains double '/'. This is likely unintended. It can also lead to inconsistent results of the file-matching approach used by Snakemake.
File path /home/cachris/geneva/hypoxia//logsUMI_extract/No4.log contains double '/'. This is likely unintended. It can also lead to inconsistent results of the file-matching approach used by Snakemake.
File path /home/cachris/geneva/hypoxia//logsUMI_extract/SOD139B_1.log contains double '/'. This is likely unintended. It can also lead to inconsistent results of the file-matching approach used by Snakemake.
File path /home/cachris/geneva/hypoxia//logsUMI_extract/29iALS_ISO.log contains double '/'. This is likely unintended. It can also lead to inconsistent results of the file-matching approach used by Snakemake.
File path /home/cachris/geneva/hypoxia//logsUMI_extract/2CLNiALS.log contains double '/'. This is likely unintended. It can also lead to inconsistent results of the file-matching approach used by Snakemake.
File path /home/cachris/geneva/hypoxia//logsUMI_extract/2DDGiALS.log contains double '/'. This is likely unintended. It can also lead to inconsistent results of the file-matching approach used by Snakemake.
File path /home/cachris/geneva/hypoxia//logsUMI_extract/ES.log contains double '/'. This is likely unintended. It can also lead to inconsistent results of the file-matching approach used by Snakemake.
File path /home/cachris/geneva/hypoxia//logsUMI_extract/1B06.log contains double '/'. This is likely unintended. It can also lead to inconsistent results of the file-matching approach used by Snakemake.
File path /home/cachris/geneva/hypoxia//logsUMI_extract/6GHCiALS.log contains double '/'. This is likely unintended. It can also lead to inconsistent results of the file-matching approach used by Snakemake.
File path /home/cachris/geneva/hypoxia//logsUMI_extract/SOD139B_2.log contains double '/'. This is likely unintended. It can also lead to inconsistent results of the file-matching approach used by Snakemake.
File path /home/cachris/geneva/hypoxia//logsUMI_extract/5FFPiALS.log contains double '/'. This is likely unintended. It can also lead to inconsistent results of the file-matching approach used by Snakemake.
File path /home/cachris/geneva/hypoxia//logsUMI_extract/No3.log contains double '/'. This is likely unintended. It can also lead to inconsistent results of the file-matching approach used by Snakemake.
File path /home/cachris/geneva/hypoxia//logsUMI_extract/12099.log contains double '/'. This is likely unintended. It can also lead to inconsistent results of the file-matching approach used by Snakemake.
File path /home/cachris/geneva/hypoxia//logsUMI_extract/5280.log contains double '/'. This is likely unintended. It can also lead to inconsistent results of the file-matching approach used by Snakemake.
File path /home/cachris/geneva/hypoxia//logsUMI_extract/3231.log contains double '/'. This is likely unintended. It can also lead to inconsistent results of the file-matching approach used by Snakemake.
File path /home/cachris/geneva/hypoxia//logsUMI_extract/50007.log contains double '/'. This is likely unintended. It can also lead to inconsistent results of the file-matching approach used by Snakemake.
File path /home/cachris/geneva/hypoxia//logsUMI_extract/OKVBiALS.log contains double '/'. This is likely unintended. It can also lead to inconsistent results of the file-matching approach used by Snakemake.
File path /home/cachris/geneva/hypoxia//logsUMI_extract/2B09.log contains double '/'. This is likely unintended. It can also lead to inconsistent results of the file-matching approach used by Snakemake.
File path /home/cachris/geneva/hypoxia//logsUMI_extract/39B_Corr.log contains double '/'. This is likely unintended. It can also lead to inconsistent results of the file-matching approach used by Snakemake.
File path /home/cachris/geneva/hypoxia//logsUMI_extract/CS5HF7iALS.log contains double '/'. This is likely unintended. It can also lead to inconsistent results of the file-matching approach used by Snakemake.
File path /home/cachris/geneva/hypoxia//logsUMI_extract/CS2YNLiALS.log contains double '/'. This is likely unintended. It can also lead to inconsistent results of the file-matching approach used by Snakemake.
File path /home/cachris/geneva/hypoxia//logsUMI_extract/5GR5iALS.log contains double '/'. This is likely unintended. It can also lead to inconsistent results of the file-matching approach used by Snakemake.
File path /home/cachris/geneva/hypoxia//logsUMI_extract/1RUG.log contains double '/'. This is likely unintended. It can also lead to inconsistent results of the file-matching approach used by Snakemake.
File path /home/cachris/geneva/hypoxia//logsUMI_extract/12100.log contains double '/'. This is likely unintended. It can also lead to inconsistent results of the file-matching approach used by Snakemake.
File path /home/cachris/geneva/hypoxia//logsUMI_extract/AH9iALS.log contains double '/'. This is likely unintended. It can also lead to inconsistent results of the file-matching approach used by Snakemake.
File path /home/cachris/geneva/hypoxia//logsUMI_extract/11813_fibs.log contains double '/'. This is likely unintended. It can also lead to inconsistent results of the file-matching approach used by Snakemake.
File path /home/cachris/geneva/hypoxia//logsUMI_extract/10739_fibs.log contains double '/'. This is likely unintended. It can also lead to inconsistent results of the file-matching approach used by Snakemake.
File path /home/cachris/geneva/hypoxia//logsUMI_extract/9292_fibs.log contains double '/'. This is likely unintended. It can also lead to inconsistent results of the file-matching approach used by Snakemake.
File path /home/cachris/geneva/hypoxia//logsUMI_extract/13454_fibs.log contains double '/'. This is likely unintended. It can also lead to inconsistent results of the file-matching approach used by Snakemake.
File path /home/cachris/geneva/hypoxia//logsUMI_extract/CS0KHAiALS.log contains double '/'. This is likely unintended. It can also lead to inconsistent results of the file-matching approach used by Snakemake.
File path /home/cachris/geneva/hypoxia//logsUMI_extract/9711.log contains double '/'. This is likely unintended. It can also lead to inconsistent results of the file-matching approach used by Snakemake.
File path /home/cachris/geneva/hypoxia//logsUMI_extract/14185.log contains double '/'. This is likely unintended. It can also lead to inconsistent results of the file-matching approach used by Snakemake.
File path /home/cachris/geneva/hypoxia//logsUMI_extract/ND35663.log contains double '/'. This is likely unintended. It can also lead to inconsistent results of the file-matching approach used by Snakemake.
File path /home/cachris/geneva/hypoxia//logsUMI_extract/CS0KBHiALS.log contains double '/'. This is likely unintended. It can also lead to inconsistent results of the file-matching approach used by Snakemake.
File path /home/cachris/geneva/hypoxia//logsUMI_extract/ND09329.log contains double '/'. This is likely unintended. It can also lead to inconsistent results of the file-matching approach used by Snakemake.
File path /home/cachris/geneva/hypoxia//logsUMI_extract/ND50082.log contains double '/'. This is likely unintended. It can also lead to inconsistent results of the file-matching approach used by Snakemake.
File path /home/cachris/geneva/hypoxia//logsUMI_extract/Panc0504.log contains double '/'. This is likely unintended. It can also lead to inconsistent results of the file-matching approach used by Snakemake.
File path /home/cachris/geneva/hypoxia//logsUMI_extract/Panc1005.log contains double '/'. This is likely unintended. It can also lead to inconsistent results of the file-matching approach used by Snakemake.
File path /home/cachris/geneva/hypoxia//logsUMI_extract/SU8686.log contains double '/'. This is likely unintended. It can also lead to inconsistent results of the file-matching approach used by Snakemake.
File path /home/cachris/geneva/hypoxia//logsUMI_extract/HPAC.log contains double '/'. This is likely unintended. It can also lead to inconsistent results of the file-matching approach used by Snakemake.
File path /home/cachris/geneva/hypoxia//logsUMI_extract/HPAFII.log contains double '/'. This is likely unintended. It can also lead to inconsistent results of the file-matching approach used by Snakemake.
File path /home/cachris/geneva/hypoxia//logsUMI_extract/SW1990.log contains double '/'. This is likely unintended. It can also lead to inconsistent results of the file-matching approach used by Snakemake.
File path /home/cachris/geneva/hypoxia//logsUMI_extract/Panc0203.log contains double '/'. This is likely unintended. It can also lead to inconsistent results of the file-matching approach used by Snakemake.
File path /home/cachris/geneva/hypoxia//logsUMI_extract/Capan2.log contains double '/'. This is likely unintended. It can also lead to inconsistent results of the file-matching approach used by Snakemake.
File path /home/cachris/geneva/hypoxia//logsUMI_extract/AGS.log contains double '/'. This is likely unintended. It can also lead to inconsistent results of the file-matching approach used by Snakemake.
File path /home/cachris/geneva/hypoxia//logsUMI_extract/AsPC1.log contains double '/'. This is likely unintended. It can also lead to inconsistent results of the file-matching approach used by Snakemake.
File path /home/cachris/geneva/hypoxia//logsUMI_extract/ND08957.log contains double '/'. This is likely unintended. It can also lead to inconsistent results of the file-matching approach used by Snakemake.
File path /home/cachris/geneva/hypoxia//logsUMI_extract/ND08075.log contains double '/'. This is likely unintended. It can also lead to inconsistent results of the file-matching approach used by Snakemake.
Using shell: /usr/bin/bash
Provided cores: 2
Rules claiming more threads will be scaled down.
Conda environments: ignored
Job stats:
job          count
---------  -------
all              1
merge_vcf        1
total            2

Select jobs to execute...

[Wed Aug 30 11:04:18 2023]
rule merge_vcf:
    input: /home/cachris/geneva/hypoxia/vcfs/A375.vcf.gz, /home/cachris/geneva/hypoxia/vcfs/SH4.vcf.gz, /home/cachris/geneva/hypoxia/vcfs/Panc1.vcf.gz, /home/cachris/geneva/hypoxia/vcfs/BxPC3.vcf.gz, /home/cachris/geneva/hypoxia/vcfs/HCT15.vcf.gz, /home/cachris/geneva/hypoxia/vcfs/SW620.vcf.gz, /home/cachris/geneva/hypoxia/vcfs/SJSA1.vcf.gz, /home/cachris/geneva/hypoxia/vcfs/143B.vcf.gz, /home/cachris/geneva/hypoxia/vcfs/MDA231.vcf.gz, /home/cachris/geneva/hypoxia/vcfs/HCC1806.vcf.gz, /home/cachris/geneva/hypoxia/vcfs/PC3.vcf.gz, /home/cachris/geneva/hypoxia/vcfs/LNCaP.vcf.gz, /home/cachris/geneva/hypoxia/vcfs/H441.vcf.gz, /home/cachris/geneva/hypoxia/vcfs/H358.vcf.gz, /home/cachris/geneva/hypoxia/vcfs/HepG2.vcf.gz, /home/cachris/geneva/hypoxia/vcfs/Hep3b.vcf.gz, /home/cachris/geneva/hypoxia/vcfs/786O.vcf.gz, /home/cachris/geneva/hypoxia/vcfs/Caki1.vcf.gz, /home/cachris/geneva/hypoxia/vcfs/U87.vcf.gz, /home/cachris/geneva/hypoxia/vcfs/LN229.vcf.gz, /home/cachris/geneva/hypoxia/vcfs/A375.vcf.gz.csi, /home/cachris/geneva/hypoxia/vcfs/SH4.vcf.gz.csi, /home/cachris/geneva/hypoxia/vcfs/Panc1.vcf.gz.csi, /home/cachris/geneva/hypoxia/vcfs/BxPC3.vcf.gz.csi, /home/cachris/geneva/hypoxia/vcfs/HCT15.vcf.gz.csi, /home/cachris/geneva/hypoxia/vcfs/SW620.vcf.gz.csi, /home/cachris/geneva/hypoxia/vcfs/SJSA1.vcf.gz.csi, /home/cachris/geneva/hypoxia/vcfs/143B.vcf.gz.csi, /home/cachris/geneva/hypoxia/vcfs/MDA231.vcf.gz.csi, /home/cachris/geneva/hypoxia/vcfs/HCC1806.vcf.gz.csi, /home/cachris/geneva/hypoxia/vcfs/PC3.vcf.gz.csi, /home/cachris/geneva/hypoxia/vcfs/LNCaP.vcf.gz.csi, /home/cachris/geneva/hypoxia/vcfs/H441.vcf.gz.csi, /home/cachris/geneva/hypoxia/vcfs/H358.vcf.gz.csi, /home/cachris/geneva/hypoxia/vcfs/HepG2.vcf.gz.csi, /home/cachris/geneva/hypoxia/vcfs/Hep3b.vcf.gz.csi, /home/cachris/geneva/hypoxia/vcfs/786O.vcf.gz.csi, /home/cachris/geneva/hypoxia/vcfs/Caki1.vcf.gz.csi, /home/cachris/geneva/hypoxia/vcfs/U87.vcf.gz.csi, /home/cachris/geneva/hypoxia/vcfs/LN229.vcf.gz.csi
    output: /home/cachris/geneva/hypoxia/merged_vcf2.vcf.gz
    jobid: 1
    reason: Missing output files: /home/cachris/geneva/hypoxia/merged_vcf2.vcf.gz
    threads: 2
    resources: tmpdir=/tmp

[Wed Aug 30 11:04:21 2023]
Finished job 1.
1 of 2 steps (50%) done
Select jobs to execute...

[Wed Aug 30 11:04:21 2023]
localrule all:
    input: /home/cachris/geneva/hypoxia/merged_vcf2.vcf.gz, /home/cachris/geneva/hypoxia/vcfs/93E.vcf.gz, /home/cachris/geneva/hypoxia/vcfs/41865.vcf.gz, /home/cachris/geneva/hypoxia/vcfs/50073.vcf.gz, /home/cachris/geneva/hypoxia/vcfs/32947_c7.vcf.gz, /home/cachris/geneva/hypoxia/vcfs/50004.vcf.gz, /home/cachris/geneva/hypoxia/vcfs/5MRLiCTR.vcf.gz, /home/cachris/geneva/hypoxia/vcfs/2GW3iCTR.vcf.gz, /home/cachris/geneva/hypoxia/vcfs/2PFYiCTR.vcf.gz, /home/cachris/geneva/hypoxia/vcfs/6GNGiCTR.vcf.gz, /home/cachris/geneva/hypoxia/vcfs/5JAZiALS.vcf.gz, /home/cachris/geneva/hypoxia/vcfs/2WW0iALS.vcf.gz, /home/cachris/geneva/hypoxia/vcfs/0YJYiALS.vcf.gz, /home/cachris/geneva/hypoxia/vcfs/2NDDiALS.vcf.gz, /home/cachris/geneva/hypoxia/vcfs/0WD8iALS.vcf.gz, /home/cachris/geneva/hypoxia/vcfs/0JCLiALS.vcf.gz, /home/cachris/geneva/hypoxia/vcfs/AG0017.vcf.gz, /home/cachris/geneva/hypoxia/vcfs/50000.vcf.gz, /home/cachris/geneva/hypoxia/vcfs/35658.vcf.gz, /home/cachris/geneva/hypoxia/vcfs/29iALS.vcf.gz, /home/cachris/geneva/hypoxia/vcfs/12240.vcf.gz, /home/cachris/geneva/hypoxia/vcfs/39B.vcf.gz, /home/cachris/geneva/hypoxia/vcfs/3XLKiALS.vcf.gz, /home/cachris/geneva/hypoxia/vcfs/184.vcf.gz, /home/cachris/geneva/hypoxia/vcfs/6769.vcf.gz, /home/cachris/geneva/hypoxia/vcfs/6769_c1.vcf.gz, /home/cachris/geneva/hypoxia/vcfs/3719.vcf.gz, /home/cachris/geneva/hypoxia/vcfs/10739.vcf.gz, /home/cachris/geneva/hypoxia/vcfs/10689.vcf.gz, /home/cachris/geneva/hypoxia/vcfs/13454.vcf.gz, /home/cachris/geneva/hypoxia/vcfs/No4.vcf.gz, /home/cachris/geneva/hypoxia/vcfs/SOD139B_1.vcf.gz, /home/cachris/geneva/hypoxia/vcfs/29iALS_ISO.vcf.gz, /home/cachris/geneva/hypoxia/vcfs/2CLNiALS.vcf.gz, /home/cachris/geneva/hypoxia/vcfs/2DDGiALS.vcf.gz, /home/cachris/geneva/hypoxia/vcfs/ES.vcf.gz, /home/cachris/geneva/hypoxia/vcfs/1B06.vcf.gz, /home/cachris/geneva/hypoxia/vcfs/6GHCiALS.vcf.gz, /home/cachris/geneva/hypoxia/vcfs/SOD139B_2.vcf.gz, /home/cachris/geneva/hypoxia/vcfs/5FFPiALS.vcf.gz, /home/cachris/geneva/hypoxia/vcfs/No3.vcf.gz, /home/cachris/geneva/hypoxia/vcfs/12099.vcf.gz, /home/cachris/geneva/hypoxia/vcfs/5280.vcf.gz, /home/cachris/geneva/hypoxia/vcfs/3231.vcf.gz, /home/cachris/geneva/hypoxia/vcfs/50007.vcf.gz, /home/cachris/geneva/hypoxia/vcfs/OKVBiALS.vcf.gz, /home/cachris/geneva/hypoxia/vcfs/2B09.vcf.gz, /home/cachris/geneva/hypoxia/vcfs/39B_Corr.vcf.gz, /home/cachris/geneva/hypoxia/vcfs/CS5HF7iALS.vcf.gz, /home/cachris/geneva/hypoxia/vcfs/CS2YNLiALS.vcf.gz, /home/cachris/geneva/hypoxia/vcfs/5GR5iALS.vcf.gz, /home/cachris/geneva/hypoxia/vcfs/1RUG.vcf.gz, /home/cachris/geneva/hypoxia/vcfs/12100.vcf.gz, /home/cachris/geneva/hypoxia/vcfs/AH9iALS.vcf.gz, /home/cachris/geneva/hypoxia/vcfs/11813_fibs.vcf.gz, /home/cachris/geneva/hypoxia/vcfs/10739_fibs.vcf.gz, /home/cachris/geneva/hypoxia/vcfs/9292_fibs.vcf.gz, /home/cachris/geneva/hypoxia/vcfs/13454_fibs.vcf.gz, /home/cachris/geneva/hypoxia/vcfs/CS0KHAiALS.vcf.gz, /home/cachris/geneva/hypoxia/vcfs/9711.vcf.gz, /home/cachris/geneva/hypoxia/vcfs/14185.vcf.gz, /home/cachris/geneva/hypoxia/vcfs/ND35663.vcf.gz, /home/cachris/geneva/hypoxia/vcfs/CS0KBHiALS.vcf.gz, /home/cachris/geneva/hypoxia/vcfs/ND09329.vcf.gz, /home/cachris/geneva/hypoxia/vcfs/ND50082.vcf.gz, /home/cachris/geneva/hypoxia/vcfs/BxPC3.vcf.gz, /home/cachris/geneva/hypoxia/vcfs/SH4.vcf.gz, /home/cachris/geneva/hypoxia/vcfs/LNCaP.vcf.gz, /home/cachris/geneva/hypoxia/vcfs/U87.vcf.gz, /home/cachris/geneva/hypoxia/vcfs/786O.vcf.gz, /home/cachris/geneva/hypoxia/vcfs/A375.vcf.gz, /home/cachris/geneva/hypoxia/vcfs/Panc0504.vcf.gz, /home/cachris/geneva/hypoxia/vcfs/Panc1005.vcf.gz, /home/cachris/geneva/hypoxia/vcfs/HCC1806.vcf.gz, /home/cachris/geneva/hypoxia/vcfs/SU8686.vcf.gz, /home/cachris/geneva/hypoxia/vcfs/HCT15.vcf.gz, /home/cachris/geneva/hypoxia/vcfs/HPAC.vcf.gz, /home/cachris/geneva/hypoxia/vcfs/HepG2.vcf.gz, /home/cachris/geneva/hypoxia/vcfs/HPAFII.vcf.gz, /home/cachris/geneva/hypoxia/vcfs/SW1990.vcf.gz, /home/cachris/geneva/hypoxia/vcfs/MDA231.vcf.gz, /home/cachris/geneva/hypoxia/vcfs/PC3.vcf.gz, /home/cachris/geneva/hypoxia/vcfs/SJSA1.vcf.gz, /home/cachris/geneva/hypoxia/vcfs/143B.vcf.gz, /home/cachris/geneva/hypoxia/vcfs/LN229.vcf.gz, /home/cachris/geneva/hypoxia/vcfs/Caki1.vcf.gz, /home/cachris/geneva/hypoxia/vcfs/Panc0203.vcf.gz, /home/cachris/geneva/hypoxia/vcfs/Capan2.vcf.gz, /home/cachris/geneva/hypoxia/vcfs/Panc1.vcf.gz, /home/cachris/geneva/hypoxia/vcfs/Hep3b.vcf.gz, /home/cachris/geneva/hypoxia/vcfs/AGS.vcf.gz, /home/cachris/geneva/hypoxia/vcfs/AsPC1.vcf.gz, /home/cachris/geneva/hypoxia/vcfs/SW620.vcf.gz, /home/cachris/geneva/hypoxia/vcfs/ND08957.vcf.gz, /home/cachris/geneva/hypoxia/vcfs/ND08075.vcf.gz
    jobid: 0
    reason: Input files updated by another job: /home/cachris/geneva/hypoxia/merged_vcf2.vcf.gz
    resources: tmpdir=/tmp

[Wed Aug 30 11:04:21 2023]
Finished job 0.
2 of 2 steps (100%) done
Complete log: .snakemake/log/2023-08-30T110417.170480.snakemake.log
