Building DAG of jobs...
Using shell: /usr/bin/bash
Provided cores: 12
Rules claiming more threads will be scaled down.
Job stats:
job         count
--------  -------
all             1
demuxlet        6
total           7

Select jobs to execute...

[Tue Sep 19 14:35:05 2023]
rule demuxlet:
    input: /home/cachris/projects/geneva/hypoxia/cellranger_outputs/8-4/possorted_genome_bam.bam, /home/cachris/projects/geneva/hypoxia/merged_vcf3.vcf.gz
    output: /home/cachris/projects/geneva/hypoxia/demuxlet_out5/8-4/8-4.best
    log: /home/cachris/projects/geneva/hypoxia/logs/demuxlet/8-4.log
    jobid: 8
    reason: Missing output files: /home/cachris/projects/geneva/hypoxia/demuxlet_out5/8-4/8-4.best
    wildcards: sc_samples=8-4
    resources: tmpdir=/tmp

Activating conda environment: demuxlet

[Tue Sep 19 14:35:06 2023]
rule demuxlet:
    input: /home/cachris/projects/geneva/hypoxia/cellranger_outputs/60-4/possorted_genome_bam.bam, /home/cachris/projects/geneva/hypoxia/merged_vcf3.vcf.gz
    output: /home/cachris/projects/geneva/hypoxia/demuxlet_out5/60-4/60-4.best
    log: /home/cachris/projects/geneva/hypoxia/logs/demuxlet/60-4.log
    jobid: 12
    reason: Missing output files: /home/cachris/projects/geneva/hypoxia/demuxlet_out5/60-4/60-4.best
    wildcards: sc_samples=60-4
    resources: tmpdir=/tmp

Activating conda environment: demuxlet

[Tue Sep 19 14:35:06 2023]
rule demuxlet:
    input: /home/cachris/projects/geneva/hypoxia/cellranger_outputs/60-1/possorted_genome_bam.bam, /home/cachris/projects/geneva/hypoxia/merged_vcf3.vcf.gz
    output: /home/cachris/projects/geneva/hypoxia/demuxlet_out5/60-1/60-1.best
    log: /home/cachris/projects/geneva/hypoxia/logs/demuxlet/60-1.log
    jobid: 11
    reason: Missing output files: /home/cachris/projects/geneva/hypoxia/demuxlet_out5/60-1/60-1.best
    wildcards: sc_samples=60-1
    resources: tmpdir=/tmp

Activating conda environment: demuxlet

[Tue Sep 19 14:35:06 2023]
rule demuxlet:
    input: /home/cachris/projects/geneva/hypoxia/cellranger_outputs/8-3/possorted_genome_bam.bam, /home/cachris/projects/geneva/hypoxia/merged_vcf3.vcf.gz
    output: /home/cachris/projects/geneva/hypoxia/demuxlet_out5/8-3/8-3.best
    log: /home/cachris/projects/geneva/hypoxia/logs/demuxlet/8-3.log
    jobid: 7
    reason: Missing output files: /home/cachris/projects/geneva/hypoxia/demuxlet_out5/8-3/8-3.best
    wildcards: sc_samples=8-3
    resources: tmpdir=/tmp


Activating conda environment: demuxlet
[Tue Sep 19 14:35:06 2023]
rule demuxlet:
    input: /home/cachris/projects/geneva/hypoxia/cellranger_outputs/21-2/possorted_genome_bam.bam, /home/cachris/projects/geneva/hypoxia/merged_vcf3.vcf.gz
    output: /home/cachris/projects/geneva/hypoxia/demuxlet_out5/21-2/21-2.best
    log: /home/cachris/projects/geneva/hypoxia/logs/demuxlet/21-2.log
    jobid: 9
    reason: Missing output files: /home/cachris/projects/geneva/hypoxia/demuxlet_out5/21-2/21-2.best
    wildcards: sc_samples=21-2
    resources: tmpdir=/tmp

Activating conda environment: demuxlet

[Tue Sep 19 14:35:06 2023]
rule demuxlet:
    input: /home/cachris/projects/geneva/hypoxia/cellranger_outputs/21-4/possorted_genome_bam.bam, /home/cachris/projects/geneva/hypoxia/merged_vcf3.vcf.gz
    output: /home/cachris/projects/geneva/hypoxia/demuxlet_out5/21-4/21-4.best
    log: /home/cachris/projects/geneva/hypoxia/logs/demuxlet/21-4.log
    jobid: 10
    reason: Missing output files: /home/cachris/projects/geneva/hypoxia/demuxlet_out5/21-4/21-4.best
    wildcards: sc_samples=21-4
    resources: tmpdir=/tmp

Activating conda environment: demuxlet
Terminating processes on user request, this might take some time.
[Tue Sep 19 14:35:09 2023]
Error in rule demuxlet:
    jobid: 11
    input: /home/cachris/projects/geneva/hypoxia/cellranger_outputs/60-1/possorted_genome_bam.bam, /home/cachris/projects/geneva/hypoxia/merged_vcf3.vcf.gz
    output: /home/cachris/projects/geneva/hypoxia/demuxlet_out5/60-1/60-1.best
    log: /home/cachris/projects/geneva/hypoxia/logs/demuxlet/60-1.log (check log file(s) for error details)
    conda-env: demuxlet
    shell:
        
        demuxlet         --vcf /home/cachris/projects/geneva/hypoxia/merged_vcf3.vcf.gz         --sam /home/cachris/projects/geneva/hypoxia/cellranger_outputs/60-1/possorted_genome_bam.bam         --out 60-1         --tag-UMI UB         --group-list /home/cachris/projects/geneva/hypoxia/analysis/mouse_cell_removal/60-1CellsBySpecies/humancells.txt         --field GT         --alpha 0.0         --geno-error 0.1         --alpha 0.5         > /home/cachris/projects/geneva/hypoxia/logs/demuxlet/60-1.log 2>&1         && mv 60-1* /home/cachris/projects/geneva/hypoxia/demuxlet_out5/60-1/
        
        (one of the commands exited with non-zero exit code; note that snakemake uses bash strict mode!)

[Tue Sep 19 14:35:09 2023]
[Tue Sep 19 14:35:09 2023]
Error in rule demuxlet:
    jobid: 9
    input: /home/cachris/projects/geneva/hypoxia/cellranger_outputs/21-2/possorted_genome_bam.bam, /home/cachris/projects/geneva/hypoxia/merged_vcf3.vcf.gz
    output: /home/cachris/projects/geneva/hypoxia/demuxlet_out5/21-2/21-2.best
    log: /home/cachris/projects/geneva/hypoxia/logs/demuxlet/21-2.log (check log file(s) for error details)
    conda-env: demuxlet
    shell:
        
        demuxlet         --vcf /home/cachris/projects/geneva/hypoxia/merged_vcf3.vcf.gz         --sam /home/cachris/projects/geneva/hypoxia/cellranger_outputs/21-2/possorted_genome_bam.bam         --out 21-2         --tag-UMI UB         --group-list /home/cachris/projects/geneva/hypoxia/analysis/mouse_cell_removal/21-2CellsBySpecies/humancells.txt         --field GT         --alpha 0.0         --geno-error 0.1         --alpha 0.5         > /home/cachris/projects/geneva/hypoxia/logs/demuxlet/21-2.log 2>&1         && mv 21-2* /home/cachris/projects/geneva/hypoxia/demuxlet_out5/21-2/
        
        (one of the commands exited with non-zero exit code; note that snakemake uses bash strict mode!)

Error in rule demuxlet:
    jobid: 8
    input: /home/cachris/projects/geneva/hypoxia/cellranger_outputs/8-4/possorted_genome_bam.bam, /home/cachris/projects/geneva/hypoxia/merged_vcf3.vcf.gz
    output: /home/cachris/projects/geneva/hypoxia/demuxlet_out5/8-4/8-4.best
    log: /home/cachris/projects/geneva/hypoxia/logs/demuxlet/8-4.log (check log file(s) for error details)
    conda-env: demuxlet
    shell:
        
        demuxlet         --vcf /home/cachris/projects/geneva/hypoxia/merged_vcf3.vcf.gz         --sam /home/cachris/projects/geneva/hypoxia/cellranger_outputs/8-4/possorted_genome_bam.bam         --out 8-4         --tag-UMI UB         --group-list /home/cachris/projects/geneva/hypoxia/analysis/mouse_cell_removal/8-4CellsBySpecies/humancells.txt         --field GT         --alpha 0.0         --geno-error 0.1         --alpha 0.5         > /home/cachris/projects/geneva/hypoxia/logs/demuxlet/8-4.log 2>&1         && mv 8-4* /home/cachris/projects/geneva/hypoxia/demuxlet_out5/8-4/
        
        (one of the commands exited with non-zero exit code; note that snakemake uses bash strict mode!)

[Tue Sep 19 14:35:09 2023]
Error in rule demuxlet:
    jobid: 10
    input: /home/cachris/projects/geneva/hypoxia/cellranger_outputs/21-4/possorted_genome_bam.bam, /home/cachris/projects/geneva/hypoxia/merged_vcf3.vcf.gz
    output: /home/cachris/projects/geneva/hypoxia/demuxlet_out5/21-4/21-4.best
    log: /home/cachris/projects/geneva/hypoxia/logs/demuxlet/21-4.log (check log file(s) for error details)
    conda-env: demuxlet
    shell:
        
        demuxlet         --vcf /home/cachris/projects/geneva/hypoxia/merged_vcf3.vcf.gz         --sam /home/cachris/projects/geneva/hypoxia/cellranger_outputs/21-4/possorted_genome_bam.bam         --out 21-4         --tag-UMI UB         --group-list /home/cachris/projects/geneva/hypoxia/analysis/mouse_cell_removal/21-4CellsBySpecies/humancells.txt         --field GT         --alpha 0.0         --geno-error 0.1         --alpha 0.5         > /home/cachris/projects/geneva/hypoxia/logs/demuxlet/21-4.log 2>&1         && mv 21-4* /home/cachris/projects/geneva/hypoxia/demuxlet_out5/21-4/
        
        (one of the commands exited with non-zero exit code; note that snakemake uses bash strict mode!)

[Tue Sep 19 14:35:09 2023]
Error in rule demuxlet:
    jobid: 12
    input: /home/cachris/projects/geneva/hypoxia/cellranger_outputs/60-4/possorted_genome_bam.bam, /home/cachris/projects/geneva/hypoxia/merged_vcf3.vcf.gz
    output: /home/cachris/projects/geneva/hypoxia/demuxlet_out5/60-4/60-4.best
    log: /home/cachris/projects/geneva/hypoxia/logs/demuxlet/60-4.log (check log file(s) for error details)
    conda-env: demuxlet
    shell:
        
        demuxlet         --vcf /home/cachris/projects/geneva/hypoxia/merged_vcf3.vcf.gz         --sam /home/cachris/projects/geneva/hypoxia/cellranger_outputs/60-4/possorted_genome_bam.bam         --out 60-4         --tag-UMI UB         --group-list /home/cachris/projects/geneva/hypoxia/analysis/mouse_cell_removal/60-4CellsBySpecies/humancells.txt         --field GT         --alpha 0.0         --geno-error 0.1         --alpha 0.5         > /home/cachris/projects/geneva/hypoxia/logs/demuxlet/60-4.log 2>&1         && mv 60-4* /home/cachris/projects/geneva/hypoxia/demuxlet_out5/60-4/
        
        (one of the commands exited with non-zero exit code; note that snakemake uses bash strict mode!)

[Tue Sep 19 14:35:09 2023]
Error in rule demuxlet:
    jobid: 7
    input: /home/cachris/projects/geneva/hypoxia/cellranger_outputs/8-3/possorted_genome_bam.bam, /home/cachris/projects/geneva/hypoxia/merged_vcf3.vcf.gz
    output: /home/cachris/projects/geneva/hypoxia/demuxlet_out5/8-3/8-3.best
    log: /home/cachris/projects/geneva/hypoxia/logs/demuxlet/8-3.log (check log file(s) for error details)
    conda-env: demuxlet
    shell:
        
        demuxlet         --vcf /home/cachris/projects/geneva/hypoxia/merged_vcf3.vcf.gz         --sam /home/cachris/projects/geneva/hypoxia/cellranger_outputs/8-3/possorted_genome_bam.bam         --out 8-3         --tag-UMI UB         --group-list /home/cachris/projects/geneva/hypoxia/analysis/mouse_cell_removal/8-3CellsBySpecies/humancells.txt         --field GT         --alpha 0.0         --geno-error 0.1         --alpha 0.5         > /home/cachris/projects/geneva/hypoxia/logs/demuxlet/8-3.log 2>&1         && mv 8-3* /home/cachris/projects/geneva/hypoxia/demuxlet_out5/8-3/
        
        (one of the commands exited with non-zero exit code; note that snakemake uses bash strict mode!)

Complete log: .snakemake/log/2023-09-19T143456.853279.snakemake.log
