Building DAG of jobs...
Using shell: /usr/bin/bash
Provided cores: 13
Rules claiming more threads will be scaled down.
Job stats:
job               count
--------------  -------
all                   1
demuxlet_nh358        6
total                 7

Select jobs to execute...

[Thu Sep 28 18:16:34 2023]
rule demuxlet_nh358:
    input: /home/cachris/projects/geneva/hypoxia/cellranger_outputs/21-2/possorted_genome_bam.bam, /home/cachris/projects/geneva/hypoxia/merged_vcf_noH358.vcf.gz
    output: /home/cachris/projects/geneva/hypoxia/demuxlet_out_noH358/21-2/21-2.best
    log: /home/cachris/projects/geneva/hypoxia/logs/demuxlet/21-2.log
    jobid: 3
    reason: Missing output files: /home/cachris/projects/geneva/hypoxia/demuxlet_out_noH358/21-2/21-2.best
    wildcards: sc_samples=21-2
    resources: tmpdir=/tmp

Activating conda environment: demuxlet

[Thu Sep 28 18:16:38 2023]
rule demuxlet_nh358:
    input: /home/cachris/projects/geneva/hypoxia/cellranger_outputs/21-4/possorted_genome_bam.bam, /home/cachris/projects/geneva/hypoxia/merged_vcf_noH358.vcf.gz
    output: /home/cachris/projects/geneva/hypoxia/demuxlet_out_noH358/21-4/21-4.best
    log: /home/cachris/projects/geneva/hypoxia/logs/demuxlet/21-4.log
    jobid: 4
    reason: Missing output files: /home/cachris/projects/geneva/hypoxia/demuxlet_out_noH358/21-4/21-4.best
    wildcards: sc_samples=21-4
    resources: tmpdir=/tmp

Activating conda environment: demuxlet

[Thu Sep 28 18:16:38 2023]
rule demuxlet_nh358:
    input: /home/cachris/projects/geneva/hypoxia/cellranger_outputs/8-3/possorted_genome_bam.bam, /home/cachris/projects/geneva/hypoxia/merged_vcf_noH358.vcf.gz
    output: /home/cachris/projects/geneva/hypoxia/demuxlet_out_noH358/8-3/8-3.best
    log: /home/cachris/projects/geneva/hypoxia/logs/demuxlet/8-3.log
    jobid: 1
    reason: Missing output files: /home/cachris/projects/geneva/hypoxia/demuxlet_out_noH358/8-3/8-3.best
    wildcards: sc_samples=8-3
    resources: tmpdir=/tmp

Activating conda environment: demuxlet

[Thu Sep 28 18:16:38 2023]
rule demuxlet_nh358:
    input: /home/cachris/projects/geneva/hypoxia/cellranger_outputs/60-4/possorted_genome_bam.bam, /home/cachris/projects/geneva/hypoxia/merged_vcf_noH358.vcf.gz
    output: /home/cachris/projects/geneva/hypoxia/demuxlet_out_noH358/60-4/60-4.best
    log: /home/cachris/projects/geneva/hypoxia/logs/demuxlet/60-4.log
    jobid: 6
    reason: Missing output files: /home/cachris/projects/geneva/hypoxia/demuxlet_out_noH358/60-4/60-4.best
    wildcards: sc_samples=60-4
    resources: tmpdir=/tmp


[Thu Sep 28 18:16:38 2023]
Activating conda environment: demuxlet
rule demuxlet_nh358:
    input: /home/cachris/projects/geneva/hypoxia/cellranger_outputs/8-4/possorted_genome_bam.bam, /home/cachris/projects/geneva/hypoxia/merged_vcf_noH358.vcf.gz
    output: /home/cachris/projects/geneva/hypoxia/demuxlet_out_noH358/8-4/8-4.best
    log: /home/cachris/projects/geneva/hypoxia/logs/demuxlet/8-4.log
    jobid: 2
    reason: Missing output files: /home/cachris/projects/geneva/hypoxia/demuxlet_out_noH358/8-4/8-4.best
    wildcards: sc_samples=8-4
    resources: tmpdir=/tmp

Activating conda environment: demuxlet

[Thu Sep 28 18:16:38 2023]
rule demuxlet_nh358:
    input: /home/cachris/projects/geneva/hypoxia/cellranger_outputs/60-1/possorted_genome_bam.bam, /home/cachris/projects/geneva/hypoxia/merged_vcf_noH358.vcf.gz
    output: /home/cachris/projects/geneva/hypoxia/demuxlet_out_noH358/60-1/60-1.best
    log: /home/cachris/projects/geneva/hypoxia/logs/demuxlet/60-1.log
    jobid: 5
    reason: Missing output files: /home/cachris/projects/geneva/hypoxia/demuxlet_out_noH358/60-1/60-1.best
    wildcards: sc_samples=60-1
    resources: tmpdir=/tmp

Activating conda environment: demuxlet
[Thu Sep 28 19:06:42 2023]
Finished job 3.
1 of 7 steps (14%) done
[Thu Sep 28 19:14:18 2023]
Finished job 1.
2 of 7 steps (29%) done
[Thu Sep 28 19:20:49 2023]
Finished job 2.
3 of 7 steps (43%) done
[Thu Sep 28 19:23:45 2023]
Finished job 5.
4 of 7 steps (57%) done
[Thu Sep 28 19:29:06 2023]
Finished job 4.
5 of 7 steps (71%) done
[Thu Sep 28 19:47:58 2023]
Finished job 6.
6 of 7 steps (86%) done
Select jobs to execute...

[Thu Sep 28 19:47:58 2023]
localrule all:
    input: /home/cachris/projects/geneva/hypoxia/demuxlet_out_noH358/8-3/8-3.best, /home/cachris/projects/geneva/hypoxia/demuxlet_out_noH358/8-4/8-4.best, /home/cachris/projects/geneva/hypoxia/demuxlet_out_noH358/21-2/21-2.best, /home/cachris/projects/geneva/hypoxia/demuxlet_out_noH358/21-4/21-4.best, /home/cachris/projects/geneva/hypoxia/demuxlet_out_noH358/60-1/60-1.best, /home/cachris/projects/geneva/hypoxia/demuxlet_out_noH358/60-4/60-4.best
    jobid: 0
    reason: Input files updated by another job: /home/cachris/projects/geneva/hypoxia/demuxlet_out_noH358/21-4/21-4.best, /home/cachris/projects/geneva/hypoxia/demuxlet_out_noH358/21-2/21-2.best, /home/cachris/projects/geneva/hypoxia/demuxlet_out_noH358/60-1/60-1.best, /home/cachris/projects/geneva/hypoxia/demuxlet_out_noH358/60-4/60-4.best, /home/cachris/projects/geneva/hypoxia/demuxlet_out_noH358/8-3/8-3.best, /home/cachris/projects/geneva/hypoxia/demuxlet_out_noH358/8-4/8-4.best
    resources: tmpdir=/tmp

[Thu Sep 28 19:47:58 2023]
Finished job 0.
7 of 7 steps (100%) done
Complete log: .snakemake/log/2023-09-28T181622.708464.snakemake.log
