Building DAG of jobs...
Using shell: /usr/bin/bash
Provided cores: 20
Rules claiming more threads will be scaled down.
Job stats:
job                    count
-------------------  -------
all                        1
cellranger_combined        6
demuxlet                   6
merge_vcf                  1
subsample_vcf             19
total                     33

Select jobs to execute...

[Wed Sep  6 15:50:50 2023]
rule cellranger_combined:
    input: /home/cachris/geneva/hypoxia/data/TSHG10_hypoxia_GENEVA
    output: /home/cachris/geneva/hypoxia/cellranger_outputs_mm10_hg38_combined/60-1/possorted_genome_bam.bam
    log: /home/cachris/geneva/hypoxia/logs/cellranger/60-1.log
    jobid: 133
    reason: Missing output files: /home/cachris/geneva/hypoxia/cellranger_outputs_mm10_hg38_combined/60-1/possorted_genome_bam.bam
    wildcards: sc_samples=60-1
    threads: 18
    resources: tmpdir=/tmp


[Wed Sep  6 15:50:51 2023]
rule subsample_vcf:
    input: /home/cachris/geneva/hypoxia/vcfs/Caki1.vcf.gz
    output: /home/cachris/geneva/hypoxia/vcfs/Caki1.vcf.gz_subsample_sort.vcf.gz
    jobid: 108
    reason: Missing output files: /home/cachris/geneva/hypoxia/vcfs/Caki1.vcf.gz_subsample_sort.vcf.gz
    wildcards: sample=Caki1
    resources: tmpdir=/tmp


[Wed Sep  6 15:50:51 2023]
rule subsample_vcf:
    input: /home/cachris/geneva/hypoxia/vcfs/BxPC3.vcf.gz
    output: /home/cachris/geneva/hypoxia/vcfs/BxPC3.vcf.gz_subsample_sort.vcf.gz
    jobid: 23
    reason: Missing output files: /home/cachris/geneva/hypoxia/vcfs/BxPC3.vcf.gz_subsample_sort.vcf.gz
    wildcards: sample=BxPC3
    resources: tmpdir=/tmp

[Wed Sep  6 15:50:52 2023]
Finished job 108.
1 of 33 steps (3%) done
Select jobs to execute...

[Wed Sep  6 15:50:52 2023]
rule subsample_vcf:
    input: /home/cachris/geneva/hypoxia/vcfs/143B.vcf.gz
    output: /home/cachris/geneva/hypoxia/vcfs/143B.vcf.gz_subsample_sort.vcf.gz
    jobid: 51
    reason: Missing output files: /home/cachris/geneva/hypoxia/vcfs/143B.vcf.gz_subsample_sort.vcf.gz
    wildcards: sample=143B
    resources: tmpdir=/tmp

[Wed Sep  6 15:50:52 2023]
Finished job 23.
2 of 33 steps (6%) done
Select jobs to execute...

[Wed Sep  6 15:50:52 2023]
rule subsample_vcf:
    input: /home/cachris/geneva/hypoxia/vcfs/H358_subsample_sort.vcf.gz
    output: /home/cachris/geneva/hypoxia/vcfs/H358_subsample_sort.vcf.gz_subsample_sort.vcf.gz
    jobid: 86
    reason: Missing output files: /home/cachris/geneva/hypoxia/vcfs/H358_subsample_sort.vcf.gz_subsample_sort.vcf.gz
    wildcards: sample=H358_subsample_sort
    resources: tmpdir=/tmp

[Wed Sep  6 15:50:52 2023]
Finished job 51.
3 of 33 steps (9%) done
Select jobs to execute...

[Wed Sep  6 15:50:52 2023]
rule subsample_vcf:
    input: /home/cachris/geneva/hypoxia/vcfs/Hep3b.vcf.gz
    output: /home/cachris/geneva/hypoxia/vcfs/Hep3b.vcf.gz_subsample_sort.vcf.gz
    jobid: 94
    reason: Missing output files: /home/cachris/geneva/hypoxia/vcfs/Hep3b.vcf.gz_subsample_sort.vcf.gz
    wildcards: sample=Hep3b
    resources: tmpdir=/tmp

[Wed Sep  6 15:50:52 2023]
Finished job 86.
4 of 33 steps (12%) done
Select jobs to execute...

[Wed Sep  6 15:50:52 2023]
rule subsample_vcf:
    input: /home/cachris/geneva/hypoxia/vcfs/A375.vcf.gz
    output: /home/cachris/geneva/hypoxia/vcfs/A375.vcf.gz_subsample_sort.vcf.gz
    jobid: 2
    reason: Missing output files: /home/cachris/geneva/hypoxia/vcfs/A375.vcf.gz_subsample_sort.vcf.gz
    wildcards: sample=A375
    resources: tmpdir=/tmp

[Wed Sep  6 15:50:52 2023]
Finished job 94.
5 of 33 steps (15%) done
Select jobs to execute...

[Wed Sep  6 15:50:52 2023]
rule subsample_vcf:
    input: /home/cachris/geneva/hypoxia/vcfs/H441_subsample_sort.vcf.gz
    output: /home/cachris/geneva/hypoxia/vcfs/H441_subsample_sort.vcf.gz_subsample_sort.vcf.gz
    jobid: 85
    reason: Missing output files: /home/cachris/geneva/hypoxia/vcfs/H441_subsample_sort.vcf.gz_subsample_sort.vcf.gz
    wildcards: sample=H441_subsample_sort
    resources: tmpdir=/tmp

[Wed Sep  6 15:50:52 2023]
Finished job 2.
6 of 33 steps (18%) done
Select jobs to execute...

[Wed Sep  6 15:50:52 2023]
rule subsample_vcf:
    input: /home/cachris/geneva/hypoxia/vcfs/SJSA1.vcf.gz
    output: /home/cachris/geneva/hypoxia/vcfs/SJSA1.vcf.gz_subsample_sort.vcf.gz
    jobid: 44
    reason: Missing output files: /home/cachris/geneva/hypoxia/vcfs/SJSA1.vcf.gz_subsample_sort.vcf.gz
    wildcards: sample=SJSA1
    resources: tmpdir=/tmp

[Wed Sep  6 15:50:52 2023]
Finished job 85.
7 of 33 steps (21%) done
Select jobs to execute...

[Wed Sep  6 15:50:52 2023]
rule subsample_vcf:
    input: /home/cachris/geneva/hypoxia/vcfs/LN229.vcf.gz
    output: /home/cachris/geneva/hypoxia/vcfs/LN229.vcf.gz_subsample_sort.vcf.gz
    jobid: 122
    reason: Missing output files: /home/cachris/geneva/hypoxia/vcfs/LN229.vcf.gz_subsample_sort.vcf.gz
    wildcards: sample=LN229
    resources: tmpdir=/tmp

[Wed Sep  6 15:50:52 2023]
Finished job 44.
8 of 33 steps (24%) done
Select jobs to execute...

[Wed Sep  6 15:50:52 2023]
rule subsample_vcf:
    input: /home/cachris/geneva/hypoxia/vcfs/U87.vcf.gz
    output: /home/cachris/geneva/hypoxia/vcfs/U87.vcf.gz_subsample_sort.vcf.gz
    jobid: 115
    reason: Missing output files: /home/cachris/geneva/hypoxia/vcfs/U87.vcf.gz_subsample_sort.vcf.gz
    wildcards: sample=U87
    resources: tmpdir=/tmp

[Wed Sep  6 15:50:52 2023]
Finished job 122.
9 of 33 steps (27%) done
Select jobs to execute...

[Wed Sep  6 15:50:52 2023]
rule subsample_vcf:
    input: /home/cachris/geneva/hypoxia/vcfs/MDA231.vcf.gz
    output: /home/cachris/geneva/hypoxia/vcfs/MDA231.vcf.gz_subsample_sort.vcf.gz
    jobid: 57
    reason: Missing output files: /home/cachris/geneva/hypoxia/vcfs/MDA231.vcf.gz_subsample_sort.vcf.gz
    wildcards: sample=MDA231
    resources: tmpdir=/tmp

[Wed Sep  6 15:50:52 2023]
Finished job 115.
10 of 33 steps (30%) done
Select jobs to execute...

[Wed Sep  6 15:50:52 2023]
rule subsample_vcf:
    input: /home/cachris/geneva/hypoxia/vcfs/786O.vcf.gz
    output: /home/cachris/geneva/hypoxia/vcfs/786O.vcf.gz_subsample_sort.vcf.gz
    jobid: 101
    reason: Missing output files: /home/cachris/geneva/hypoxia/vcfs/786O.vcf.gz_subsample_sort.vcf.gz
    wildcards: sample=786O
    resources: tmpdir=/tmp

[Wed Sep  6 15:50:53 2023]
Finished job 57.
11 of 33 steps (33%) done
Select jobs to execute...

[Wed Sep  6 15:50:53 2023]
rule subsample_vcf:
    input: /home/cachris/geneva/hypoxia/vcfs/HCC1806.vcf.gz
    output: /home/cachris/geneva/hypoxia/vcfs/HCC1806.vcf.gz_subsample_sort.vcf.gz
    jobid: 64
    reason: Missing output files: /home/cachris/geneva/hypoxia/vcfs/HCC1806.vcf.gz_subsample_sort.vcf.gz
    wildcards: sample=HCC1806
    resources: tmpdir=/tmp

[Wed Sep  6 15:50:53 2023]
Finished job 101.
12 of 33 steps (36%) done
Select jobs to execute...

[Wed Sep  6 15:50:53 2023]
rule subsample_vcf:
    input: /home/cachris/geneva/hypoxia/vcfs/HepG2.vcf.gz
    output: /home/cachris/geneva/hypoxia/vcfs/HepG2.vcf.gz_subsample_sort.vcf.gz
    jobid: 87
    reason: Missing output files: /home/cachris/geneva/hypoxia/vcfs/HepG2.vcf.gz_subsample_sort.vcf.gz
    wildcards: sample=HepG2
    resources: tmpdir=/tmp

[Wed Sep  6 15:50:53 2023]
Finished job 64.
13 of 33 steps (39%) done
Select jobs to execute...

[Wed Sep  6 15:50:53 2023]
rule subsample_vcf:
    input: /home/cachris/geneva/hypoxia/vcfs/PC3.vcf.gz
    output: /home/cachris/geneva/hypoxia/vcfs/PC3.vcf.gz_subsample_sort.vcf.gz
    jobid: 71
    reason: Missing output files: /home/cachris/geneva/hypoxia/vcfs/PC3.vcf.gz_subsample_sort.vcf.gz
    wildcards: sample=PC3
    resources: tmpdir=/tmp

[Wed Sep  6 15:50:53 2023]
Finished job 87.
14 of 33 steps (42%) done
Select jobs to execute...

[Wed Sep  6 15:50:53 2023]
rule subsample_vcf:
    input: /home/cachris/geneva/hypoxia/vcfs/SW620.vcf.gz
    output: /home/cachris/geneva/hypoxia/vcfs/SW620.vcf.gz_subsample_sort.vcf.gz
    jobid: 37
    reason: Missing output files: /home/cachris/geneva/hypoxia/vcfs/SW620.vcf.gz_subsample_sort.vcf.gz
    wildcards: sample=SW620
    resources: tmpdir=/tmp

[Wed Sep  6 15:50:53 2023]
Finished job 71.
15 of 33 steps (45%) done
Select jobs to execute...

[Wed Sep  6 15:50:53 2023]
rule subsample_vcf:
    input: /home/cachris/geneva/hypoxia/vcfs/LNCaP.vcf.gz
    output: /home/cachris/geneva/hypoxia/vcfs/LNCaP.vcf.gz_subsample_sort.vcf.gz
    jobid: 78
    reason: Missing output files: /home/cachris/geneva/hypoxia/vcfs/LNCaP.vcf.gz_subsample_sort.vcf.gz
    wildcards: sample=LNCaP
    resources: tmpdir=/tmp

[Wed Sep  6 15:50:53 2023]
Finished job 37.
16 of 33 steps (48%) done
Select jobs to execute...

[Wed Sep  6 15:50:53 2023]
rule subsample_vcf:
    input: /home/cachris/geneva/hypoxia/vcfs/HCT15.vcf.gz
    output: /home/cachris/geneva/hypoxia/vcfs/HCT15.vcf.gz_subsample_sort.vcf.gz
    jobid: 30
    reason: Missing output files: /home/cachris/geneva/hypoxia/vcfs/HCT15.vcf.gz_subsample_sort.vcf.gz
    wildcards: sample=HCT15
    resources: tmpdir=/tmp

[Wed Sep  6 15:50:53 2023]
Finished job 78.
17 of 33 steps (52%) done
Select jobs to execute...

[Wed Sep  6 15:50:53 2023]
rule subsample_vcf:
    input: /home/cachris/geneva/hypoxia/vcfs/SH4.vcf.gz
    output: /home/cachris/geneva/hypoxia/vcfs/SH4.vcf.gz_subsample_sort.vcf.gz
    jobid: 9
    reason: Missing output files: /home/cachris/geneva/hypoxia/vcfs/SH4.vcf.gz_subsample_sort.vcf.gz
    wildcards: sample=SH4
    resources: tmpdir=/tmp

[Wed Sep  6 15:50:53 2023]
Finished job 30.
18 of 33 steps (55%) done
Select jobs to execute...
[Wed Sep  6 15:50:53 2023]
Finished job 9.
19 of 33 steps (58%) done
Terminating processes on user request, this might take some time.
[Wed Sep  6 15:52:58 2023]
Error in rule cellranger_combined:
    jobid: 133
    input: /home/cachris/geneva/hypoxia/data/TSHG10_hypoxia_GENEVA
    output: /home/cachris/geneva/hypoxia/cellranger_outputs_mm10_hg38_combined/60-1/possorted_genome_bam.bam
    log: /home/cachris/geneva/hypoxia/logs/cellranger/60-1.log (check log file(s) for error details)
    shell:
        
        cellranger count         --id=60-1         --fastqs=/home/cachris/geneva/hypoxia/data/TSHG10_hypoxia_GENEVA        --transcriptome=/home/cachris/geneva/refdata-gex-GRCh38-and-mm10-2020-A/         --sample=60-1         --localcores=18 > /home/cachris/geneva/hypoxia/logs/cellranger/60-1.log 2>&1         && mv 60-1/outs/* /home/cachris/geneva/hypoxia/cellranger_outputs_mm10_hg38_combined/60-1/         && rm -r 60-1/
        
        (one of the commands exited with non-zero exit code; note that snakemake uses bash strict mode!)

Complete log: .snakemake/log/2023-09-06T155049.178771.snakemake.log
