Building DAG of jobs...
Using shell: /usr/bin/bash
Provided cores: 20
Rules claiming more threads will be scaled down.
Job stats:
job                    count
-------------------  -------
all                        1
cellranger_combined        6
demuxlet                   6
merge_vcf                  1
total                     14

Select jobs to execute...

[Wed Sep  6 15:53:02 2023]
rule merge_vcf:
    input: /home/cachris/geneva/hypoxia/vcfs/A375.vcf.gz_subsample_sort.vcf.gz, /home/cachris/geneva/hypoxia/vcfs/SH4.vcf.gz_subsample_sort.vcf.gz, /home/cachris/geneva/hypoxia/vcfs/Panc1.vcf.gz_subsample_sort.vcf.gz, /home/cachris/geneva/hypoxia/vcfs/BxPC3.vcf.gz_subsample_sort.vcf.gz, /home/cachris/geneva/hypoxia/vcfs/HCT15.vcf.gz_subsample_sort.vcf.gz, /home/cachris/geneva/hypoxia/vcfs/SW620.vcf.gz_subsample_sort.vcf.gz, /home/cachris/geneva/hypoxia/vcfs/SJSA1.vcf.gz_subsample_sort.vcf.gz, /home/cachris/geneva/hypoxia/vcfs/143B.vcf.gz_subsample_sort.vcf.gz, /home/cachris/geneva/hypoxia/vcfs/MDA231.vcf.gz_subsample_sort.vcf.gz, /home/cachris/geneva/hypoxia/vcfs/HCC1806.vcf.gz_subsample_sort.vcf.gz, /home/cachris/geneva/hypoxia/vcfs/PC3.vcf.gz_subsample_sort.vcf.gz, /home/cachris/geneva/hypoxia/vcfs/LNCaP.vcf.gz_subsample_sort.vcf.gz, /home/cachris/geneva/hypoxia/vcfs/H441_subsample_sort.vcf.gz_subsample_sort.vcf.gz, /home/cachris/geneva/hypoxia/vcfs/H358_subsample_sort.vcf.gz_subsample_sort.vcf.gz, /home/cachris/geneva/hypoxia/vcfs/HepG2.vcf.gz_subsample_sort.vcf.gz, /home/cachris/geneva/hypoxia/vcfs/Hep3b.vcf.gz_subsample_sort.vcf.gz, /home/cachris/geneva/hypoxia/vcfs/786O.vcf.gz_subsample_sort.vcf.gz, /home/cachris/geneva/hypoxia/vcfs/Caki1.vcf.gz_subsample_sort.vcf.gz, /home/cachris/geneva/hypoxia/vcfs/U87.vcf.gz_subsample_sort.vcf.gz, /home/cachris/geneva/hypoxia/vcfs/LN229.vcf.gz_subsample_sort.vcf.gz
    output: /home/cachris/geneva/hypoxia/merged_vcf.vcf.gz
    jobid: 1
    reason: Missing output files: /home/cachris/geneva/hypoxia/merged_vcf.vcf.gz; Set of input files has changed since last execution; Code has changed since last execution
    resources: tmpdir=/tmp

Activating conda environment: bcftools

[Wed Sep  6 15:53:03 2023]
rule cellranger_combined:
    input: /home/cachris/geneva/hypoxia/data/TSHG10_hypoxia_GENEVA
    output: /home/cachris/geneva/hypoxia/cellranger_outputs_mm10_hg38_combined/21-4/possorted_genome_bam.bam
    log: /home/cachris/geneva/hypoxia/logs/cellranger/21-4.log
    jobid: 132
    reason: Missing output files: /home/cachris/geneva/hypoxia/cellranger_outputs_mm10_hg38_combined/21-4/possorted_genome_bam.bam
    wildcards: sc_samples=21-4
    threads: 18
    resources: tmpdir=/tmp

[Wed Sep  6 15:53:09 2023]
Finished job 1.
1 of 14 steps (7%) done
Select jobs to execute...

[Wed Sep  6 15:53:09 2023]
rule demuxlet:
    input: /home/cachris/geneva/hypoxia/cellranger_outputs/21-4/possorted_genome_bam.bam, /home/cachris/geneva/hypoxia/merged_vcf.vcf.gz
    output: /home/cachris/geneva/hypoxia/demuxlet_out/21-4/21-4.best
    log: /home/cachris/geneva/hypoxia/logs/demuxlet/21-4.log
    jobid: 141
    reason: Missing output files: /home/cachris/geneva/hypoxia/demuxlet_out/21-4/21-4.best; Input files updated by another job: /home/cachris/geneva/hypoxia/merged_vcf.vcf.gz
    wildcards: sc_samples=21-4
    resources: tmpdir=/tmp

Activating conda environment: demuxlet

[Wed Sep  6 15:53:09 2023]
rule demuxlet:
    input: /home/cachris/geneva/hypoxia/cellranger_outputs/60-4/possorted_genome_bam.bam, /home/cachris/geneva/hypoxia/merged_vcf.vcf.gz
    output: /home/cachris/geneva/hypoxia/demuxlet_out/60-4/60-4.best
    log: /home/cachris/geneva/hypoxia/logs/demuxlet/60-4.log
    jobid: 145
    reason: Missing output files: /home/cachris/geneva/hypoxia/demuxlet_out/60-4/60-4.best; Input files updated by another job: /home/cachris/geneva/hypoxia/merged_vcf.vcf.gz
    wildcards: sc_samples=60-4
    resources: tmpdir=/tmp

Activating conda environment: demuxlet
[Wed Sep  6 16:58:29 2023]
Error in rule cellranger_combined:
    jobid: 132
    input: /home/cachris/geneva/hypoxia/data/TSHG10_hypoxia_GENEVA
    output: /home/cachris/geneva/hypoxia/cellranger_outputs_mm10_hg38_combined/21-4/possorted_genome_bam.bam
    log: /home/cachris/geneva/hypoxia/logs/cellranger/21-4.log (check log file(s) for error details)
    shell:
        
        cellranger count         --id=21-4         --fastqs=/home/cachris/geneva/hypoxia/data/TSHG10_hypoxia_GENEVA        --transcriptome=/home/cachris/geneva/refdata-gex-GRCh38-and-mm10-2020-A/         --sample=21-4         --localcores=18 > /home/cachris/geneva/hypoxia/logs/cellranger/21-4.log 2>&1         && mv 21-4/outs/* /home/cachris/geneva/hypoxia/cellranger_outputs_mm10_hg38_combined/21-4/         && rm -r 21-4/
        
        (one of the commands exited with non-zero exit code; note that snakemake uses bash strict mode!)

[Wed Sep  6 16:58:35 2023]
Finished job 141.
2 of 14 steps (14%) done
Select jobs to execute...

[Wed Sep  6 16:58:35 2023]
rule demuxlet:
    input: /home/cachris/geneva/hypoxia/cellranger_outputs/8-3/possorted_genome_bam.bam, /home/cachris/geneva/hypoxia/merged_vcf.vcf.gz
    output: /home/cachris/geneva/hypoxia/demuxlet_out/8-3/8-3.best
    log: /home/cachris/geneva/hypoxia/logs/demuxlet/8-3.log
    jobid: 135
    reason: Missing output files: /home/cachris/geneva/hypoxia/demuxlet_out/8-3/8-3.best; Input files updated by another job: /home/cachris/geneva/hypoxia/merged_vcf.vcf.gz
    wildcards: sc_samples=8-3
    resources: tmpdir=/tmp

Activating conda environment: demuxlet
[Wed Sep  6 17:23:32 2023]
Finished job 145.
3 of 14 steps (21%) done
[Wed Sep  6 18:01:39 2023]
Finished job 135.
4 of 14 steps (29%) done
Shutting down, this might take some time.
Exiting because a job execution failed. Look above for error message
Complete log: .snakemake/log/2023-09-06T155300.694541.snakemake.log
