Building DAG of jobs...
Using shell: /usr/bin/bash
Provided cores: 20
Rules claiming more threads will be scaled down.
Job stats:
job                    count
-------------------  -------
all                        1
cellranger_combined        6
demuxlet                   6
total                     13

Select jobs to execute...

[Wed Sep  6 15:33:15 2023]
rule demuxlet:
    input: /home/cachris/geneva/hypoxia/cellranger_outputs/60-4/possorted_genome_bam.bam, /home/cachris/geneva/hypoxia/merged_vcf2.vcf.gz
    output: /home/cachris/geneva/hypoxia/demuxlet_out/60-4/60-4.best
    log: /home/cachris/geneva/hypoxia/logs/demuxlet/60-4.log
    jobid: 125
    reason: Missing output files: /home/cachris/geneva/hypoxia/demuxlet_out/60-4/60-4.best
    wildcards: sc_samples=60-4
    resources: tmpdir=/tmp

Activating conda environment: demuxlet

[Wed Sep  6 15:33:16 2023]
rule cellranger_combined:
    input: /home/cachris/geneva/hypoxia/data/TSHG10_hypoxia_GENEVA
    output: /home/cachris/geneva/hypoxia/cellranger_outputs_mm10_hg38_combined/60-4/possorted_genome_bam.bam
    log: /home/cachris/geneva/hypoxia/logs/cellranger/60-4.log
    jobid: 114
    reason: Missing output files: /home/cachris/geneva/hypoxia/cellranger_outputs_mm10_hg38_combined/60-4/possorted_genome_bam.bam
    wildcards: sc_samples=60-4
    threads: 18
    resources: tmpdir=/tmp


[Wed Sep  6 15:33:16 2023]
rule demuxlet:
    input: /home/cachris/geneva/hypoxia/cellranger_outputs/8-3/possorted_genome_bam.bam, /home/cachris/geneva/hypoxia/merged_vcf2.vcf.gz
    output: /home/cachris/geneva/hypoxia/demuxlet_out/8-3/8-3.best
    log: /home/cachris/geneva/hypoxia/logs/demuxlet/8-3.log
    jobid: 115
    reason: Missing output files: /home/cachris/geneva/hypoxia/demuxlet_out/8-3/8-3.best
    wildcards: sc_samples=8-3
    resources: tmpdir=/tmp

Activating conda environment: demuxlet
Terminating processes on user request, this might take some time.
[Wed Sep  6 15:35:26 2023]
Error in rule cellranger_combined:
    jobid: 114
    input: /home/cachris/geneva/hypoxia/data/TSHG10_hypoxia_GENEVA
    output: /home/cachris/geneva/hypoxia/cellranger_outputs_mm10_hg38_combined/60-4/possorted_genome_bam.bam
    log: /home/cachris/geneva/hypoxia/logs/cellranger/60-4.log (check log file(s) for error details)
    shell:
        
        cellranger count         --id=60-4         --fastqs=/home/cachris/geneva/hypoxia/data/TSHG10_hypoxia_GENEVA        --transcriptome=/home/cachris/geneva/refdata-gex-GRCh38-and-mm10-2020-A/         --sample=60-4         --localcores=18 > /home/cachris/geneva/hypoxia/logs/cellranger/60-4.log 2>&1         && mv 60-4/outs/* /home/cachris/geneva/hypoxia/cellranger_outputs_mm10_hg38_combined/60-4/         && rm -r 60-4/
        
        (one of the commands exited with non-zero exit code; note that snakemake uses bash strict mode!)

[Wed Sep  6 15:35:26 2023]
Error in rule demuxlet:
    jobid: 125
    input: /home/cachris/geneva/hypoxia/cellranger_outputs/60-4/possorted_genome_bam.bam, /home/cachris/geneva/hypoxia/merged_vcf2.vcf.gz
    output: /home/cachris/geneva/hypoxia/demuxlet_out/60-4/60-4.best
    log: /home/cachris/geneva/hypoxia/logs/demuxlet/60-4.log (check log file(s) for error details)
    conda-env: demuxlet
    shell:
        
        demuxlet         --vcf /home/cachris/geneva/hypoxia/merged_vcf2.vcf.gz         --sam /home/cachris/geneva/hypoxia/cellranger_outputs/60-4/possorted_genome_bam.bam         --out 60-4         --tag-UMI UB         --group-list /home/cachris/geneva/hypoxia/cellranger_outputs/60-4/filtered_feature_bc_matrix/barcodes.tsv.gz         --field GT         --alpha 0.0         --alpha 0.5         > /home/cachris/geneva/hypoxia/logs/demuxlet/60-4.log 2>&1         && mv 60-4* /home/cachris/geneva/hypoxia/demuxlet_out/60-4/
        
        (one of the commands exited with non-zero exit code; note that snakemake uses bash strict mode!)

[Wed Sep  6 15:35:26 2023]
Error in rule demuxlet:
    jobid: 115
    input: /home/cachris/geneva/hypoxia/cellranger_outputs/8-3/possorted_genome_bam.bam, /home/cachris/geneva/hypoxia/merged_vcf2.vcf.gz
    output: /home/cachris/geneva/hypoxia/demuxlet_out/8-3/8-3.best
    log: /home/cachris/geneva/hypoxia/logs/demuxlet/8-3.log (check log file(s) for error details)
    conda-env: demuxlet
    shell:
        
        demuxlet         --vcf /home/cachris/geneva/hypoxia/merged_vcf2.vcf.gz         --sam /home/cachris/geneva/hypoxia/cellranger_outputs/8-3/possorted_genome_bam.bam         --out 8-3         --tag-UMI UB         --group-list /home/cachris/geneva/hypoxia/cellranger_outputs/8-3/filtered_feature_bc_matrix/barcodes.tsv.gz         --field GT         --alpha 0.0         --alpha 0.5         > /home/cachris/geneva/hypoxia/logs/demuxlet/8-3.log 2>&1         && mv 8-3* /home/cachris/geneva/hypoxia/demuxlet_out/8-3/
        
        (one of the commands exited with non-zero exit code; note that snakemake uses bash strict mode!)

Complete log: .snakemake/log/2023-09-06T153312.371620.snakemake.log
