Building DAG of jobs...
Using shell: /usr/bin/bash
Provided cores: 20
Rules claiming more threads will be scaled down.
Job stats:
job           count
----------  -------
all               1
cellranger        6
total             7

Select jobs to execute...

[Fri Sep  8 10:52:34 2023]
rule cellranger:
    input: /home/cachris/geneva/hypoxia/data/TSHG10_hypoxia_GENEVA
    output: /home/cachris/geneva/hypoxia/cellranger_outputs/21-4_barn/outs/possorted_genome_bam.bam
    log: /home/cachris/geneva/hypoxia/logs/cellranger/21-4_barn/outs.log
    jobid: 132
    reason: Missing output files: /home/cachris/geneva/hypoxia/cellranger_outputs/21-4_barn/outs/possorted_genome_bam.bam
    wildcards: sc_samples=21-4_barn/outs
    threads: 18
    resources: tmpdir=/tmp

[Fri Sep  8 10:52:35 2023]
Error in rule cellranger:
    jobid: 132
    input: /home/cachris/geneva/hypoxia/data/TSHG10_hypoxia_GENEVA
    output: /home/cachris/geneva/hypoxia/cellranger_outputs/21-4_barn/outs/possorted_genome_bam.bam
    log: /home/cachris/geneva/hypoxia/logs/cellranger/21-4_barn/outs.log (check log file(s) for error details)
    shell:
        
        cellranger count         --id=21-4_barn/outs         --fastqs=/home/cachris/geneva/hypoxia/data/TSHG10_hypoxia_GENEVA        --transcriptome=/home/genomes/cellranger_refs/refdata-gex-GRCh38-2020-A/         --sample=21-4_barn/outs         --localcores=18 > /home/cachris/geneva/hypoxia/logs/cellranger/21-4_barn/outs.log 2>&1         && mv 21-4_barn/outs/outs/* /home/cachris/geneva/hypoxia/cellranger_outputs/21-4_barn/outs/         && rm -r 21-4_barn/outs/
        
        (one of the commands exited with non-zero exit code; note that snakemake uses bash strict mode!)

Shutting down, this might take some time.
Exiting because a job execution failed. Look above for error message
Complete log: .snakemake/log/2023-09-08T105231.182887.snakemake.log
