Building DAG of jobs...
Using shell: /usr/bin/bash
Provided cores: 3
Rules claiming more threads will be scaled down.
Conda environments: ignored
Job stats:
job          count
---------  -------
all              1
merge_vcf        1
total            2

Select jobs to execute...

[Wed Sep  6 15:11:01 2023]
rule merge_vcf:
    input: /home/cachris/geneva/hypoxia/vcfs/A375.vcf.gz, /home/cachris/geneva/hypoxia/vcfs/SH4.vcf.gz, /home/cachris/geneva/hypoxia/vcfs/Panc1.vcf.gz, /home/cachris/geneva/hypoxia/vcfs/BxPC3.vcf.gz, /home/cachris/geneva/hypoxia/vcfs/HCT15.vcf.gz, /home/cachris/geneva/hypoxia/vcfs/SW620.vcf.gz, /home/cachris/geneva/hypoxia/vcfs/SJSA1.vcf.gz, /home/cachris/geneva/hypoxia/vcfs/143B.vcf.gz, /home/cachris/geneva/hypoxia/vcfs/MDA231.vcf.gz, /home/cachris/geneva/hypoxia/vcfs/HCC1806.vcf.gz, /home/cachris/geneva/hypoxia/vcfs/PC3.vcf.gz, /home/cachris/geneva/hypoxia/vcfs/LNCaP.vcf.gz, /home/cachris/geneva/hypoxia/vcfs/H441_subsample_sort.vcf.gz, /home/cachris/geneva/hypoxia/vcfs/H358_subsample_sort.vcf.gz, /home/cachris/geneva/hypoxia/vcfs/HepG2.vcf.gz, /home/cachris/geneva/hypoxia/vcfs/Hep3b.vcf.gz, /home/cachris/geneva/hypoxia/vcfs/786O.vcf.gz, /home/cachris/geneva/hypoxia/vcfs/Caki1.vcf.gz, /home/cachris/geneva/hypoxia/vcfs/U87.vcf.gz, /home/cachris/geneva/hypoxia/vcfs/LN229.vcf.gz
    output: /home/cachris/geneva/hypoxia/merged_vcf2.vcf.gz
    jobid: 1
    reason: Missing output files: /home/cachris/geneva/hypoxia/merged_vcf2.vcf.gz; Set of input files has changed since last execution
    threads: 3
    resources: tmpdir=/tmp

[Wed Sep  6 15:11:03 2023]
Finished job 1.
1 of 2 steps (50%) done
Select jobs to execute...

[Wed Sep  6 15:11:03 2023]
localrule all:
    input: /home/cachris/geneva/hypoxia/merged_vcf2.vcf.gz
    jobid: 0
    reason: Input files updated by another job: /home/cachris/geneva/hypoxia/merged_vcf2.vcf.gz
    resources: tmpdir=/tmp

[Wed Sep  6 15:11:03 2023]
Finished job 0.
2 of 2 steps (100%) done
Complete log: .snakemake/log/2023-09-06T151057.815714.snakemake.log
