Building DAG of jobs...
Using shell: /usr/bin/bash
Provided cores: 20
Rules claiming more threads will be scaled down.
Job stats:
job                    count
-------------------  -------
all                        1
cellranger_combined        6
demuxlet                   6
total                     13

Select jobs to execute...

[Thu Sep  7 10:18:22 2023]
rule demuxlet:
    input: /home/cachris/geneva/hypoxia/cellranger_outputs/8-3/possorted_genome_bam.bam, /home/cachris/geneva/hypoxia/merged_vcf.vcf.gz
    output: /home/cachris/geneva/hypoxia/demuxlet_out/8-3/8-3.best
    log: /home/cachris/geneva/hypoxia/logs/demuxlet/8-3.log
    jobid: 135
    reason: Missing output files: /home/cachris/geneva/hypoxia/demuxlet_out/8-3/8-3.best
    wildcards: sc_samples=8-3
    resources: tmpdir=/tmp

Activating conda environment: demuxlet

[Thu Sep  7 10:18:23 2023]
rule demuxlet:
    input: /home/cachris/geneva/hypoxia/cellranger_outputs/21-4/possorted_genome_bam.bam, /home/cachris/geneva/hypoxia/merged_vcf.vcf.gz
    output: /home/cachris/geneva/hypoxia/demuxlet_out/21-4/21-4.best
    log: /home/cachris/geneva/hypoxia/logs/demuxlet/21-4.log
    jobid: 141
    reason: Missing output files: /home/cachris/geneva/hypoxia/demuxlet_out/21-4/21-4.best
    wildcards: sc_samples=21-4
    resources: tmpdir=/tmp

Activating conda environment: demuxlet

[Thu Sep  7 10:18:23 2023]
rule cellranger_combined:
    input: /home/cachris/geneva/hypoxia/data/TSHG10_hypoxia_GENEVA
    output: /home/cachris/geneva/hypoxia/cellranger_outputs_mm10_hg38_combined/60-1/possorted_genome_bam.bam
    log: /home/cachris/geneva/hypoxia/logs/cellranger/60-1.log
    jobid: 133
    reason: Missing output files: /home/cachris/geneva/hypoxia/cellranger_outputs_mm10_hg38_combined/60-1/possorted_genome_bam.bam
    wildcards: sc_samples=60-1
    threads: 18
    resources: tmpdir=/tmp

[Thu Sep  7 11:28:14 2023]
Finished job 135.
1 of 13 steps (8%) done
Select jobs to execute...

[Thu Sep  7 11:28:15 2023]
rule demuxlet:
    input: /home/cachris/geneva/hypoxia/cellranger_outputs/8-4/possorted_genome_bam.bam, /home/cachris/geneva/hypoxia/merged_vcf.vcf.gz
    output: /home/cachris/geneva/hypoxia/demuxlet_out/8-4/8-4.best
    log: /home/cachris/geneva/hypoxia/logs/demuxlet/8-4.log
    jobid: 137
    reason: Missing output files: /home/cachris/geneva/hypoxia/demuxlet_out/8-4/8-4.best; Set of input files has changed since last execution
    wildcards: sc_samples=8-4
    resources: tmpdir=/tmp

Activating conda environment: demuxlet
[Thu Sep  7 11:35:42 2023]
Finished job 141.
2 of 13 steps (15%) done
Select jobs to execute...

[Thu Sep  7 11:35:42 2023]
rule demuxlet:
    input: /home/cachris/geneva/hypoxia/cellranger_outputs/60-1/possorted_genome_bam.bam, /home/cachris/geneva/hypoxia/merged_vcf.vcf.gz
    output: /home/cachris/geneva/hypoxia/demuxlet_out/60-1/60-1.best
    log: /home/cachris/geneva/hypoxia/logs/demuxlet/60-1.log
    jobid: 143
    reason: Missing output files: /home/cachris/geneva/hypoxia/demuxlet_out/60-1/60-1.best; Set of input files has changed since last execution
    wildcards: sc_samples=60-1
    resources: tmpdir=/tmp

Activating conda environment: demuxlet
[Thu Sep  7 12:50:34 2023]
Finished job 137.
3 of 13 steps (23%) done
Select jobs to execute...

[Thu Sep  7 12:50:35 2023]
rule demuxlet:
    input: /home/cachris/geneva/hypoxia/cellranger_outputs/21-2/possorted_genome_bam.bam, /home/cachris/geneva/hypoxia/merged_vcf.vcf.gz
    output: /home/cachris/geneva/hypoxia/demuxlet_out/21-2/21-2.best
    log: /home/cachris/geneva/hypoxia/logs/demuxlet/21-2.log
    jobid: 139
    reason: Missing output files: /home/cachris/geneva/hypoxia/demuxlet_out/21-2/21-2.best; Set of input files has changed since last execution
    wildcards: sc_samples=21-2
    resources: tmpdir=/tmp

Activating conda environment: demuxlet
[Thu Sep  7 13:02:20 2023]
Finished job 143.
4 of 13 steps (31%) done
Select jobs to execute...

[Thu Sep  7 13:02:20 2023]
rule demuxlet:
    input: /home/cachris/geneva/hypoxia/cellranger_outputs/60-4/possorted_genome_bam.bam, /home/cachris/geneva/hypoxia/merged_vcf.vcf.gz
    output: /home/cachris/geneva/hypoxia/demuxlet_out/60-4/60-4.best
    log: /home/cachris/geneva/hypoxia/logs/demuxlet/60-4.log
    jobid: 145
    reason: Missing output files: /home/cachris/geneva/hypoxia/demuxlet_out/60-4/60-4.best
    wildcards: sc_samples=60-4
    resources: tmpdir=/tmp

Activating conda environment: demuxlet
[Thu Sep  7 13:02:24 2023]
Error in rule cellranger_combined:
    jobid: 133
    input: /home/cachris/geneva/hypoxia/data/TSHG10_hypoxia_GENEVA
    output: /home/cachris/geneva/hypoxia/cellranger_outputs_mm10_hg38_combined/60-1/possorted_genome_bam.bam
    log: /home/cachris/geneva/hypoxia/logs/cellranger/60-1.log (check log file(s) for error details)
    shell:
        
        cellranger count         --id=60-1         --fastqs=/home/cachris/geneva/hypoxia/data/TSHG10_hypoxia_GENEVA        --transcriptome=/home/cachris/geneva/refdata-gex-GRCh38-and-mm10-2020-A/         --sample=60-1         --localcores=18 > /home/cachris/geneva/hypoxia/logs/cellranger/60-1.log 2>&1         && mv 60-1/outs/* /home/cachris/geneva/hypoxia/cellranger_outputs_mm10_hg38_combined/60-1/         && rm -r 60-1/
        
        (one of the commands exited with non-zero exit code; note that snakemake uses bash strict mode!)

[Thu Sep  7 13:48:55 2023]
Finished job 139.
5 of 13 steps (38%) done
[Thu Sep  7 14:36:28 2023]
Finished job 145.
6 of 13 steps (46%) done
Shutting down, this might take some time.
Exiting because a job execution failed. Look above for error message
Complete log: .snakemake/log/2023-09-07T101818.960052.snakemake.log
