Building DAG of jobs...
Using shell: /usr/bin/bash
Provided cores: 20
Rules claiming more threads will be scaled down.
Job stats:
job                    count
-------------------  -------
all                        1
cellranger_combined        6
total                      7

Select jobs to execute...

[Thu Sep  7 14:59:49 2023]
rule cellranger_combined:
    input: /home/cachris/geneva/hypoxia/data/TSHG10_hypoxia_GENEVA
    output: 21-4_barn/possorted_genome_bam.bam
    log: /home/cachris/geneva/hypoxia/logs/cellranger2/21-4.log
    jobid: 132
    reason: Missing output files: 21-4_barn/possorted_genome_bam.bam
    wildcards: sc_samples=21-4
    threads: 18
    resources: tmpdir=/tmp

[Thu Sep  7 14:59:51 2023]
Error in rule cellranger_combined:
    jobid: 132
    input: /home/cachris/geneva/hypoxia/data/TSHG10_hypoxia_GENEVA
    output: 21-4_barn/possorted_genome_bam.bam
    log: /home/cachris/geneva/hypoxia/logs/cellranger2/21-4.log (check log file(s) for error details)
    shell:
        
        cellranger count         --id=21-4_barn         --fastqs=/home/cachris/geneva/hypoxia/data/TSHG10_hypoxia_GENEVA        --transcriptome=/home/cachris/geneva/refdata-gex-GRCh38-and-mm10-2020-A/         --sample=21-4_barn         --localcores=18 > /home/cachris/geneva/hypoxia/logs/cellranger2/21-4.log 2>&1 
        
        (one of the commands exited with non-zero exit code; note that snakemake uses bash strict mode!)

Shutting down, this might take some time.
Exiting because a job execution failed. Look above for error message
Complete log: .snakemake/log/2023-09-07T145938.426995.snakemake.log
