Building DAG of jobs...
Using shell: /usr/bin/bash
Provided cores: 6
Rules claiming more threads will be scaled down.
Job stats:
job         count
--------  -------
all             1
demuxlet        6
total           7

Select jobs to execute...

[Wed Aug 30 14:43:25 2023]
rule demuxlet:
    input: /home/cachris/geneva/hypoxia/cellranger_outputs/8-3/possorted_genome_bam.bam, /home/cachris/geneva/hypoxia/merged_vcf.vcf.gz
    output: /home/cachris/geneva/hypoxia/demuxlet_out/8-3/8-3.best
    log: /home/cachris/geneva/hypoxia/logs/demuxlet/8-3.log
    jobid: 137
    reason: Missing output files: /home/cachris/geneva/hypoxia/demuxlet_out/8-3/8-3.best
    wildcards: sc_samples=8-3
    resources: tmpdir=/tmp

Activating conda environment: demuxlet

[Wed Aug 30 14:43:26 2023]
rule demuxlet:
    input: /home/cachris/geneva/hypoxia/cellranger_outputs/21-4/possorted_genome_bam.bam, /home/cachris/geneva/hypoxia/merged_vcf.vcf.gz
    output: /home/cachris/geneva/hypoxia/demuxlet_out/21-4/21-4.best
    log: /home/cachris/geneva/hypoxia/logs/demuxlet/21-4.log
    jobid: 143
    reason: Missing output files: /home/cachris/geneva/hypoxia/demuxlet_out/21-4/21-4.best
    wildcards: sc_samples=21-4
    resources: tmpdir=/tmp

Activating conda environment: demuxlet

[Wed Aug 30 14:43:26 2023]
rule demuxlet:
    input: /home/cachris/geneva/hypoxia/cellranger_outputs/60-1/possorted_genome_bam.bam, /home/cachris/geneva/hypoxia/merged_vcf.vcf.gz
    output: /home/cachris/geneva/hypoxia/demuxlet_out/60-1/60-1.best
    log: /home/cachris/geneva/hypoxia/logs/demuxlet/60-1.log
    jobid: 145
    reason: Missing output files: /home/cachris/geneva/hypoxia/demuxlet_out/60-1/60-1.best
    wildcards: sc_samples=60-1
    resources: tmpdir=/tmp

Activating conda environment: demuxlet

[Wed Aug 30 14:43:26 2023]
rule demuxlet:
    input: /home/cachris/geneva/hypoxia/cellranger_outputs/60-4/possorted_genome_bam.bam, /home/cachris/geneva/hypoxia/merged_vcf.vcf.gz
    output: /home/cachris/geneva/hypoxia/demuxlet_out/60-4/60-4.best
    log: /home/cachris/geneva/hypoxia/logs/demuxlet/60-4.log
    jobid: 147
    reason: Missing output files: /home/cachris/geneva/hypoxia/demuxlet_out/60-4/60-4.best
    wildcards: sc_samples=60-4
    resources: tmpdir=/tmp


Activating conda environment: demuxlet
[Wed Aug 30 14:43:26 2023]
rule demuxlet:
    input: /home/cachris/geneva/hypoxia/cellranger_outputs/8-4/possorted_genome_bam.bam, /home/cachris/geneva/hypoxia/merged_vcf.vcf.gz
    output: /home/cachris/geneva/hypoxia/demuxlet_out/8-4/8-4.best
    log: /home/cachris/geneva/hypoxia/logs/demuxlet/8-4.log
    jobid: 139
    reason: Missing output files: /home/cachris/geneva/hypoxia/demuxlet_out/8-4/8-4.best
    wildcards: sc_samples=8-4
    resources: tmpdir=/tmp


Activating conda environment: demuxlet
[Wed Aug 30 14:43:26 2023]
rule demuxlet:
    input: /home/cachris/geneva/hypoxia/cellranger_outputs/21-2/possorted_genome_bam.bam, /home/cachris/geneva/hypoxia/merged_vcf.vcf.gz
    output: /home/cachris/geneva/hypoxia/demuxlet_out/21-2/21-2.best
    log: /home/cachris/geneva/hypoxia/logs/demuxlet/21-2.log
    jobid: 141
    reason: Missing output files: /home/cachris/geneva/hypoxia/demuxlet_out/21-2/21-2.best
    wildcards: sc_samples=21-2
    resources: tmpdir=/tmp

Activating conda environment: demuxlet
[Wed Aug 30 14:43:27 2023]
Error in rule demuxlet:
    jobid: 143
    input: /home/cachris/geneva/hypoxia/cellranger_outputs/21-4/possorted_genome_bam.bam, /home/cachris/geneva/hypoxia/merged_vcf.vcf.gz
    output: /home/cachris/geneva/hypoxia/demuxlet_out/21-4/21-4.best
    log: /home/cachris/geneva/hypoxia/logs/demuxlet/21-4.log (check log file(s) for error details)
    conda-env: demuxlet
    shell:
        
        demuxlet         --vcf /home/cachris/geneva/hypoxia/merged_vcf.vcf.gz         --sam /home/cachris/geneva/hypoxia/cellranger_outputs/21-4/possorted_genome_bam.bam         --out /home/cachris/geneva/hypoxia/demuxlet_out/21-4/         --tag-UMI UB         --group-list /home/cachris/geneva/hypoxia/cellranger_outputs/21-4/filtered_feature_bc_matrix/barcodes.tsv.gz         --min-callrate 0.2         --alpha 0.0         --alpha 0.5         > /home/cachris/geneva/hypoxia/logs/demuxlet/21-4.log 2>&1         && mv ./21-4/ /home/cachris/geneva/hypoxia/demuxlet_out/21-4/
        
        (one of the commands exited with non-zero exit code; note that snakemake uses bash strict mode!)

Terminating processes on user request, this might take some time.
[Wed Aug 30 14:43:36 2023]
Error in rule demuxlet:
    jobid: 145
    input: /home/cachris/geneva/hypoxia/cellranger_outputs/60-1/possorted_genome_bam.bam, /home/cachris/geneva/hypoxia/merged_vcf.vcf.gz
    output: /home/cachris/geneva/hypoxia/demuxlet_out/60-1/60-1.best
    log: /home/cachris/geneva/hypoxia/logs/demuxlet/60-1.log (check log file(s) for error details)
    conda-env: demuxlet
    shell:
        
        demuxlet         --vcf /home/cachris/geneva/hypoxia/merged_vcf.vcf.gz         --sam /home/cachris/geneva/hypoxia/cellranger_outputs/60-1/possorted_genome_bam.bam         --out /home/cachris/geneva/hypoxia/demuxlet_out/60-1/         --tag-UMI UB         --group-list /home/cachris/geneva/hypoxia/cellranger_outputs/60-1/filtered_feature_bc_matrix/barcodes.tsv.gz         --min-callrate 0.2         --alpha 0.0         --alpha 0.5         > /home/cachris/geneva/hypoxia/logs/demuxlet/60-1.log 2>&1         && mv ./60-1/ /home/cachris/geneva/hypoxia/demuxlet_out/60-1/
        
        (one of the commands exited with non-zero exit code; note that snakemake uses bash strict mode!)

[Wed Aug 30 14:43:36 2023]
Error in rule demuxlet:
    jobid: 141
    input: /home/cachris/geneva/hypoxia/cellranger_outputs/21-2/possorted_genome_bam.bam, /home/cachris/geneva/hypoxia/merged_vcf.vcf.gz
    output: /home/cachris/geneva/hypoxia/demuxlet_out/21-2/21-2.best
    log: /home/cachris/geneva/hypoxia/logs/demuxlet/21-2.log (check log file(s) for error details)
    conda-env: demuxlet
    shell:
        
        demuxlet         --vcf /home/cachris/geneva/hypoxia/merged_vcf.vcf.gz         --sam /home/cachris/geneva/hypoxia/cellranger_outputs/21-2/possorted_genome_bam.bam         --out /home/cachris/geneva/hypoxia/demuxlet_out/21-2/         --tag-UMI UB         --group-list /home/cachris/geneva/hypoxia/cellranger_outputs/21-2/filtered_feature_bc_matrix/barcodes.tsv.gz         --min-callrate 0.2         --alpha 0.0         --alpha 0.5         > /home/cachris/geneva/hypoxia/logs/demuxlet/21-2.log 2>&1         && mv ./21-2/ /home/cachris/geneva/hypoxia/demuxlet_out/21-2/
        
        (one of the commands exited with non-zero exit code; note that snakemake uses bash strict mode!)

[Wed Aug 30 14:43:36 2023]
Error in rule demuxlet:
    jobid: 147
    input: /home/cachris/geneva/hypoxia/cellranger_outputs/60-4/possorted_genome_bam.bam, /home/cachris/geneva/hypoxia/merged_vcf.vcf.gz
    output: /home/cachris/geneva/hypoxia/demuxlet_out/60-4/60-4.best
    log: /home/cachris/geneva/hypoxia/logs/demuxlet/60-4.log (check log file(s) for error details)
    conda-env: demuxlet
    shell:
        
        demuxlet         --vcf /home/cachris/geneva/hypoxia/merged_vcf.vcf.gz         --sam /home/cachris/geneva/hypoxia/cellranger_outputs/60-4/possorted_genome_bam.bam         --out /home/cachris/geneva/hypoxia/demuxlet_out/60-4/         --tag-UMI UB         --group-list /home/cachris/geneva/hypoxia/cellranger_outputs/60-4/filtered_feature_bc_matrix/barcodes.tsv.gz         --min-callrate 0.2         --alpha 0.0         --alpha 0.5         > /home/cachris/geneva/hypoxia/logs/demuxlet/60-4.log 2>&1         && mv ./60-4/ /home/cachris/geneva/hypoxia/demuxlet_out/60-4/
        
        (one of the commands exited with non-zero exit code; note that snakemake uses bash strict mode!)

[Wed Aug 30 14:43:36 2023]
Error in rule demuxlet:
    jobid: 139
    input: /home/cachris/geneva/hypoxia/cellranger_outputs/8-4/possorted_genome_bam.bam, /home/cachris/geneva/hypoxia/merged_vcf.vcf.gz
    output: /home/cachris/geneva/hypoxia/demuxlet_out/8-4/8-4.best
    log: /home/cachris/geneva/hypoxia/logs/demuxlet/8-4.log (check log file(s) for error details)
    conda-env: demuxlet
    shell:
        
        demuxlet         --vcf /home/cachris/geneva/hypoxia/merged_vcf.vcf.gz         --sam /home/cachris/geneva/hypoxia/cellranger_outputs/8-4/possorted_genome_bam.bam         --out /home/cachris/geneva/hypoxia/demuxlet_out/8-4/         --tag-UMI UB         --group-list /home/cachris/geneva/hypoxia/cellranger_outputs/8-4/filtered_feature_bc_matrix/barcodes.tsv.gz         --min-callrate 0.2         --alpha 0.0         --alpha 0.5         > /home/cachris/geneva/hypoxia/logs/demuxlet/8-4.log 2>&1         && mv ./8-4/ /home/cachris/geneva/hypoxia/demuxlet_out/8-4/
        
        (one of the commands exited with non-zero exit code; note that snakemake uses bash strict mode!)

[Wed Aug 30 14:43:36 2023]
Error in rule demuxlet:
    jobid: 137
    input: /home/cachris/geneva/hypoxia/cellranger_outputs/8-3/possorted_genome_bam.bam, /home/cachris/geneva/hypoxia/merged_vcf.vcf.gz
    output: /home/cachris/geneva/hypoxia/demuxlet_out/8-3/8-3.best
    log: /home/cachris/geneva/hypoxia/logs/demuxlet/8-3.log (check log file(s) for error details)
    conda-env: demuxlet
    shell:
        
        demuxlet         --vcf /home/cachris/geneva/hypoxia/merged_vcf.vcf.gz         --sam /home/cachris/geneva/hypoxia/cellranger_outputs/8-3/possorted_genome_bam.bam         --out /home/cachris/geneva/hypoxia/demuxlet_out/8-3/         --tag-UMI UB         --group-list /home/cachris/geneva/hypoxia/cellranger_outputs/8-3/filtered_feature_bc_matrix/barcodes.tsv.gz         --min-callrate 0.2         --alpha 0.0         --alpha 0.5         > /home/cachris/geneva/hypoxia/logs/demuxlet/8-3.log 2>&1         && mv ./8-3/ /home/cachris/geneva/hypoxia/demuxlet_out/8-3/
        
        (one of the commands exited with non-zero exit code; note that snakemake uses bash strict mode!)

Complete log: .snakemake/log/2023-08-30T144321.288256.snakemake.log
