Building DAG of jobs...
Using shell: /usr/bin/bash
Provided cores: 20
Rules claiming more threads will be scaled down.
Job stats:
job                    count
-------------------  -------
all                        1
cellranger_combined        6
demuxlet                   6
total                     13

Select jobs to execute...

[Thu Sep  7 10:16:10 2023]
rule demuxlet:
    input: /home/cachris/geneva/hypoxia/cellranger_outputs/60-4/possorted_genome_bam.bam, /home/cachris/geneva/hypoxia/merged_vcf.vcf.gz
    output: /home/cachris/geneva/hypoxia/demuxlet_out/60-4/60-4.best
    log: /home/cachris/geneva/hypoxia/logs/demuxlet/60-4.log
    jobid: 145
    reason: Missing output files: /home/cachris/geneva/hypoxia/demuxlet_out/60-4/60-4.best
    wildcards: sc_samples=60-4
    resources: tmpdir=/tmp

Activating conda environment: demuxlet

[Thu Sep  7 10:16:10 2023]
rule cellranger_combined:
    input: /home/cachris/geneva/hypoxia/data/TSHG10_hypoxia_GENEVA
    output: /home/cachris/geneva/hypoxia/cellranger_outputs_mm10_hg38_combined/60-4/possorted_genome_bam.bam
    log: /home/cachris/geneva/hypoxia/logs/cellranger/60-4.log
    jobid: 134
    reason: Missing output files: /home/cachris/geneva/hypoxia/cellranger_outputs_mm10_hg38_combined/60-4/possorted_genome_bam.bam
    wildcards: sc_samples=60-4
    threads: 18
    resources: tmpdir=/tmp


[Thu Sep  7 10:16:10 2023]
rule demuxlet:
    input: /home/cachris/geneva/hypoxia/cellranger_outputs/60-1/possorted_genome_bam.bam, /home/cachris/geneva/hypoxia/merged_vcf.vcf.gz
    output: /home/cachris/geneva/hypoxia/demuxlet_out/60-1/60-1.best
    log: /home/cachris/geneva/hypoxia/logs/demuxlet/60-1.log
    jobid: 143
    reason: Missing output files: /home/cachris/geneva/hypoxia/demuxlet_out/60-1/60-1.best; Set of input files has changed since last execution
    wildcards: sc_samples=60-1
    resources: tmpdir=/tmp

Activating conda environment: demuxlet
[Thu Sep  7 10:16:11 2023]
Error in rule cellranger_combined:
    jobid: 134
    input: /home/cachris/geneva/hypoxia/data/TSHG10_hypoxia_GENEVA
    output: /home/cachris/geneva/hypoxia/cellranger_outputs_mm10_hg38_combined/60-4/possorted_genome_bam.bam
    log: /home/cachris/geneva/hypoxia/logs/cellranger/60-4.log (check log file(s) for error details)
    shell:
        
        cellranger count         --id=60-4         --fastqs=/home/cachris/geneva/hypoxia/data/TSHG10_hypoxia_GENEVA        --transcriptome=/home/cachris/geneva/refdata-gex-GRCh38-and-mm10-2020-A/         --sample=60-4         --localcores=18 > /home/cachris/geneva/hypoxia/logs/cellranger/60-4.log 2>&1         && mv 60-4/outs/* /home/cachris/geneva/hypoxia/cellranger_outputs_mm10_hg38_combined/60-4/         && rm -r 60-4/
        
        (one of the commands exited with non-zero exit code; note that snakemake uses bash strict mode!)

Terminating processes on user request, this might take some time.
[Thu Sep  7 10:16:17 2023]
Error in rule demuxlet:
    jobid: 143
    input: /home/cachris/geneva/hypoxia/cellranger_outputs/60-1/possorted_genome_bam.bam, /home/cachris/geneva/hypoxia/merged_vcf.vcf.gz
    output: /home/cachris/geneva/hypoxia/demuxlet_out/60-1/60-1.best
    log: /home/cachris/geneva/hypoxia/logs/demuxlet/60-1.log (check log file(s) for error details)
    conda-env: demuxlet
    shell:
        
        demuxlet         --vcf /home/cachris/geneva/hypoxia/merged_vcf.vcf.gz         --sam /home/cachris/geneva/hypoxia/cellranger_outputs/60-1/possorted_genome_bam.bam         --out 60-1         --tag-UMI UB         --group-list /home/cachris/geneva/hypoxia/cellranger_outputs/60-1/filtered_feature_bc_matrix/barcodes.tsv.gz         --field GT         --alpha 0.0         --alpha 0.5         > /home/cachris/geneva/hypoxia/logs/demuxlet/60-1.log 2>&1         && mv 60-1* /home/cachris/geneva/hypoxia/demuxlet_out/60-1/
        
        (one of the commands exited with non-zero exit code; note that snakemake uses bash strict mode!)

[Thu Sep  7 10:16:17 2023]
Error in rule demuxlet:
    jobid: 145
    input: /home/cachris/geneva/hypoxia/cellranger_outputs/60-4/possorted_genome_bam.bam, /home/cachris/geneva/hypoxia/merged_vcf.vcf.gz
    output: /home/cachris/geneva/hypoxia/demuxlet_out/60-4/60-4.best
    log: /home/cachris/geneva/hypoxia/logs/demuxlet/60-4.log (check log file(s) for error details)
    conda-env: demuxlet
    shell:
        
        demuxlet         --vcf /home/cachris/geneva/hypoxia/merged_vcf.vcf.gz         --sam /home/cachris/geneva/hypoxia/cellranger_outputs/60-4/possorted_genome_bam.bam         --out 60-4         --tag-UMI UB         --group-list /home/cachris/geneva/hypoxia/cellranger_outputs/60-4/filtered_feature_bc_matrix/barcodes.tsv.gz         --field GT         --alpha 0.0         --alpha 0.5         > /home/cachris/geneva/hypoxia/logs/demuxlet/60-4.log 2>&1         && mv 60-4* /home/cachris/geneva/hypoxia/demuxlet_out/60-4/
        
        (one of the commands exited with non-zero exit code; note that snakemake uses bash strict mode!)

Complete log: .snakemake/log/2023-09-07T101606.904385.snakemake.log
