Building DAG of jobs...
Using shell: /usr/bin/bash
Provided cores: 12
Rules claiming more threads will be scaled down.
Job stats:
job          count
---------  -------
all              1
demuxlet         6
merge_vcf        1
vcf             20
total           28

Select jobs to execute...

[Mon Sep 18 12:34:04 2023]
rule vcf:
    input: /home/cachris/projects/geneva/hypoxia/dedup_bams/LN229/Aligned.sortedByCoord.out.bam
    output: /home/cachris/projects/geneva/hypoxia/vcfs2/LN229.vcf.gz
    log: /home/cachris/projects/geneva/hypoxia/logs/vcf/LN229.log
    jobid: 118
    reason: Code has changed since last execution
    wildcards: sample=LN229
    resources: tmpdir=/tmp

Activating conda environment: bcftools

[Mon Sep 18 12:34:05 2023]
rule vcf:
    input: /home/cachris/projects/geneva/hypoxia/dedup_bams/Hep3b/Aligned.sortedByCoord.out.bam
    output: /home/cachris/projects/geneva/hypoxia/vcfs2/Hep3b.vcf.gz
    log: /home/cachris/projects/geneva/hypoxia/logs/vcf/Hep3b.log
    jobid: 94
    reason: Code has changed since last execution
    wildcards: sample=Hep3b
    resources: tmpdir=/tmp

Activating conda environment: bcftools

[Mon Sep 18 12:34:05 2023]
rule vcf:
    input: /home/cachris/projects/geneva/hypoxia/dedup_bams/U87/Aligned.sortedByCoord.out.bam
    output: /home/cachris/projects/geneva/hypoxia/vcfs2/U87.vcf.gz
    log: /home/cachris/projects/geneva/hypoxia/logs/vcf/U87.log
    jobid: 112
    reason: Code has changed since last execution
    wildcards: sample=U87
    resources: tmpdir=/tmp


Activating conda environment: bcftools
[Mon Sep 18 12:34:05 2023]
rule vcf:
    input: /home/cachris/projects/geneva/hypoxia/dedup_bams/SH4/Aligned.sortedByCoord.out.bam
    output: /home/cachris/projects/geneva/hypoxia/vcfs2/SH4.vcf.gz
    log: /home/cachris/projects/geneva/hypoxia/logs/vcf/SH4.log
    jobid: 15
    reason: Code has changed since last execution
    wildcards: sample=SH4
    resources: tmpdir=/tmp


Activating conda environment: bcftools
[Mon Sep 18 12:34:05 2023]
rule vcf:
    input: /home/cachris/projects/geneva/hypoxia/dedup_bams/786O/Aligned.sortedByCoord.out.bam
    output: /home/cachris/projects/geneva/hypoxia/vcfs2/786O.vcf.gz
    log: /home/cachris/projects/geneva/hypoxia/logs/vcf/786O.log
    jobid: 100
    reason: Code has changed since last execution
    wildcards: sample=786O
    resources: tmpdir=/tmp

Activating conda environment: bcftools

[Mon Sep 18 12:34:05 2023]
rule vcf:
    input: /home/cachris/projects/geneva/hypoxia/dedup_bams/Caki1/Aligned.sortedByCoord.out.bam
    output: /home/cachris/projects/geneva/hypoxia/vcfs2/Caki1.vcf.gz
    log: /home/cachris/projects/geneva/hypoxia/logs/vcf/Caki1.log
    jobid: 106
    reason: Code has changed since last execution
    wildcards: sample=Caki1
    resources: tmpdir=/tmp

Activating conda environment: bcftools

[Mon Sep 18 12:34:05 2023]
rule vcf:
    input: /home/cachris/projects/geneva/hypoxia/dedup_bams/H441/Aligned.sortedByCoord.out.bam
    output: /home/cachris/projects/geneva/hypoxia/vcfs2/H441.vcf.gz
    log: /home/cachris/projects/geneva/hypoxia/logs/vcf/H441.log
    jobid: 80
    reason: Code has changed since last execution
    wildcards: sample=H441
    resources: tmpdir=/tmp

Activating conda environment: bcftools

[Mon Sep 18 12:34:05 2023]
rule vcf:
    input: /home/cachris/projects/geneva/hypoxia/dedup_bams/HCC1806/Aligned.sortedByCoord.out.bam
    output: /home/cachris/projects/geneva/hypoxia/vcfs2/HCC1806.vcf.gz
    log: /home/cachris/projects/geneva/hypoxia/logs/vcf/HCC1806.log
    jobid: 62
    reason: Code has changed since last execution
    wildcards: sample=HCC1806
    resources: tmpdir=/tmp


Activating conda environment: bcftools
[Mon Sep 18 12:34:05 2023]
rule vcf:
    input: /home/cachris/projects/geneva/hypoxia/dedup_bams/MDA231/Aligned.sortedByCoord.out.bam
    output: /home/cachris/projects/geneva/hypoxia/vcfs2/MDA231.vcf.gz
    log: /home/cachris/projects/geneva/hypoxia/logs/vcf/MDA231.log
    jobid: 56
    reason: Code has changed since last execution
    wildcards: sample=MDA231
    resources: tmpdir=/tmp


Activating conda environment: bcftools
[Mon Sep 18 12:34:05 2023]
rule vcf:
    input: /home/cachris/projects/geneva/hypoxia/dedup_bams/LNCaP/Aligned.sortedByCoord.out.bam
    output: /home/cachris/projects/geneva/hypoxia/vcfs2/LNCaP.vcf.gz
    log: /home/cachris/projects/geneva/hypoxia/logs/vcf/LNCaP.log
    jobid: 74
    reason: Forced execution
    wildcards: sample=LNCaP
    resources: tmpdir=/tmp

Activating conda environment: bcftools

[Mon Sep 18 12:34:05 2023]
rule vcf:
    input: /home/cachris/projects/geneva/hypoxia/dedup_bams/SW620/Aligned.sortedByCoord.out.bam
    output: /home/cachris/projects/geneva/hypoxia/vcfs2/SW620.vcf.gz
    log: /home/cachris/projects/geneva/hypoxia/logs/vcf/SW620.log
    jobid: 39
    reason: Forced execution
    wildcards: sample=SW620
    resources: tmpdir=/tmp

Activating conda environment: bcftools

[Mon Sep 18 12:34:05 2023]
rule vcf:
    input: /home/cachris/projects/geneva/hypoxia/dedup_bams/HCT15/Aligned.sortedByCoord.out.bam
    output: /home/cachris/projects/geneva/hypoxia/vcfs2/HCT15.vcf.gz
    log: /home/cachris/projects/geneva/hypoxia/logs/vcf/HCT15.log
    jobid: 33
    reason: Code has changed since last execution
    wildcards: sample=HCT15
    resources: tmpdir=/tmp

Activating conda environment: bcftools
[Mon Sep 18 12:39:03 2023]
Finished job 80.
1 of 28 steps (4%) done
Select jobs to execute...

[Mon Sep 18 12:39:03 2023]
rule vcf:
    input: /home/cachris/projects/geneva/hypoxia/dedup_bams/143B/Aligned.sortedByCoord.out.bam
    output: /home/cachris/projects/geneva/hypoxia/vcfs2/143B.vcf.gz
    log: /home/cachris/projects/geneva/hypoxia/logs/vcf/143B.log
    jobid: 51
    reason: Code has changed since last execution
    wildcards: sample=143B
    resources: tmpdir=/tmp

Activating conda environment: bcftools
[Mon Sep 18 12:39:41 2023]
Finished job 33.
2 of 28 steps (7%) done
Select jobs to execute...

[Mon Sep 18 12:39:41 2023]
rule vcf:
    input: /home/cachris/projects/geneva/hypoxia/dedup_bams/A375/Aligned.sortedByCoord.out.bam
    output: /home/cachris/projects/geneva/hypoxia/vcfs2/A375.vcf.gz
    log: /home/cachris/projects/geneva/hypoxia/logs/vcf/A375.log
    jobid: 9
    reason: Code has changed since last execution
    wildcards: sample=A375
    resources: tmpdir=/tmp

Activating conda environment: bcftools
[Mon Sep 18 12:40:09 2023]
Finished job 100.
3 of 28 steps (11%) done
Select jobs to execute...

[Mon Sep 18 12:40:09 2023]
rule vcf:
    input: /home/cachris/projects/geneva/hypoxia/dedup_bams/HepG2/Aligned.sortedByCoord.out.bam
    output: /home/cachris/projects/geneva/hypoxia/vcfs2/HepG2.vcf.gz
    log: /home/cachris/projects/geneva/hypoxia/logs/vcf/HepG2.log
    jobid: 88
    reason: Code has changed since last execution
    wildcards: sample=HepG2
    resources: tmpdir=/tmp

Activating conda environment: bcftools
[Mon Sep 18 12:40:50 2023]
Finished job 118.
4 of 28 steps (14%) done
Select jobs to execute...

[Mon Sep 18 12:40:50 2023]
rule vcf:
    input: /home/cachris/projects/geneva/hypoxia/dedup_bams/PC3/Aligned.sortedByCoord.out.bam
    output: /home/cachris/projects/geneva/hypoxia/vcfs2/PC3.vcf.gz
    log: /home/cachris/projects/geneva/hypoxia/logs/vcf/PC3.log
    jobid: 68
    reason: Forced execution
    wildcards: sample=PC3
    resources: tmpdir=/tmp

Activating conda environment: bcftools
Terminating processes on user request, this might take some time.
[Mon Sep 18 12:41:30 2023]
Error in rule vcf:
    jobid: 51
    input: /home/cachris/projects/geneva/hypoxia/dedup_bams/143B/Aligned.sortedByCoord.out.bam
    output: /home/cachris/projects/geneva/hypoxia/vcfs2/143B.vcf.gz
    log: /home/cachris/projects/geneva/hypoxia/logs/vcf/143B.log (check log file(s) for error details)
    conda-env: bcftools
    shell:
        
        bcftools mpileup         -d 115         -C 50         -Ou -f /home/genomes/cellranger_refs/refdata-gex-GRCh38-2020-A/fasta/genome.fa /home/cachris/projects/geneva/hypoxia/dedup_bams/143B/Aligned.sortedByCoord.out.bam 2> /home/cachris/projects/geneva/hypoxia/logs/vcf/143B.log |         bcftools call         -Ou -mv -f GP - 2> /home/cachris/projects/geneva/hypoxia/logs/vcf/143B.log |         bcftools filter         -e 'QUAL<15 || DP>250 || MAF<0.2'         -Ou -o /home/cachris/projects/geneva/hypoxia/vcfs2/143B.vcf.gz - 2> /home/cachris/projects/geneva/hypoxia/logs/vcf/143B.log 
        
        (one of the commands exited with non-zero exit code; note that snakemake uses bash strict mode!)

[Mon Sep 18 12:41:30 2023]
Error in rule vcf:
    jobid: 112
    input: /home/cachris/projects/geneva/hypoxia/dedup_bams/U87/Aligned.sortedByCoord.out.bam
    output: /home/cachris/projects/geneva/hypoxia/vcfs2/U87.vcf.gz
    log: /home/cachris/projects/geneva/hypoxia/logs/vcf/U87.log (check log file(s) for error details)
    conda-env: bcftools
    shell:
        
        bcftools mpileup         -d 115         -C 50         -Ou -f /home/genomes/cellranger_refs/refdata-gex-GRCh38-2020-A/fasta/genome.fa /home/cachris/projects/geneva/hypoxia/dedup_bams/U87/Aligned.sortedByCoord.out.bam 2> /home/cachris/projects/geneva/hypoxia/logs/vcf/U87.log |         bcftools call         -Ou -mv -f GP - 2> /home/cachris/projects/geneva/hypoxia/logs/vcf/U87.log |         bcftools filter         -e 'QUAL<15 || DP>250 || MAF<0.2'         -Ou -o /home/cachris/projects/geneva/hypoxia/vcfs2/U87.vcf.gz - 2> /home/cachris/projects/geneva/hypoxia/logs/vcf/U87.log 
        
        (one of the commands exited with non-zero exit code; note that snakemake uses bash strict mode!)

[Mon Sep 18 12:41:30 2023]
[Mon Sep 18 12:41:30 2023]
[Mon Sep 18 12:41:30 2023]
Error in rule vcf:
    jobid: 56
    input: /home/cachris/projects/geneva/hypoxia/dedup_bams/MDA231/Aligned.sortedByCoord.out.bam
    output: /home/cachris/projects/geneva/hypoxia/vcfs2/MDA231.vcf.gz
    log: /home/cachris/projects/geneva/hypoxia/logs/vcf/MDA231.log (check log file(s) for error details)
    conda-env: bcftools
    shell:
        
        bcftools mpileup         -d 115         -C 50         -Ou -f /home/genomes/cellranger_refs/refdata-gex-GRCh38-2020-A/fasta/genome.fa /home/cachris/projects/geneva/hypoxia/dedup_bams/MDA231/Aligned.sortedByCoord.out.bam 2> /home/cachris/projects/geneva/hypoxia/logs/vcf/MDA231.log |         bcftools call         -Ou -mv -f GP - 2> /home/cachris/projects/geneva/hypoxia/logs/vcf/MDA231.log |         bcftools filter         -e 'QUAL<15 || DP>250 || MAF<0.2'         -Ou -o /home/cachris/projects/geneva/hypoxia/vcfs2/MDA231.vcf.gz - 2> /home/cachris/projects/geneva/hypoxia/logs/vcf/MDA231.log 
        
        (one of the commands exited with non-zero exit code; note that snakemake uses bash strict mode!)

Error in rule vcf:
    jobid: 9
    input: /home/cachris/projects/geneva/hypoxia/dedup_bams/A375/Aligned.sortedByCoord.out.bam
    output: /home/cachris/projects/geneva/hypoxia/vcfs2/A375.vcf.gz
    log: /home/cachris/projects/geneva/hypoxia/logs/vcf/A375.log (check log file(s) for error details)
    conda-env: bcftools
    shell:
        
        bcftools mpileup         -d 115         -C 50         -Ou -f /home/genomes/cellranger_refs/refdata-gex-GRCh38-2020-A/fasta/genome.fa /home/cachris/projects/geneva/hypoxia/dedup_bams/A375/Aligned.sortedByCoord.out.bam 2> /home/cachris/projects/geneva/hypoxia/logs/vcf/A375.log |         bcftools call         -Ou -mv -f GP - 2> /home/cachris/projects/geneva/hypoxia/logs/vcf/A375.log |         bcftools filter         -e 'QUAL<15 || DP>250 || MAF<0.2'         -Ou -o /home/cachris/projects/geneva/hypoxia/vcfs2/A375.vcf.gz - 2> /home/cachris/projects/geneva/hypoxia/logs/vcf/A375.log 
        
        (one of the commands exited with non-zero exit code; note that snakemake uses bash strict mode!)

Error in rule vcf:
    jobid: 74
    input: /home/cachris/projects/geneva/hypoxia/dedup_bams/LNCaP/Aligned.sortedByCoord.out.bam
    output: /home/cachris/projects/geneva/hypoxia/vcfs2/LNCaP.vcf.gz
    log: /home/cachris/projects/geneva/hypoxia/logs/vcf/LNCaP.log (check log file(s) for error details)
    conda-env: bcftools
    shell:
        
        bcftools mpileup         -d 115         -C 50         -Ou -f /home/genomes/cellranger_refs/refdata-gex-GRCh38-2020-A/fasta/genome.fa /home/cachris/projects/geneva/hypoxia/dedup_bams/LNCaP/Aligned.sortedByCoord.out.bam 2> /home/cachris/projects/geneva/hypoxia/logs/vcf/LNCaP.log |         bcftools call         -Ou -mv -f GP - 2> /home/cachris/projects/geneva/hypoxia/logs/vcf/LNCaP.log |         bcftools filter         -e 'QUAL<15 || DP>250 || MAF<0.2'         -Ou -o /home/cachris/projects/geneva/hypoxia/vcfs2/LNCaP.vcf.gz - 2> /home/cachris/projects/geneva/hypoxia/logs/vcf/LNCaP.log 
        
        (one of the commands exited with non-zero exit code; note that snakemake uses bash strict mode!)

[Mon Sep 18 12:41:30 2023]
[Mon Sep 18 12:41:30 2023]
[Mon Sep 18 12:41:30 2023]
Error in rule vcf:
    jobid: 88
    input: /home/cachris/projects/geneva/hypoxia/dedup_bams/HepG2/Aligned.sortedByCoord.out.bam
    output: /home/cachris/projects/geneva/hypoxia/vcfs2/HepG2.vcf.gz
    log: /home/cachris/projects/geneva/hypoxia/logs/vcf/HepG2.log (check log file(s) for error details)
    conda-env: bcftools
    shell:
        
        bcftools mpileup         -d 115         -C 50         -Ou -f /home/genomes/cellranger_refs/refdata-gex-GRCh38-2020-A/fasta/genome.fa /home/cachris/projects/geneva/hypoxia/dedup_bams/HepG2/Aligned.sortedByCoord.out.bam 2> /home/cachris/projects/geneva/hypoxia/logs/vcf/HepG2.log |         bcftools call         -Ou -mv -f GP - 2> /home/cachris/projects/geneva/hypoxia/logs/vcf/HepG2.log |         bcftools filter         -e 'QUAL<15 || DP>250 || MAF<0.2'         -Ou -o /home/cachris/projects/geneva/hypoxia/vcfs2/HepG2.vcf.gz - 2> /home/cachris/projects/geneva/hypoxia/logs/vcf/HepG2.log 
        
        (one of the commands exited with non-zero exit code; note that snakemake uses bash strict mode!)

Error in rule vcf:
    jobid: 68
    input: /home/cachris/projects/geneva/hypoxia/dedup_bams/PC3/Aligned.sortedByCoord.out.bam
    output: /home/cachris/projects/geneva/hypoxia/vcfs2/PC3.vcf.gz
    log: /home/cachris/projects/geneva/hypoxia/logs/vcf/PC3.log (check log file(s) for error details)
    conda-env: bcftools
    shell:
        
        bcftools mpileup         -d 115         -C 50         -Ou -f /home/genomes/cellranger_refs/refdata-gex-GRCh38-2020-A/fasta/genome.fa /home/cachris/projects/geneva/hypoxia/dedup_bams/PC3/Aligned.sortedByCoord.out.bam 2> /home/cachris/projects/geneva/hypoxia/logs/vcf/PC3.log |         bcftools call         -Ou -mv -f GP - 2> /home/cachris/projects/geneva/hypoxia/logs/vcf/PC3.log |         bcftools filter         -e 'QUAL<15 || DP>250 || MAF<0.2'         -Ou -o /home/cachris/projects/geneva/hypoxia/vcfs2/PC3.vcf.gz - 2> /home/cachris/projects/geneva/hypoxia/logs/vcf/PC3.log 
        
        (one of the commands exited with non-zero exit code; note that snakemake uses bash strict mode!)

Error in rule vcf:
    jobid: 39
    input: /home/cachris/projects/geneva/hypoxia/dedup_bams/SW620/Aligned.sortedByCoord.out.bam
    output: /home/cachris/projects/geneva/hypoxia/vcfs2/SW620.vcf.gz
    log: /home/cachris/projects/geneva/hypoxia/logs/vcf/SW620.log (check log file(s) for error details)
    conda-env: bcftools
    shell:
        
        bcftools mpileup         -d 115         -C 50         -Ou -f /home/genomes/cellranger_refs/refdata-gex-GRCh38-2020-A/fasta/genome.fa /home/cachris/projects/geneva/hypoxia/dedup_bams/SW620/Aligned.sortedByCoord.out.bam 2> /home/cachris/projects/geneva/hypoxia/logs/vcf/SW620.log |         bcftools call         -Ou -mv -f GP - 2> /home/cachris/projects/geneva/hypoxia/logs/vcf/SW620.log |         bcftools filter         -e 'QUAL<15 || DP>250 || MAF<0.2'         -Ou -o /home/cachris/projects/geneva/hypoxia/vcfs2/SW620.vcf.gz - 2> /home/cachris/projects/geneva/hypoxia/logs/vcf/SW620.log 
        
        (one of the commands exited with non-zero exit code; note that snakemake uses bash strict mode!)

[Mon Sep 18 12:41:30 2023]
[Mon Sep 18 12:41:30 2023]
[Mon Sep 18 12:41:30 2023]
[Mon Sep 18 12:41:30 2023]
Error in rule vcf:
    jobid: 15
    input: /home/cachris/projects/geneva/hypoxia/dedup_bams/SH4/Aligned.sortedByCoord.out.bam
    output: /home/cachris/projects/geneva/hypoxia/vcfs2/SH4.vcf.gz
    log: /home/cachris/projects/geneva/hypoxia/logs/vcf/SH4.log (check log file(s) for error details)
    conda-env: bcftools
    shell:
        
        bcftools mpileup         -d 115         -C 50         -Ou -f /home/genomes/cellranger_refs/refdata-gex-GRCh38-2020-A/fasta/genome.fa /home/cachris/projects/geneva/hypoxia/dedup_bams/SH4/Aligned.sortedByCoord.out.bam 2> /home/cachris/projects/geneva/hypoxia/logs/vcf/SH4.log |         bcftools call         -Ou -mv -f GP - 2> /home/cachris/projects/geneva/hypoxia/logs/vcf/SH4.log |         bcftools filter         -e 'QUAL<15 || DP>250 || MAF<0.2'         -Ou -o /home/cachris/projects/geneva/hypoxia/vcfs2/SH4.vcf.gz - 2> /home/cachris/projects/geneva/hypoxia/logs/vcf/SH4.log 
        
        (one of the commands exited with non-zero exit code; note that snakemake uses bash strict mode!)

Error in rule vcf:
    jobid: 62
    input: /home/cachris/projects/geneva/hypoxia/dedup_bams/HCC1806/Aligned.sortedByCoord.out.bam
    output: /home/cachris/projects/geneva/hypoxia/vcfs2/HCC1806.vcf.gz
    log: /home/cachris/projects/geneva/hypoxia/logs/vcf/HCC1806.log (check log file(s) for error details)
    conda-env: bcftools
    shell:
        
        bcftools mpileup         -d 115         -C 50         -Ou -f /home/genomes/cellranger_refs/refdata-gex-GRCh38-2020-A/fasta/genome.fa /home/cachris/projects/geneva/hypoxia/dedup_bams/HCC1806/Aligned.sortedByCoord.out.bam 2> /home/cachris/projects/geneva/hypoxia/logs/vcf/HCC1806.log |         bcftools call         -Ou -mv -f GP - 2> /home/cachris/projects/geneva/hypoxia/logs/vcf/HCC1806.log |         bcftools filter         -e 'QUAL<15 || DP>250 || MAF<0.2'         -Ou -o /home/cachris/projects/geneva/hypoxia/vcfs2/HCC1806.vcf.gz - 2> /home/cachris/projects/geneva/hypoxia/logs/vcf/HCC1806.log 
        
        (one of the commands exited with non-zero exit code; note that snakemake uses bash strict mode!)

Error in rule vcf:
    jobid: 106
    input: /home/cachris/projects/geneva/hypoxia/dedup_bams/Caki1/Aligned.sortedByCoord.out.bam
    output: /home/cachris/projects/geneva/hypoxia/vcfs2/Caki1.vcf.gz
    log: /home/cachris/projects/geneva/hypoxia/logs/vcf/Caki1.log (check log file(s) for error details)
    conda-env: bcftools
    shell:
        
        bcftools mpileup         -d 115         -C 50         -Ou -f /home/genomes/cellranger_refs/refdata-gex-GRCh38-2020-A/fasta/genome.fa /home/cachris/projects/geneva/hypoxia/dedup_bams/Caki1/Aligned.sortedByCoord.out.bam 2> /home/cachris/projects/geneva/hypoxia/logs/vcf/Caki1.log |         bcftools call         -Ou -mv -f GP - 2> /home/cachris/projects/geneva/hypoxia/logs/vcf/Caki1.log |         bcftools filter         -e 'QUAL<15 || DP>250 || MAF<0.2'         -Ou -o /home/cachris/projects/geneva/hypoxia/vcfs2/Caki1.vcf.gz - 2> /home/cachris/projects/geneva/hypoxia/logs/vcf/Caki1.log 
        
        (one of the commands exited with non-zero exit code; note that snakemake uses bash strict mode!)

Error in rule vcf:
    jobid: 94
    input: /home/cachris/projects/geneva/hypoxia/dedup_bams/Hep3b/Aligned.sortedByCoord.out.bam
    output: /home/cachris/projects/geneva/hypoxia/vcfs2/Hep3b.vcf.gz
    log: /home/cachris/projects/geneva/hypoxia/logs/vcf/Hep3b.log (check log file(s) for error details)
    conda-env: bcftools
    shell:
        
        bcftools mpileup         -d 115         -C 50         -Ou -f /home/genomes/cellranger_refs/refdata-gex-GRCh38-2020-A/fasta/genome.fa /home/cachris/projects/geneva/hypoxia/dedup_bams/Hep3b/Aligned.sortedByCoord.out.bam 2> /home/cachris/projects/geneva/hypoxia/logs/vcf/Hep3b.log |         bcftools call         -Ou -mv -f GP - 2> /home/cachris/projects/geneva/hypoxia/logs/vcf/Hep3b.log |         bcftools filter         -e 'QUAL<15 || DP>250 || MAF<0.2'         -Ou -o /home/cachris/projects/geneva/hypoxia/vcfs2/Hep3b.vcf.gz - 2> /home/cachris/projects/geneva/hypoxia/logs/vcf/Hep3b.log 
        
        (one of the commands exited with non-zero exit code; note that snakemake uses bash strict mode!)

Complete log: .snakemake/log/2023-09-18T123402.232287.snakemake.log
