Building DAG of jobs...
Using shell: /usr/bin/bash
Provided cores: 20
Rules claiming more threads will be scaled down.
Job stats:
job                    count
-------------------  -------
all                        1
cellranger_combined        5
total                      6

Select jobs to execute...

[Fri Sep  8 10:02:20 2023]
rule cellranger_combined:
    input: /home/cachris/geneva/hypoxia/data/TSHG10_hypoxia_GENEVA
    output: 21-2_barn/outs/possorted_genome_bam.bam
    log: /home/cachris/geneva/hypoxia/logs/cellranger2/21-2.log
    jobid: 131
    reason: Missing output files: 21-2_barn/outs/possorted_genome_bam.bam
    wildcards: sc_samples=21-2
    threads: 18
    resources: tmpdir=/tmp

[Fri Sep  8 10:02:22 2023]
Error in rule cellranger_combined:
    jobid: 131
    input: /home/cachris/geneva/hypoxia/data/TSHG10_hypoxia_GENEVA
    output: 21-2_barn/outs/possorted_genome_bam.bam
    log: /home/cachris/geneva/hypoxia/logs/cellranger2/21-2.log (check log file(s) for error details)
    shell:
        
        cellranger count         --id=21-2_barn         --fastqs=/home/cachris/geneva/hypoxia/data/TSHG10_hypoxia_GENEVA        --transcriptome=/home/cachris/geneva/refdata-gex-GRCh38-and-mm10-2020-A/         --sample=21-2         --localcores=18 > /home/cachris/geneva/hypoxia/logs/cellranger2/21-2.log 2>&1 
        
        (one of the commands exited with non-zero exit code; note that snakemake uses bash strict mode!)

Shutting down, this might take some time.
Exiting because a job execution failed. Look above for error message
Complete log: .snakemake/log/2023-09-08T100217.394764.snakemake.log
