Building DAG of jobs...
Using shell: /usr/bin/bash
Provided cores: 12
Rules claiming more threads will be scaled down.
Job stats:
job          count
---------  -------
all              1
dedup            2
demuxlet         6
index_vcf        2
merge_vcf        1
vcf              2
total           14

Select jobs to execute...

[Tue Sep 19 14:37:19 2023]
rule dedup:
    input: /home/cachris/projects/geneva/hypoxia/star/H441/Aligned.sortedByCoord.out.bam, /home/cachris/projects/geneva/hypoxia/star/H441/Aligned.sortedByCoord.out.bam.bai
    output: /home/cachris/projects/geneva/hypoxia/dedup_bams/H441/Aligned.sortedByCoord.out.bam
    log: /home/cachris/projects/geneva/hypoxia/logs/dedup/H441.log
    jobid: 74
    reason: Missing output files: /home/cachris/projects/geneva/hypoxia/dedup_bams/H441/Aligned.sortedByCoord.out.bam
    wildcards: sample=H441
    resources: tmpdir=/tmp

Activating conda environment: quantseq

[Tue Sep 19 14:37:20 2023]
rule dedup:
    input: /home/cachris/projects/geneva/hypoxia/star/H358/Aligned.sortedByCoord.out.bam, /home/cachris/projects/geneva/hypoxia/star/H358/Aligned.sortedByCoord.out.bam.bai
    output: /home/cachris/projects/geneva/hypoxia/dedup_bams/H358/Aligned.sortedByCoord.out.bam
    log: /home/cachris/projects/geneva/hypoxia/logs/dedup/H358.log
    jobid: 78
    reason: Missing output files: /home/cachris/projects/geneva/hypoxia/dedup_bams/H358/Aligned.sortedByCoord.out.bam
    wildcards: sample=H358
    resources: tmpdir=/tmp

Activating conda environment: quantseq
[Tue Sep 19 14:52:38 2023]
Finished job 74.
1 of 14 steps (7%) done
Select jobs to execute...

[Tue Sep 19 14:52:38 2023]
rule vcf:
    input: /home/cachris/projects/geneva/hypoxia/dedup_bams/H441/Aligned.sortedByCoord.out.bam
    output: /home/cachris/projects/geneva/hypoxia/vcfs3/H441.vcf.gz
    log: /home/cachris/projects/geneva/hypoxia/logs/vcf/H441.log
    jobid: 73
    reason: Missing output files: /home/cachris/projects/geneva/hypoxia/vcfs3/H441.vcf.gz; Input files updated by another job: /home/cachris/projects/geneva/hypoxia/dedup_bams/H441/Aligned.sortedByCoord.out.bam
    wildcards: sample=H441
    resources: tmpdir=/tmp

Activating conda environment: bcftools
[Tue Sep 19 14:53:24 2023]
Finished job 78.
2 of 14 steps (14%) done
Select jobs to execute...

[Tue Sep 19 14:53:24 2023]
rule vcf:
    input: /home/cachris/projects/geneva/hypoxia/dedup_bams/H358/Aligned.sortedByCoord.out.bam
    output: /home/cachris/projects/geneva/hypoxia/vcfs3/H358.vcf.gz
    log: /home/cachris/projects/geneva/hypoxia/logs/vcf/H358.log
    jobid: 77
    reason: Missing output files: /home/cachris/projects/geneva/hypoxia/vcfs3/H358.vcf.gz; Input files updated by another job: /home/cachris/projects/geneva/hypoxia/dedup_bams/H358/Aligned.sortedByCoord.out.bam
    wildcards: sample=H358
    resources: tmpdir=/tmp

Activating conda environment: bcftools
[Tue Sep 19 14:57:27 2023]
Finished job 73.
3 of 14 steps (21%) done
Select jobs to execute...

[Tue Sep 19 14:57:27 2023]
rule index_vcf:
    input: /home/cachris/projects/geneva/hypoxia/vcfs3/H441.vcf.gz
    output: /home/cachris/projects/geneva/hypoxia/vcfs3/H441.vcf.gz.csi
    jobid: 129
    reason: Input files updated by another job: /home/cachris/projects/geneva/hypoxia/vcfs3/H441.vcf.gz
    wildcards: sample=H441
    resources: tmpdir=/tmp

Activating conda environment: bcftools
[Tue Sep 19 14:57:27 2023]
Finished job 129.
4 of 14 steps (29%) done
[Tue Sep 19 14:58:09 2023]
Finished job 77.
5 of 14 steps (36%) done
Select jobs to execute...

[Tue Sep 19 14:58:09 2023]
rule index_vcf:
    input: /home/cachris/projects/geneva/hypoxia/vcfs3/H358.vcf.gz
    output: /home/cachris/projects/geneva/hypoxia/vcfs3/H358.vcf.gz.csi
    jobid: 130
    reason: Input files updated by another job: /home/cachris/projects/geneva/hypoxia/vcfs3/H358.vcf.gz
    wildcards: sample=H358
    resources: tmpdir=/tmp

Activating conda environment: bcftools
[Tue Sep 19 14:58:10 2023]
Finished job 130.
6 of 14 steps (43%) done
Select jobs to execute...

[Tue Sep 19 14:58:10 2023]
rule merge_vcf:
    input: /home/cachris/projects/geneva/hypoxia/vcfs3/A375.vcf.gz, /home/cachris/projects/geneva/hypoxia/vcfs3/SH4.vcf.gz, /home/cachris/projects/geneva/hypoxia/vcfs3/Panc1.vcf.gz, /home/cachris/projects/geneva/hypoxia/vcfs3/BxPC3.vcf.gz, /home/cachris/projects/geneva/hypoxia/vcfs3/HCT15.vcf.gz, /home/cachris/projects/geneva/hypoxia/vcfs3/SW620.vcf.gz, /home/cachris/projects/geneva/hypoxia/vcfs3/SJSA1.vcf.gz, /home/cachris/projects/geneva/hypoxia/vcfs3/143B.vcf.gz, /home/cachris/projects/geneva/hypoxia/vcfs3/MDA231.vcf.gz, /home/cachris/projects/geneva/hypoxia/vcfs3/HCC1806.vcf.gz, /home/cachris/projects/geneva/hypoxia/vcfs3/PC3.vcf.gz, /home/cachris/projects/geneva/hypoxia/vcfs3/LNCaP.vcf.gz, /home/cachris/projects/geneva/hypoxia/vcfs3/H441.vcf.gz, /home/cachris/projects/geneva/hypoxia/vcfs3/H358.vcf.gz, /home/cachris/projects/geneva/hypoxia/vcfs3/HepG2.vcf.gz, /home/cachris/projects/geneva/hypoxia/vcfs3/Hep3b.vcf.gz, /home/cachris/projects/geneva/hypoxia/vcfs3/786O.vcf.gz, /home/cachris/projects/geneva/hypoxia/vcfs3/Caki1.vcf.gz, /home/cachris/projects/geneva/hypoxia/vcfs3/U87.vcf.gz, /home/cachris/projects/geneva/hypoxia/vcfs3/LN229.vcf.gz, /home/cachris/projects/geneva/hypoxia/vcfs3/A375.vcf.gz.csi, /home/cachris/projects/geneva/hypoxia/vcfs3/SH4.vcf.gz.csi, /home/cachris/projects/geneva/hypoxia/vcfs3/Panc1.vcf.gz.csi, /home/cachris/projects/geneva/hypoxia/vcfs3/BxPC3.vcf.gz.csi, /home/cachris/projects/geneva/hypoxia/vcfs3/HCT15.vcf.gz.csi, /home/cachris/projects/geneva/hypoxia/vcfs3/SW620.vcf.gz.csi, /home/cachris/projects/geneva/hypoxia/vcfs3/SJSA1.vcf.gz.csi, /home/cachris/projects/geneva/hypoxia/vcfs3/143B.vcf.gz.csi, /home/cachris/projects/geneva/hypoxia/vcfs3/MDA231.vcf.gz.csi, /home/cachris/projects/geneva/hypoxia/vcfs3/HCC1806.vcf.gz.csi, /home/cachris/projects/geneva/hypoxia/vcfs3/PC3.vcf.gz.csi, /home/cachris/projects/geneva/hypoxia/vcfs3/LNCaP.vcf.gz.csi, /home/cachris/projects/geneva/hypoxia/vcfs3/H441.vcf.gz.csi, /home/cachris/projects/geneva/hypoxia/vcfs3/H358.vcf.gz.csi, /home/cachris/projects/geneva/hypoxia/vcfs3/HepG2.vcf.gz.csi, /home/cachris/projects/geneva/hypoxia/vcfs3/Hep3b.vcf.gz.csi, /home/cachris/projects/geneva/hypoxia/vcfs3/786O.vcf.gz.csi, /home/cachris/projects/geneva/hypoxia/vcfs3/Caki1.vcf.gz.csi, /home/cachris/projects/geneva/hypoxia/vcfs3/U87.vcf.gz.csi, /home/cachris/projects/geneva/hypoxia/vcfs3/LN229.vcf.gz.csi
    output: /home/cachris/projects/geneva/hypoxia/merged_vcf3.vcf.gz
    jobid: 1
    reason: Missing output files: /home/cachris/projects/geneva/hypoxia/merged_vcf3.vcf.gz; Input files updated by another job: /home/cachris/projects/geneva/hypoxia/vcfs3/H358.vcf.gz.csi, /home/cachris/projects/geneva/hypoxia/vcfs3/H441.vcf.gz.csi, /home/cachris/projects/geneva/hypoxia/vcfs3/H358.vcf.gz, /home/cachris/projects/geneva/hypoxia/vcfs3/H441.vcf.gz
    resources: tmpdir=/tmp

Activating conda environment: bcftools
[Tue Sep 19 14:58:13 2023]
Finished job 1.
7 of 14 steps (50%) done
Select jobs to execute...

[Tue Sep 19 14:58:13 2023]
rule demuxlet:
    input: /home/cachris/projects/geneva/hypoxia/cellranger_outputs/8-3/possorted_genome_bam.bam, /home/cachris/projects/geneva/hypoxia/merged_vcf3.vcf.gz
    output: /home/cachris/projects/geneva/hypoxia/demuxlet_out5/8-3/8-3.best
    log: /home/cachris/projects/geneva/hypoxia/logs/demuxlet/8-3.log
    jobid: 143
    reason: Missing output files: /home/cachris/projects/geneva/hypoxia/demuxlet_out5/8-3/8-3.best; Input files updated by another job: /home/cachris/projects/geneva/hypoxia/merged_vcf3.vcf.gz
    wildcards: sc_samples=8-3
    resources: tmpdir=/tmp


Activating conda environment: demuxlet
[Tue Sep 19 14:58:13 2023]
rule demuxlet:
    input: /home/cachris/projects/geneva/hypoxia/cellranger_outputs/21-2/possorted_genome_bam.bam, /home/cachris/projects/geneva/hypoxia/merged_vcf3.vcf.gz
    output: /home/cachris/projects/geneva/hypoxia/demuxlet_out5/21-2/21-2.best
    log: /home/cachris/projects/geneva/hypoxia/logs/demuxlet/21-2.log
    jobid: 145
    reason: Missing output files: /home/cachris/projects/geneva/hypoxia/demuxlet_out5/21-2/21-2.best; Input files updated by another job: /home/cachris/projects/geneva/hypoxia/merged_vcf3.vcf.gz
    wildcards: sc_samples=21-2
    resources: tmpdir=/tmp

Activating conda environment: demuxlet

[Tue Sep 19 14:58:13 2023]
rule demuxlet:
    input: /home/cachris/projects/geneva/hypoxia/cellranger_outputs/60-4/possorted_genome_bam.bam, /home/cachris/projects/geneva/hypoxia/merged_vcf3.vcf.gz
    output: /home/cachris/projects/geneva/hypoxia/demuxlet_out5/60-4/60-4.best
    log: /home/cachris/projects/geneva/hypoxia/logs/demuxlet/60-4.log
    jobid: 148
    reason: Missing output files: /home/cachris/projects/geneva/hypoxia/demuxlet_out5/60-4/60-4.best; Input files updated by another job: /home/cachris/projects/geneva/hypoxia/merged_vcf3.vcf.gz
    wildcards: sc_samples=60-4
    resources: tmpdir=/tmp

Activating conda environment: demuxlet

[Tue Sep 19 14:58:13 2023]
rule demuxlet:
    input: /home/cachris/projects/geneva/hypoxia/cellranger_outputs/8-4/possorted_genome_bam.bam, /home/cachris/projects/geneva/hypoxia/merged_vcf3.vcf.gz
    output: /home/cachris/projects/geneva/hypoxia/demuxlet_out5/8-4/8-4.best
    log: /home/cachris/projects/geneva/hypoxia/logs/demuxlet/8-4.log
    jobid: 144
    reason: Missing output files: /home/cachris/projects/geneva/hypoxia/demuxlet_out5/8-4/8-4.best; Input files updated by another job: /home/cachris/projects/geneva/hypoxia/merged_vcf3.vcf.gz
    wildcards: sc_samples=8-4
    resources: tmpdir=/tmp


Activating conda environment: demuxlet
[Tue Sep 19 14:58:13 2023]
rule demuxlet:
    input: /home/cachris/projects/geneva/hypoxia/cellranger_outputs/21-4/possorted_genome_bam.bam, /home/cachris/projects/geneva/hypoxia/merged_vcf3.vcf.gz
    output: /home/cachris/projects/geneva/hypoxia/demuxlet_out5/21-4/21-4.best
    log: /home/cachris/projects/geneva/hypoxia/logs/demuxlet/21-4.log
    jobid: 146
    reason: Missing output files: /home/cachris/projects/geneva/hypoxia/demuxlet_out5/21-4/21-4.best; Input files updated by another job: /home/cachris/projects/geneva/hypoxia/merged_vcf3.vcf.gz
    wildcards: sc_samples=21-4
    resources: tmpdir=/tmp

Activating conda environment: demuxlet

[Tue Sep 19 14:58:13 2023]
rule demuxlet:
    input: /home/cachris/projects/geneva/hypoxia/cellranger_outputs/60-1/possorted_genome_bam.bam, /home/cachris/projects/geneva/hypoxia/merged_vcf3.vcf.gz
    output: /home/cachris/projects/geneva/hypoxia/demuxlet_out5/60-1/60-1.best
    log: /home/cachris/projects/geneva/hypoxia/logs/demuxlet/60-1.log
    jobid: 147
    reason: Missing output files: /home/cachris/projects/geneva/hypoxia/demuxlet_out5/60-1/60-1.best; Input files updated by another job: /home/cachris/projects/geneva/hypoxia/merged_vcf3.vcf.gz
    wildcards: sc_samples=60-1
    resources: tmpdir=/tmp

Activating conda environment: demuxlet
Terminating processes on user request, this might take some time.
[Tue Sep 19 16:07:45 2023]
Error in rule demuxlet:
    jobid: 145
    input: /home/cachris/projects/geneva/hypoxia/cellranger_outputs/21-2/possorted_genome_bam.bam, /home/cachris/projects/geneva/hypoxia/merged_vcf3.vcf.gz
    output: /home/cachris/projects/geneva/hypoxia/demuxlet_out5/21-2/21-2.best
    log: /home/cachris/projects/geneva/hypoxia/logs/demuxlet/21-2.log (check log file(s) for error details)
    conda-env: demuxlet
    shell:
        
        demuxlet         --vcf /home/cachris/projects/geneva/hypoxia/merged_vcf3.vcf.gz         --sam /home/cachris/projects/geneva/hypoxia/cellranger_outputs/21-2/possorted_genome_bam.bam         --out 21-2         --tag-UMI UB         --group-list /home/cachris/projects/geneva/hypoxia/analysis/mouse_cell_removal/21-2CellsBySpecies/humancells.txt         --field GT         --alpha 0.0         --geno-error 0.1         --alpha 0.5         > /home/cachris/projects/geneva/hypoxia/logs/demuxlet/21-2.log 2>&1         && mv 21-2* /home/cachris/projects/geneva/hypoxia/demuxlet_out5/21-2/
        
        (one of the commands exited with non-zero exit code; note that snakemake uses bash strict mode!)

[Tue Sep 19 16:07:45 2023]
Error in rule demuxlet:
    jobid: 147
    input: /home/cachris/projects/geneva/hypoxia/cellranger_outputs/60-1/possorted_genome_bam.bam, /home/cachris/projects/geneva/hypoxia/merged_vcf3.vcf.gz
    output: /home/cachris/projects/geneva/hypoxia/demuxlet_out5/60-1/60-1.best
    log: /home/cachris/projects/geneva/hypoxia/logs/demuxlet/60-1.log (check log file(s) for error details)
    conda-env: demuxlet
    shell:
        
        demuxlet         --vcf /home/cachris/projects/geneva/hypoxia/merged_vcf3.vcf.gz         --sam /home/cachris/projects/geneva/hypoxia/cellranger_outputs/60-1/possorted_genome_bam.bam         --out 60-1         --tag-UMI UB         --group-list /home/cachris/projects/geneva/hypoxia/analysis/mouse_cell_removal/60-1CellsBySpecies/humancells.txt         --field GT         --alpha 0.0         --geno-error 0.1         --alpha 0.5         > /home/cachris/projects/geneva/hypoxia/logs/demuxlet/60-1.log 2>&1         && mv 60-1* /home/cachris/projects/geneva/hypoxia/demuxlet_out5/60-1/
        
        (one of the commands exited with non-zero exit code; note that snakemake uses bash strict mode!)

[Tue Sep 19 16:07:45 2023]
Error in rule demuxlet:
    jobid: 143
    input: /home/cachris/projects/geneva/hypoxia/cellranger_outputs/8-3/possorted_genome_bam.bam, /home/cachris/projects/geneva/hypoxia/merged_vcf3.vcf.gz
    output: /home/cachris/projects/geneva/hypoxia/demuxlet_out5/8-3/8-3.best
    log: /home/cachris/projects/geneva/hypoxia/logs/demuxlet/8-3.log (check log file(s) for error details)
    conda-env: demuxlet
    shell:
        
        demuxlet         --vcf /home/cachris/projects/geneva/hypoxia/merged_vcf3.vcf.gz         --sam /home/cachris/projects/geneva/hypoxia/cellranger_outputs/8-3/possorted_genome_bam.bam         --out 8-3         --tag-UMI UB         --group-list /home/cachris/projects/geneva/hypoxia/analysis/mouse_cell_removal/8-3CellsBySpecies/humancells.txt         --field GT         --alpha 0.0         --geno-error 0.1         --alpha 0.5         > /home/cachris/projects/geneva/hypoxia/logs/demuxlet/8-3.log 2>&1         && mv 8-3* /home/cachris/projects/geneva/hypoxia/demuxlet_out5/8-3/
        
        (one of the commands exited with non-zero exit code; note that snakemake uses bash strict mode!)

[Tue Sep 19 16:07:45 2023]
Error in rule demuxlet:
    jobid: 148
    input: /home/cachris/projects/geneva/hypoxia/cellranger_outputs/60-4/possorted_genome_bam.bam, /home/cachris/projects/geneva/hypoxia/merged_vcf3.vcf.gz
    output: /home/cachris/projects/geneva/hypoxia/demuxlet_out5/60-4/60-4.best
    log: /home/cachris/projects/geneva/hypoxia/logs/demuxlet/60-4.log (check log file(s) for error details)
    conda-env: demuxlet
    shell:
        
        demuxlet         --vcf /home/cachris/projects/geneva/hypoxia/merged_vcf3.vcf.gz         --sam /home/cachris/projects/geneva/hypoxia/cellranger_outputs/60-4/possorted_genome_bam.bam         --out 60-4         --tag-UMI UB         --group-list /home/cachris/projects/geneva/hypoxia/analysis/mouse_cell_removal/60-4CellsBySpecies/humancells.txt         --field GT         --alpha 0.0         --geno-error 0.1         --alpha 0.5         > /home/cachris/projects/geneva/hypoxia/logs/demuxlet/60-4.log 2>&1         && mv 60-4* /home/cachris/projects/geneva/hypoxia/demuxlet_out5/60-4/
        
        (one of the commands exited with non-zero exit code; note that snakemake uses bash strict mode!)

[Tue Sep 19 16:07:45 2023]
Error in rule demuxlet:
    jobid: 144
    input: /home/cachris/projects/geneva/hypoxia/cellranger_outputs/8-4/possorted_genome_bam.bam, /home/cachris/projects/geneva/hypoxia/merged_vcf3.vcf.gz
    output: /home/cachris/projects/geneva/hypoxia/demuxlet_out5/8-4/8-4.best
    log: /home/cachris/projects/geneva/hypoxia/logs/demuxlet/8-4.log (check log file(s) for error details)
    conda-env: demuxlet
    shell:
        
        demuxlet         --vcf /home/cachris/projects/geneva/hypoxia/merged_vcf3.vcf.gz         --sam /home/cachris/projects/geneva/hypoxia/cellranger_outputs/8-4/possorted_genome_bam.bam         --out 8-4         --tag-UMI UB         --group-list /home/cachris/projects/geneva/hypoxia/analysis/mouse_cell_removal/8-4CellsBySpecies/humancells.txt         --field GT         --alpha 0.0         --geno-error 0.1         --alpha 0.5         > /home/cachris/projects/geneva/hypoxia/logs/demuxlet/8-4.log 2>&1         && mv 8-4* /home/cachris/projects/geneva/hypoxia/demuxlet_out5/8-4/
        
        (one of the commands exited with non-zero exit code; note that snakemake uses bash strict mode!)

[Tue Sep 19 16:07:46 2023]
Error in rule demuxlet:
    jobid: 146
    input: /home/cachris/projects/geneva/hypoxia/cellranger_outputs/21-4/possorted_genome_bam.bam, /home/cachris/projects/geneva/hypoxia/merged_vcf3.vcf.gz
    output: /home/cachris/projects/geneva/hypoxia/demuxlet_out5/21-4/21-4.best
    log: /home/cachris/projects/geneva/hypoxia/logs/demuxlet/21-4.log (check log file(s) for error details)
    conda-env: demuxlet
    shell:
        
        demuxlet         --vcf /home/cachris/projects/geneva/hypoxia/merged_vcf3.vcf.gz         --sam /home/cachris/projects/geneva/hypoxia/cellranger_outputs/21-4/possorted_genome_bam.bam         --out 21-4         --tag-UMI UB         --group-list /home/cachris/projects/geneva/hypoxia/analysis/mouse_cell_removal/21-4CellsBySpecies/humancells.txt         --field GT         --alpha 0.0         --geno-error 0.1         --alpha 0.5         > /home/cachris/projects/geneva/hypoxia/logs/demuxlet/21-4.log 2>&1         && mv 21-4* /home/cachris/projects/geneva/hypoxia/demuxlet_out5/21-4/
        
        (one of the commands exited with non-zero exit code; note that snakemake uses bash strict mode!)

Complete log: .snakemake/log/2023-09-19T143716.509659.snakemake.log
