Building DAG of jobs...
Using shell: /usr/bin/bash
Provided cores: 15
Rules claiming more threads will be scaled down.
Job stats:
job                    count
-------------------  -------
all                        1
cellranger_combined        5
total                      6

Select jobs to execute...

[Mon Sep 11 10:59:14 2023]
rule cellranger_combined:
    input: /home/cachris/geneva/hypoxia/data/TSHG10_hypoxia_GENEVA
    output: /home/cachris/geneva/hypoxia/cellranger_human_mouse_combined/8-4_barn/possorted_genome_bam.bam
    log: /home/cachris/geneva/hypoxia/logs/cellranger_barn/8-4.log
    jobid: 2
    reason: Missing output files: /home/cachris/geneva/hypoxia/cellranger_human_mouse_combined/8-4_barn/possorted_genome_bam.bam
    wildcards: sc_samples=8-4
    threads: 15
    resources: tmpdir=/tmp

[Mon Sep 11 12:42:57 2023]
Error in rule cellranger_combined:
    jobid: 2
    input: /home/cachris/geneva/hypoxia/data/TSHG10_hypoxia_GENEVA
    output: /home/cachris/geneva/hypoxia/cellranger_human_mouse_combined/8-4_barn/possorted_genome_bam.bam
    log: /home/cachris/geneva/hypoxia/logs/cellranger_barn/8-4.log (check log file(s) for error details)
    shell:
        
        cellranger count         --id=8-4_barn         --fastqs=/home/cachris/geneva/hypoxia/data/TSHG10_hypoxia_GENEVA        --transcriptome=/home/cachris/geneva/refdata-gex-GRCh38-and-mm10-2020-A/         --sample=8-4         --localcores=15 > /home/cachris/geneva/hypoxia/logs/cellranger_barn/8-4.log 2>&1         && mv 8-4_barn/outs/* /home/cachris/geneva/hypoxia/cellranger_human_mouse_combined/8-4_barn/         && rm -r 8-4_barn/
        
        (one of the commands exited with non-zero exit code; note that snakemake uses bash strict mode!)

Shutting down, this might take some time.
Exiting because a job execution failed. Look above for error message
Complete log: ../../../../geneva/lyria/bulk_to_bam/.snakemake/log/2023-09-11T105912.674893.snakemake.log
