Building DAG of jobs...
Using shell: /usr/bin/bash
Provided cores: 12
Rules claiming more threads will be scaled down.
Job stats:
job         count
--------  -------
all             1
demuxlet        6
total           7

Select jobs to execute...

[Tue Sep 19 11:58:19 2023]
rule demuxlet:
    input: /home/cachris/projects/geneva/hypoxia/cellranger_outputs/21-4/possorted_genome_bam.bam, /home/cachris/projects/geneva/hypoxia/merged_vcf3.vcf.gz
    output: /home/cachris/projects/geneva/hypoxia/demuxlet_out4/21-4/21-4.best
    log: /home/cachris/projects/geneva/hypoxia/logs/demuxlet/21-4.log
    jobid: 146
    reason: Missing output files: /home/cachris/projects/geneva/hypoxia/demuxlet_out4/21-4/21-4.best
    wildcards: sc_samples=21-4
    resources: tmpdir=/tmp

Activating conda environment: demuxlet

[Tue Sep 19 11:58:20 2023]
rule demuxlet:
    input: /home/cachris/projects/geneva/hypoxia/cellranger_outputs/8-4/possorted_genome_bam.bam, /home/cachris/projects/geneva/hypoxia/merged_vcf3.vcf.gz
    output: /home/cachris/projects/geneva/hypoxia/demuxlet_out4/8-4/8-4.best
    log: /home/cachris/projects/geneva/hypoxia/logs/demuxlet/8-4.log
    jobid: 144
    reason: Missing output files: /home/cachris/projects/geneva/hypoxia/demuxlet_out4/8-4/8-4.best
    wildcards: sc_samples=8-4
    resources: tmpdir=/tmp

Activating conda environment: demuxlet

[Tue Sep 19 11:58:20 2023]
rule demuxlet:
    input: /home/cachris/projects/geneva/hypoxia/cellranger_outputs/21-2/possorted_genome_bam.bam, /home/cachris/projects/geneva/hypoxia/merged_vcf3.vcf.gz
    output: /home/cachris/projects/geneva/hypoxia/demuxlet_out4/21-2/21-2.best
    log: /home/cachris/projects/geneva/hypoxia/logs/demuxlet/21-2.log
    jobid: 145
    reason: Missing output files: /home/cachris/projects/geneva/hypoxia/demuxlet_out4/21-2/21-2.best
    wildcards: sc_samples=21-2
    resources: tmpdir=/tmp


Activating conda environment: demuxlet
[Tue Sep 19 11:58:20 2023]
rule demuxlet:
    input: /home/cachris/projects/geneva/hypoxia/cellranger_outputs/60-4/possorted_genome_bam.bam, /home/cachris/projects/geneva/hypoxia/merged_vcf3.vcf.gz
    output: /home/cachris/projects/geneva/hypoxia/demuxlet_out4/60-4/60-4.best
    log: /home/cachris/projects/geneva/hypoxia/logs/demuxlet/60-4.log
    jobid: 148
    reason: Missing output files: /home/cachris/projects/geneva/hypoxia/demuxlet_out4/60-4/60-4.best
    wildcards: sc_samples=60-4
    resources: tmpdir=/tmp

Activating conda environment: demuxlet

[Tue Sep 19 11:58:20 2023]
rule demuxlet:
    input: /home/cachris/projects/geneva/hypoxia/cellranger_outputs/8-3/possorted_genome_bam.bam, /home/cachris/projects/geneva/hypoxia/merged_vcf3.vcf.gz
    output: /home/cachris/projects/geneva/hypoxia/demuxlet_out4/8-3/8-3.best
    log: /home/cachris/projects/geneva/hypoxia/logs/demuxlet/8-3.log
    jobid: 7
    reason: Missing output files: /home/cachris/projects/geneva/hypoxia/demuxlet_out4/8-3/8-3.best
    wildcards: sc_samples=8-3
    resources: tmpdir=/tmp

Activating conda environment: demuxlet

[Tue Sep 19 11:58:20 2023]
rule demuxlet:
    input: /home/cachris/projects/geneva/hypoxia/cellranger_outputs/60-1/possorted_genome_bam.bam, /home/cachris/projects/geneva/hypoxia/merged_vcf3.vcf.gz
    output: /home/cachris/projects/geneva/hypoxia/demuxlet_out4/60-1/60-1.best
    log: /home/cachris/projects/geneva/hypoxia/logs/demuxlet/60-1.log
    jobid: 147
    reason: Missing output files: /home/cachris/projects/geneva/hypoxia/demuxlet_out4/60-1/60-1.best
    wildcards: sc_samples=60-1
    resources: tmpdir=/tmp

Activating conda environment: demuxlet
[Tue Sep 19 13:16:24 2023]
Finished job 145.
1 of 7 steps (14%) done
[Tue Sep 19 13:30:43 2023]
Finished job 7.
2 of 7 steps (29%) done
[Tue Sep 19 13:38:09 2023]
Finished job 144.
3 of 7 steps (43%) done
[Tue Sep 19 13:43:27 2023]
Finished job 147.
4 of 7 steps (57%) done
[Tue Sep 19 13:48:18 2023]
Finished job 146.
5 of 7 steps (71%) done
[Tue Sep 19 14:23:43 2023]
Finished job 148.
6 of 7 steps (86%) done
Select jobs to execute...

[Tue Sep 19 14:23:43 2023]
localrule all:
    input: /home/cachris/projects/geneva/hypoxia/merged_vcf.vcf.gz, /home/cachris/projects/geneva/hypoxia/cellranger_human_mouse_combined/8-3_barn/possorted_genome_bam.bam, /home/cachris/projects/geneva/hypoxia/cellranger_human_mouse_combined/8-4_barn/possorted_genome_bam.bam, /home/cachris/projects/geneva/hypoxia/cellranger_human_mouse_combined/21-2_barn/possorted_genome_bam.bam, /home/cachris/projects/geneva/hypoxia/cellranger_human_mouse_combined/21-4_barn/possorted_genome_bam.bam, /home/cachris/projects/geneva/hypoxia/cellranger_human_mouse_combined/60-1_barn/possorted_genome_bam.bam, /home/cachris/projects/geneva/hypoxia/cellranger_human_mouse_combined/60-4_barn/possorted_genome_bam.bam, /home/cachris/projects/geneva/hypoxia/demuxlet_out4/8-3/8-3.best, /home/cachris/projects/geneva/hypoxia/demuxlet_out4/8-4/8-4.best, /home/cachris/projects/geneva/hypoxia/demuxlet_out4/21-2/21-2.best, /home/cachris/projects/geneva/hypoxia/demuxlet_out4/21-4/21-4.best, /home/cachris/projects/geneva/hypoxia/demuxlet_out4/60-1/60-1.best, /home/cachris/projects/geneva/hypoxia/demuxlet_out4/60-4/60-4.best
    jobid: 0
    reason: Input files updated by another job: /home/cachris/projects/geneva/hypoxia/demuxlet_out4/8-4/8-4.best, /home/cachris/projects/geneva/hypoxia/demuxlet_out4/21-2/21-2.best, /home/cachris/projects/geneva/hypoxia/demuxlet_out4/60-1/60-1.best, /home/cachris/projects/geneva/hypoxia/demuxlet_out4/8-3/8-3.best, /home/cachris/projects/geneva/hypoxia/demuxlet_out4/60-4/60-4.best, /home/cachris/projects/geneva/hypoxia/demuxlet_out4/21-4/21-4.best
    resources: tmpdir=/tmp

[Tue Sep 19 14:23:43 2023]
Finished job 0.
7 of 7 steps (100%) done
Complete log: .snakemake/log/2023-09-19T115805.318985.snakemake.log
