Building DAG of jobs...
Using shell: /usr/bin/bash
Provided cores: 12
Rules claiming more threads will be scaled down.
Job stats:
job          count
---------  -------
all              1
demuxlet         6
merge_vcf        1
vcf             20
total           28

Select jobs to execute...

[Mon Sep 18 12:15:50 2023]
rule vcf:
    input: /home/cachris/projects/geneva/hypoxia/dedup_bams/Caki1/Aligned.sortedByCoord.out.bam
    output: /home/cachris/projects/geneva/hypoxia/vcfs2/Caki1.vcf.gz
    log: /home/cachris/projects/geneva/hypoxia/logs/vcf/Caki1.log
    jobid: 106
    reason: Missing output files: /home/cachris/projects/geneva/hypoxia/vcfs2/Caki1.vcf.gz
    wildcards: sample=Caki1
    resources: tmpdir=/tmp

Activating conda environment: bcftools

[Mon Sep 18 12:15:50 2023]
rule vcf:
    input: /home/cachris/projects/geneva/hypoxia/dedup_bams/SH4/Aligned.sortedByCoord.out.bam
    output: /home/cachris/projects/geneva/hypoxia/vcfs2/SH4.vcf.gz
    log: /home/cachris/projects/geneva/hypoxia/logs/vcf/SH4.log
    jobid: 15
    reason: Missing output files: /home/cachris/projects/geneva/hypoxia/vcfs2/SH4.vcf.gz
    wildcards: sample=SH4
    resources: tmpdir=/tmp

Activating conda environment: bcftools

[Mon Sep 18 12:15:50 2023]
rule vcf:
    input: /home/cachris/projects/geneva/hypoxia/dedup_bams/BxPC3/Aligned.sortedByCoord.out.bam
    output: /home/cachris/projects/geneva/hypoxia/vcfs2/BxPC3.vcf.gz
    log: /home/cachris/projects/geneva/hypoxia/logs/vcf/BxPC3.log
    jobid: 27
    reason: Missing output files: /home/cachris/projects/geneva/hypoxia/vcfs2/BxPC3.vcf.gz
    wildcards: sample=BxPC3
    resources: tmpdir=/tmp


[Mon Sep 18 12:15:50 2023]
Activating conda environment: bcftools
rule vcf:
    input: /home/cachris/projects/geneva/hypoxia/dedup_bams/786O/Aligned.sortedByCoord.out.bam
    output: /home/cachris/projects/geneva/hypoxia/vcfs2/786O.vcf.gz
    log: /home/cachris/projects/geneva/hypoxia/logs/vcf/786O.log
    jobid: 100
    reason: Missing output files: /home/cachris/projects/geneva/hypoxia/vcfs2/786O.vcf.gz
    wildcards: sample=786O
    resources: tmpdir=/tmp


Activating conda environment: bcftools
[Mon Sep 18 12:15:50 2023]
rule vcf:
    input: /home/cachris/projects/geneva/hypoxia/dedup_bams/H441/Aligned.sortedByCoord.out.bam
    output: /home/cachris/projects/geneva/hypoxia/vcfs2/H441.vcf.gz
    log: /home/cachris/projects/geneva/hypoxia/logs/vcf/H441.log
    jobid: 80
    reason: Forced execution
    wildcards: sample=H441
    resources: tmpdir=/tmp


[Mon Sep 18 12:15:50 2023]
Activating conda environment: bcftools
rule vcf:
    input: /home/cachris/projects/geneva/hypoxia/dedup_bams/HepG2/Aligned.sortedByCoord.out.bam
    output: /home/cachris/projects/geneva/hypoxia/vcfs2/HepG2.vcf.gz
    log: /home/cachris/projects/geneva/hypoxia/logs/vcf/HepG2.log
    jobid: 88
    reason: Missing output files: /home/cachris/projects/geneva/hypoxia/vcfs2/HepG2.vcf.gz
    wildcards: sample=HepG2
    resources: tmpdir=/tmp

Activating conda environment: bcftools

[Mon Sep 18 12:15:50 2023]
rule vcf:
    input: /home/cachris/projects/geneva/hypoxia/dedup_bams/HCC1806/Aligned.sortedByCoord.out.bam
    output: /home/cachris/projects/geneva/hypoxia/vcfs2/HCC1806.vcf.gz
    log: /home/cachris/projects/geneva/hypoxia/logs/vcf/HCC1806.log
    jobid: 62
    reason: Missing output files: /home/cachris/projects/geneva/hypoxia/vcfs2/HCC1806.vcf.gz
    wildcards: sample=HCC1806
    resources: tmpdir=/tmp

Activating conda environment: bcftools

[Mon Sep 18 12:15:50 2023]
rule vcf:
    input: /home/cachris/projects/geneva/hypoxia/dedup_bams/MDA231/Aligned.sortedByCoord.out.bam
    output: /home/cachris/projects/geneva/hypoxia/vcfs2/MDA231.vcf.gz
    log: /home/cachris/projects/geneva/hypoxia/logs/vcf/MDA231.log
    jobid: 56
    reason: Missing output files: /home/cachris/projects/geneva/hypoxia/vcfs2/MDA231.vcf.gz
    wildcards: sample=MDA231
    resources: tmpdir=/tmp

Activating conda environment: bcftools

[Mon Sep 18 12:15:50 2023]
rule vcf:
    input: /home/cachris/projects/geneva/hypoxia/dedup_bams/Hep3b/Aligned.sortedByCoord.out.bam
    output: /home/cachris/projects/geneva/hypoxia/vcfs2/Hep3b.vcf.gz
    log: /home/cachris/projects/geneva/hypoxia/logs/vcf/Hep3b.log
    jobid: 94
    reason: Missing output files: /home/cachris/projects/geneva/hypoxia/vcfs2/Hep3b.vcf.gz
    wildcards: sample=Hep3b
    resources: tmpdir=/tmp

Activating conda environment: bcftools

[Mon Sep 18 12:15:50 2023]
rule vcf:
    input: /home/cachris/projects/geneva/hypoxia/dedup_bams/HCT15/Aligned.sortedByCoord.out.bam
    output: /home/cachris/projects/geneva/hypoxia/vcfs2/HCT15.vcf.gz
    log: /home/cachris/projects/geneva/hypoxia/logs/vcf/HCT15.log
    jobid: 33
    reason: Forced execution
    wildcards: sample=HCT15
    resources: tmpdir=/tmp

Activating conda environment: bcftools

[Mon Sep 18 12:15:51 2023]
rule vcf:
    input: /home/cachris/projects/geneva/hypoxia/dedup_bams/LN229/Aligned.sortedByCoord.out.bam
    output: /home/cachris/projects/geneva/hypoxia/vcfs2/LN229.vcf.gz
    log: /home/cachris/projects/geneva/hypoxia/logs/vcf/LN229.log
    jobid: 118
    reason: Missing output files: /home/cachris/projects/geneva/hypoxia/vcfs2/LN229.vcf.gz
    wildcards: sample=LN229
    resources: tmpdir=/tmp

Activating conda environment: bcftools

[Mon Sep 18 12:15:51 2023]
rule vcf:
    input: /home/cachris/projects/geneva/hypoxia/dedup_bams/U87/Aligned.sortedByCoord.out.bam
    output: /home/cachris/projects/geneva/hypoxia/vcfs2/U87.vcf.gz
    log: /home/cachris/projects/geneva/hypoxia/logs/vcf/U87.log
    jobid: 112
    reason: Missing output files: /home/cachris/projects/geneva/hypoxia/vcfs2/U87.vcf.gz
    wildcards: sample=U87
    resources: tmpdir=/tmp

Activating conda environment: bcftools
[Mon Sep 18 12:20:57 2023]
Finished job 80.
1 of 28 steps (4%) done
Select jobs to execute...

[Mon Sep 18 12:20:57 2023]
rule vcf:
    input: /home/cachris/projects/geneva/hypoxia/dedup_bams/143B/Aligned.sortedByCoord.out.bam
    output: /home/cachris/projects/geneva/hypoxia/vcfs2/143B.vcf.gz
    log: /home/cachris/projects/geneva/hypoxia/logs/vcf/143B.log
    jobid: 51
    reason: Missing output files: /home/cachris/projects/geneva/hypoxia/vcfs2/143B.vcf.gz
    wildcards: sample=143B
    resources: tmpdir=/tmp

Activating conda environment: bcftools
[Mon Sep 18 12:21:52 2023]
Finished job 100.
2 of 28 steps (7%) done
Select jobs to execute...

[Mon Sep 18 12:21:52 2023]
rule vcf:
    input: /home/cachris/projects/geneva/hypoxia/dedup_bams/A375/Aligned.sortedByCoord.out.bam
    output: /home/cachris/projects/geneva/hypoxia/vcfs2/A375.vcf.gz
    log: /home/cachris/projects/geneva/hypoxia/logs/vcf/A375.log
    jobid: 9
    reason: Forced execution
    wildcards: sample=A375
    resources: tmpdir=/tmp

Activating conda environment: bcftools
[Mon Sep 18 12:21:55 2023]
Finished job 27.
3 of 28 steps (11%) done
Select jobs to execute...

[Mon Sep 18 12:21:55 2023]
rule vcf:
    input: /home/cachris/projects/geneva/hypoxia/dedup_bams/SW620/Aligned.sortedByCoord.out.bam
    output: /home/cachris/projects/geneva/hypoxia/vcfs2/SW620.vcf.gz
    log: /home/cachris/projects/geneva/hypoxia/logs/vcf/SW620.log
    jobid: 39
    reason: Missing output files: /home/cachris/projects/geneva/hypoxia/vcfs2/SW620.vcf.gz
    wildcards: sample=SW620
    resources: tmpdir=/tmp

Activating conda environment: bcftools
[Mon Sep 18 12:21:57 2023]
Finished job 88.
4 of 28 steps (14%) done
Select jobs to execute...

[Mon Sep 18 12:21:57 2023]
rule vcf:
    input: /home/cachris/projects/geneva/hypoxia/dedup_bams/LNCaP/Aligned.sortedByCoord.out.bam
    output: /home/cachris/projects/geneva/hypoxia/vcfs2/LNCaP.vcf.gz
    log: /home/cachris/projects/geneva/hypoxia/logs/vcf/LNCaP.log
    jobid: 74
    reason: Missing output files: /home/cachris/projects/geneva/hypoxia/vcfs2/LNCaP.vcf.gz
    wildcards: sample=LNCaP
    resources: tmpdir=/tmp

Activating conda environment: bcftools
[Mon Sep 18 12:22:38 2023]
Finished job 33.
5 of 28 steps (18%) done
Select jobs to execute...

[Mon Sep 18 12:22:38 2023]
rule vcf:
    input: /home/cachris/projects/geneva/hypoxia/dedup_bams/H358/Aligned.sortedByCoord.out.bam
    output: /home/cachris/projects/geneva/hypoxia/vcfs2/H358.vcf.gz
    log: /home/cachris/projects/geneva/hypoxia/logs/vcf/H358.log
    jobid: 84
    reason: Missing output files: /home/cachris/projects/geneva/hypoxia/vcfs2/H358.vcf.gz
    wildcards: sample=H358
    resources: tmpdir=/tmp

Activating conda environment: bcftools
[Mon Sep 18 12:22:40 2023]
Finished job 118.
6 of 28 steps (21%) done
Select jobs to execute...

[Mon Sep 18 12:22:40 2023]
rule vcf:
    input: /home/cachris/projects/geneva/hypoxia/dedup_bams/PC3/Aligned.sortedByCoord.out.bam
    output: /home/cachris/projects/geneva/hypoxia/vcfs2/PC3.vcf.gz
    log: /home/cachris/projects/geneva/hypoxia/logs/vcf/PC3.log
    jobid: 68
    reason: Missing output files: /home/cachris/projects/geneva/hypoxia/vcfs2/PC3.vcf.gz
    wildcards: sample=PC3
    resources: tmpdir=/tmp

Activating conda environment: bcftools
[Mon Sep 18 12:23:22 2023]
Finished job 15.
7 of 28 steps (25%) done
Select jobs to execute...

[Mon Sep 18 12:23:22 2023]
rule vcf:
    input: /home/cachris/projects/geneva/hypoxia/dedup_bams/Panc1/Aligned.sortedByCoord.out.bam
    output: /home/cachris/projects/geneva/hypoxia/vcfs2/Panc1.vcf.gz
    log: /home/cachris/projects/geneva/hypoxia/logs/vcf/Panc1.log
    jobid: 21
    reason: Missing output files: /home/cachris/projects/geneva/hypoxia/vcfs2/Panc1.vcf.gz
    wildcards: sample=Panc1
    resources: tmpdir=/tmp

Activating conda environment: bcftools
[Mon Sep 18 12:24:23 2023]
Finished job 112.
8 of 28 steps (29%) done
Select jobs to execute...

[Mon Sep 18 12:24:23 2023]
rule vcf:
    input: /home/cachris/projects/geneva/hypoxia/dedup_bams/SJSA1/Aligned.sortedByCoord.out.bam
    output: /home/cachris/projects/geneva/hypoxia/vcfs2/SJSA1.vcf.gz
    log: /home/cachris/projects/geneva/hypoxia/logs/vcf/SJSA1.log
    jobid: 45
    reason: Missing output files: /home/cachris/projects/geneva/hypoxia/vcfs2/SJSA1.vcf.gz
    wildcards: sample=SJSA1
    resources: tmpdir=/tmp

Activating conda environment: bcftools
[Mon Sep 18 12:24:40 2023]
Finished job 56.
9 of 28 steps (32%) done
[Mon Sep 18 12:24:57 2023]
Finished job 62.
10 of 28 steps (36%) done
[Mon Sep 18 12:25:56 2023]
Finished job 106.
11 of 28 steps (39%) done
[Mon Sep 18 12:26:00 2023]
Finished job 9.
12 of 28 steps (43%) done
[Mon Sep 18 12:27:27 2023]
Finished job 94.
13 of 28 steps (46%) done
[Mon Sep 18 12:27:40 2023]
Finished job 51.
14 of 28 steps (50%) done
[Mon Sep 18 12:27:49 2023]
Finished job 84.
15 of 28 steps (54%) done
Terminating processes on user request, this might take some time.
[Mon Sep 18 12:28:39 2023]
Error in rule vcf:
    jobid: 68
    input: /home/cachris/projects/geneva/hypoxia/dedup_bams/PC3/Aligned.sortedByCoord.out.bam
    output: /home/cachris/projects/geneva/hypoxia/vcfs2/PC3.vcf.gz
    log: /home/cachris/projects/geneva/hypoxia/logs/vcf/PC3.log (check log file(s) for error details)
    conda-env: bcftools
    shell:
        
        bcftools mpileup         -d 115         -C 50         -Ou -f /home/genomes/cellranger_refs/refdata-gex-GRCh38-2020-A/fasta/genome.fa /home/cachris/projects/geneva/hypoxia/dedup_bams/PC3/Aligned.sortedByCoord.out.bam 2> /home/cachris/projects/geneva/hypoxia/logs/vcf/PC3.log |         bcftools call         -Ou -mv -f GP - 2> /home/cachris/projects/geneva/hypoxia/logs/vcf/PC3.log |         bcftools filter         -e 'QUAL>20 || DP>250 || MAF<0.2'         -Ou -o /home/cachris/projects/geneva/hypoxia/vcfs2/PC3.vcf.gz - 2> /home/cachris/projects/geneva/hypoxia/logs/vcf/PC3.log 
        
        (one of the commands exited with non-zero exit code; note that snakemake uses bash strict mode!)

[Mon Sep 18 12:28:39 2023]
Error in rule vcf:
    jobid: 45
    input: /home/cachris/projects/geneva/hypoxia/dedup_bams/SJSA1/Aligned.sortedByCoord.out.bam
    output: /home/cachris/projects/geneva/hypoxia/vcfs2/SJSA1.vcf.gz
    log: /home/cachris/projects/geneva/hypoxia/logs/vcf/SJSA1.log (check log file(s) for error details)
    conda-env: bcftools
    shell:
        
        bcftools mpileup         -d 115         -C 50         -Ou -f /home/genomes/cellranger_refs/refdata-gex-GRCh38-2020-A/fasta/genome.fa /home/cachris/projects/geneva/hypoxia/dedup_bams/SJSA1/Aligned.sortedByCoord.out.bam 2> /home/cachris/projects/geneva/hypoxia/logs/vcf/SJSA1.log |         bcftools call         -Ou -mv -f GP - 2> /home/cachris/projects/geneva/hypoxia/logs/vcf/SJSA1.log |         bcftools filter         -e 'QUAL>20 || DP>250 || MAF<0.2'         -Ou -o /home/cachris/projects/geneva/hypoxia/vcfs2/SJSA1.vcf.gz - 2> /home/cachris/projects/geneva/hypoxia/logs/vcf/SJSA1.log 
        
        (one of the commands exited with non-zero exit code; note that snakemake uses bash strict mode!)

[Mon Sep 18 12:28:39 2023]
Error in rule vcf:
    jobid: 21
    input: /home/cachris/projects/geneva/hypoxia/dedup_bams/Panc1/Aligned.sortedByCoord.out.bam
    output: /home/cachris/projects/geneva/hypoxia/vcfs2/Panc1.vcf.gz
    log: /home/cachris/projects/geneva/hypoxia/logs/vcf/Panc1.log (check log file(s) for error details)
    conda-env: bcftools
    shell:
        
        bcftools mpileup         -d 115         -C 50         -Ou -f /home/genomes/cellranger_refs/refdata-gex-GRCh38-2020-A/fasta/genome.fa /home/cachris/projects/geneva/hypoxia/dedup_bams/Panc1/Aligned.sortedByCoord.out.bam 2> /home/cachris/projects/geneva/hypoxia/logs/vcf/Panc1.log |         bcftools call         -Ou -mv -f GP - 2> /home/cachris/projects/geneva/hypoxia/logs/vcf/Panc1.log |         bcftools filter         -e 'QUAL>20 || DP>250 || MAF<0.2'         -Ou -o /home/cachris/projects/geneva/hypoxia/vcfs2/Panc1.vcf.gz - 2> /home/cachris/projects/geneva/hypoxia/logs/vcf/Panc1.log 
        
        (one of the commands exited with non-zero exit code; note that snakemake uses bash strict mode!)

[Mon Sep 18 12:28:39 2023]
Error in rule vcf:
    jobid: 39
    input: /home/cachris/projects/geneva/hypoxia/dedup_bams/SW620/Aligned.sortedByCoord.out.bam
    output: /home/cachris/projects/geneva/hypoxia/vcfs2/SW620.vcf.gz
    log: /home/cachris/projects/geneva/hypoxia/logs/vcf/SW620.log (check log file(s) for error details)
    conda-env: bcftools
    shell:
        
        bcftools mpileup         -d 115         -C 50         -Ou -f /home/genomes/cellranger_refs/refdata-gex-GRCh38-2020-A/fasta/genome.fa /home/cachris/projects/geneva/hypoxia/dedup_bams/SW620/Aligned.sortedByCoord.out.bam 2> /home/cachris/projects/geneva/hypoxia/logs/vcf/SW620.log |         bcftools call         -Ou -mv -f GP - 2> /home/cachris/projects/geneva/hypoxia/logs/vcf/SW620.log |         bcftools filter         -e 'QUAL>20 || DP>250 || MAF<0.2'         -Ou -o /home/cachris/projects/geneva/hypoxia/vcfs2/SW620.vcf.gz - 2> /home/cachris/projects/geneva/hypoxia/logs/vcf/SW620.log 
        
        (one of the commands exited with non-zero exit code; note that snakemake uses bash strict mode!)

[Mon Sep 18 12:28:39 2023]
Error in rule vcf:
    jobid: 74
    input: /home/cachris/projects/geneva/hypoxia/dedup_bams/LNCaP/Aligned.sortedByCoord.out.bam
    output: /home/cachris/projects/geneva/hypoxia/vcfs2/LNCaP.vcf.gz
    log: /home/cachris/projects/geneva/hypoxia/logs/vcf/LNCaP.log (check log file(s) for error details)
    conda-env: bcftools
    shell:
        
        bcftools mpileup         -d 115         -C 50         -Ou -f /home/genomes/cellranger_refs/refdata-gex-GRCh38-2020-A/fasta/genome.fa /home/cachris/projects/geneva/hypoxia/dedup_bams/LNCaP/Aligned.sortedByCoord.out.bam 2> /home/cachris/projects/geneva/hypoxia/logs/vcf/LNCaP.log |         bcftools call         -Ou -mv -f GP - 2> /home/cachris/projects/geneva/hypoxia/logs/vcf/LNCaP.log |         bcftools filter         -e 'QUAL>20 || DP>250 || MAF<0.2'         -Ou -o /home/cachris/projects/geneva/hypoxia/vcfs2/LNCaP.vcf.gz - 2> /home/cachris/projects/geneva/hypoxia/logs/vcf/LNCaP.log 
        
        (one of the commands exited with non-zero exit code; note that snakemake uses bash strict mode!)

Complete log: .snakemake/log/2023-09-18T121548.952365.snakemake.log
