Building DAG of jobs...
File path /home/cachris/geneva/hypoxia//logsUMI_extract/A375.log contains double '/'. This is likely unintended. It can also lead to inconsistent results of the file-matching approach used by Snakemake.
File path /home/cachris/geneva/hypoxia//logsUMI_extract/SH4.log contains double '/'. This is likely unintended. It can also lead to inconsistent results of the file-matching approach used by Snakemake.
File path /home/cachris/geneva/hypoxia//logsUMI_extract/Panc1.log contains double '/'. This is likely unintended. It can also lead to inconsistent results of the file-matching approach used by Snakemake.
File path /home/cachris/geneva/hypoxia//logsUMI_extract/BxPC3.log contains double '/'. This is likely unintended. It can also lead to inconsistent results of the file-matching approach used by Snakemake.
File path /home/cachris/geneva/hypoxia//logsUMI_extract/HCT15.log contains double '/'. This is likely unintended. It can also lead to inconsistent results of the file-matching approach used by Snakemake.
File path /home/cachris/geneva/hypoxia//logsUMI_extract/SW620.log contains double '/'. This is likely unintended. It can also lead to inconsistent results of the file-matching approach used by Snakemake.
File path /home/cachris/geneva/hypoxia//logsUMI_extract/SJSA1.log contains double '/'. This is likely unintended. It can also lead to inconsistent results of the file-matching approach used by Snakemake.
File path /home/cachris/geneva/hypoxia//logsUMI_extract/143B.log contains double '/'. This is likely unintended. It can also lead to inconsistent results of the file-matching approach used by Snakemake.
File path /home/cachris/geneva/hypoxia//logsUMI_extract/MDA231.log contains double '/'. This is likely unintended. It can also lead to inconsistent results of the file-matching approach used by Snakemake.
File path /home/cachris/geneva/hypoxia//logsUMI_extract/HCC1806.log contains double '/'. This is likely unintended. It can also lead to inconsistent results of the file-matching approach used by Snakemake.
File path /home/cachris/geneva/hypoxia//logsUMI_extract/PC3.log contains double '/'. This is likely unintended. It can also lead to inconsistent results of the file-matching approach used by Snakemake.
File path /home/cachris/geneva/hypoxia//logsUMI_extract/LNCaP.log contains double '/'. This is likely unintended. It can also lead to inconsistent results of the file-matching approach used by Snakemake.
File path /home/cachris/geneva/hypoxia//logsUMI_extract/H441.log contains double '/'. This is likely unintended. It can also lead to inconsistent results of the file-matching approach used by Snakemake.
File path /home/cachris/geneva/hypoxia//logsUMI_extract/H358.log contains double '/'. This is likely unintended. It can also lead to inconsistent results of the file-matching approach used by Snakemake.
File path /home/cachris/geneva/hypoxia//logsUMI_extract/HepG2.log contains double '/'. This is likely unintended. It can also lead to inconsistent results of the file-matching approach used by Snakemake.
File path /home/cachris/geneva/hypoxia//logsUMI_extract/Hep3b.log contains double '/'. This is likely unintended. It can also lead to inconsistent results of the file-matching approach used by Snakemake.
File path /home/cachris/geneva/hypoxia//logsUMI_extract/786O.log contains double '/'. This is likely unintended. It can also lead to inconsistent results of the file-matching approach used by Snakemake.
File path /home/cachris/geneva/hypoxia//logsUMI_extract/Caki1.log contains double '/'. This is likely unintended. It can also lead to inconsistent results of the file-matching approach used by Snakemake.
File path /home/cachris/geneva/hypoxia//logsUMI_extract/U87.log contains double '/'. This is likely unintended. It can also lead to inconsistent results of the file-matching approach used by Snakemake.
File path /home/cachris/geneva/hypoxia//logsUMI_extract/LN229.log contains double '/'. This is likely unintended. It can also lead to inconsistent results of the file-matching approach used by Snakemake.
File path /home/cachris/geneva/hypoxia//logsUMI_extract/93E.log contains double '/'. This is likely unintended. It can also lead to inconsistent results of the file-matching approach used by Snakemake.
File path /home/cachris/geneva/hypoxia//logsUMI_extract/41865.log contains double '/'. This is likely unintended. It can also lead to inconsistent results of the file-matching approach used by Snakemake.
File path /home/cachris/geneva/hypoxia//logsUMI_extract/50073.log contains double '/'. This is likely unintended. It can also lead to inconsistent results of the file-matching approach used by Snakemake.
File path /home/cachris/geneva/hypoxia//logsUMI_extract/32947_c7.log contains double '/'. This is likely unintended. It can also lead to inconsistent results of the file-matching approach used by Snakemake.
File path /home/cachris/geneva/hypoxia//logsUMI_extract/50004.log contains double '/'. This is likely unintended. It can also lead to inconsistent results of the file-matching approach used by Snakemake.
File path /home/cachris/geneva/hypoxia//logsUMI_extract/5MRLiCTR.log contains double '/'. This is likely unintended. It can also lead to inconsistent results of the file-matching approach used by Snakemake.
File path /home/cachris/geneva/hypoxia//logsUMI_extract/2GW3iCTR.log contains double '/'. This is likely unintended. It can also lead to inconsistent results of the file-matching approach used by Snakemake.
File path /home/cachris/geneva/hypoxia//logsUMI_extract/2PFYiCTR.log contains double '/'. This is likely unintended. It can also lead to inconsistent results of the file-matching approach used by Snakemake.
File path /home/cachris/geneva/hypoxia//logsUMI_extract/6GNGiCTR.log contains double '/'. This is likely unintended. It can also lead to inconsistent results of the file-matching approach used by Snakemake.
File path /home/cachris/geneva/hypoxia//logsUMI_extract/5JAZiALS.log contains double '/'. This is likely unintended. It can also lead to inconsistent results of the file-matching approach used by Snakemake.
File path /home/cachris/geneva/hypoxia//logsUMI_extract/2WW0iALS.log contains double '/'. This is likely unintended. It can also lead to inconsistent results of the file-matching approach used by Snakemake.
File path /home/cachris/geneva/hypoxia//logsUMI_extract/0YJYiALS.log contains double '/'. This is likely unintended. It can also lead to inconsistent results of the file-matching approach used by Snakemake.
File path /home/cachris/geneva/hypoxia//logsUMI_extract/2NDDiALS.log contains double '/'. This is likely unintended. It can also lead to inconsistent results of the file-matching approach used by Snakemake.
File path /home/cachris/geneva/hypoxia//logsUMI_extract/0WD8iALS.log contains double '/'. This is likely unintended. It can also lead to inconsistent results of the file-matching approach used by Snakemake.
File path /home/cachris/geneva/hypoxia//logsUMI_extract/0JCLiALS.log contains double '/'. This is likely unintended. It can also lead to inconsistent results of the file-matching approach used by Snakemake.
File path /home/cachris/geneva/hypoxia//logsUMI_extract/AG0017.log contains double '/'. This is likely unintended. It can also lead to inconsistent results of the file-matching approach used by Snakemake.
File path /home/cachris/geneva/hypoxia//logsUMI_extract/50000.log contains double '/'. This is likely unintended. It can also lead to inconsistent results of the file-matching approach used by Snakemake.
File path /home/cachris/geneva/hypoxia//logsUMI_extract/35658.log contains double '/'. This is likely unintended. It can also lead to inconsistent results of the file-matching approach used by Snakemake.
File path /home/cachris/geneva/hypoxia//logsUMI_extract/29iALS.log contains double '/'. This is likely unintended. It can also lead to inconsistent results of the file-matching approach used by Snakemake.
File path /home/cachris/geneva/hypoxia//logsUMI_extract/12240.log contains double '/'. This is likely unintended. It can also lead to inconsistent results of the file-matching approach used by Snakemake.
File path /home/cachris/geneva/hypoxia//logsUMI_extract/39B.log contains double '/'. This is likely unintended. It can also lead to inconsistent results of the file-matching approach used by Snakemake.
File path /home/cachris/geneva/hypoxia//logsUMI_extract/3XLKiALS.log contains double '/'. This is likely unintended. It can also lead to inconsistent results of the file-matching approach used by Snakemake.
File path /home/cachris/geneva/hypoxia//logsUMI_extract/184.log contains double '/'. This is likely unintended. It can also lead to inconsistent results of the file-matching approach used by Snakemake.
File path /home/cachris/geneva/hypoxia//logsUMI_extract/6769.log contains double '/'. This is likely unintended. It can also lead to inconsistent results of the file-matching approach used by Snakemake.
File path /home/cachris/geneva/hypoxia//logsUMI_extract/6769_c1.log contains double '/'. This is likely unintended. It can also lead to inconsistent results of the file-matching approach used by Snakemake.
File path /home/cachris/geneva/hypoxia//logsUMI_extract/3719.log contains double '/'. This is likely unintended. It can also lead to inconsistent results of the file-matching approach used by Snakemake.
File path /home/cachris/geneva/hypoxia//logsUMI_extract/10739.log contains double '/'. This is likely unintended. It can also lead to inconsistent results of the file-matching approach used by Snakemake.
File path /home/cachris/geneva/hypoxia//logsUMI_extract/10689.log contains double '/'. This is likely unintended. It can also lead to inconsistent results of the file-matching approach used by Snakemake.
File path /home/cachris/geneva/hypoxia//logsUMI_extract/13454.log contains double '/'. This is likely unintended. It can also lead to inconsistent results of the file-matching approach used by Snakemake.
File path /home/cachris/geneva/hypoxia//logsUMI_extract/No4.log contains double '/'. This is likely unintended. It can also lead to inconsistent results of the file-matching approach used by Snakemake.
File path /home/cachris/geneva/hypoxia//logsUMI_extract/SOD139B_1.log contains double '/'. This is likely unintended. It can also lead to inconsistent results of the file-matching approach used by Snakemake.
File path /home/cachris/geneva/hypoxia//logsUMI_extract/29iALS_ISO.log contains double '/'. This is likely unintended. It can also lead to inconsistent results of the file-matching approach used by Snakemake.
File path /home/cachris/geneva/hypoxia//logsUMI_extract/2CLNiALS.log contains double '/'. This is likely unintended. It can also lead to inconsistent results of the file-matching approach used by Snakemake.
File path /home/cachris/geneva/hypoxia//logsUMI_extract/2DDGiALS.log contains double '/'. This is likely unintended. It can also lead to inconsistent results of the file-matching approach used by Snakemake.
File path /home/cachris/geneva/hypoxia//logsUMI_extract/ES.log contains double '/'. This is likely unintended. It can also lead to inconsistent results of the file-matching approach used by Snakemake.
File path /home/cachris/geneva/hypoxia//logsUMI_extract/1B06.log contains double '/'. This is likely unintended. It can also lead to inconsistent results of the file-matching approach used by Snakemake.
File path /home/cachris/geneva/hypoxia//logsUMI_extract/6GHCiALS.log contains double '/'. This is likely unintended. It can also lead to inconsistent results of the file-matching approach used by Snakemake.
File path /home/cachris/geneva/hypoxia//logsUMI_extract/SOD139B_2.log contains double '/'. This is likely unintended. It can also lead to inconsistent results of the file-matching approach used by Snakemake.
File path /home/cachris/geneva/hypoxia//logsUMI_extract/5FFPiALS.log contains double '/'. This is likely unintended. It can also lead to inconsistent results of the file-matching approach used by Snakemake.
File path /home/cachris/geneva/hypoxia//logsUMI_extract/No3.log contains double '/'. This is likely unintended. It can also lead to inconsistent results of the file-matching approach used by Snakemake.
File path /home/cachris/geneva/hypoxia//logsUMI_extract/12099.log contains double '/'. This is likely unintended. It can also lead to inconsistent results of the file-matching approach used by Snakemake.
File path /home/cachris/geneva/hypoxia//logsUMI_extract/5280.log contains double '/'. This is likely unintended. It can also lead to inconsistent results of the file-matching approach used by Snakemake.
File path /home/cachris/geneva/hypoxia//logsUMI_extract/3231.log contains double '/'. This is likely unintended. It can also lead to inconsistent results of the file-matching approach used by Snakemake.
File path /home/cachris/geneva/hypoxia//logsUMI_extract/50007.log contains double '/'. This is likely unintended. It can also lead to inconsistent results of the file-matching approach used by Snakemake.
File path /home/cachris/geneva/hypoxia//logsUMI_extract/OKVBiALS.log contains double '/'. This is likely unintended. It can also lead to inconsistent results of the file-matching approach used by Snakemake.
File path /home/cachris/geneva/hypoxia//logsUMI_extract/2B09.log contains double '/'. This is likely unintended. It can also lead to inconsistent results of the file-matching approach used by Snakemake.
File path /home/cachris/geneva/hypoxia//logsUMI_extract/39B_Corr.log contains double '/'. This is likely unintended. It can also lead to inconsistent results of the file-matching approach used by Snakemake.
File path /home/cachris/geneva/hypoxia//logsUMI_extract/CS5HF7iALS.log contains double '/'. This is likely unintended. It can also lead to inconsistent results of the file-matching approach used by Snakemake.
File path /home/cachris/geneva/hypoxia//logsUMI_extract/CS2YNLiALS.log contains double '/'. This is likely unintended. It can also lead to inconsistent results of the file-matching approach used by Snakemake.
File path /home/cachris/geneva/hypoxia//logsUMI_extract/5GR5iALS.log contains double '/'. This is likely unintended. It can also lead to inconsistent results of the file-matching approach used by Snakemake.
File path /home/cachris/geneva/hypoxia//logsUMI_extract/1RUG.log contains double '/'. This is likely unintended. It can also lead to inconsistent results of the file-matching approach used by Snakemake.
File path /home/cachris/geneva/hypoxia//logsUMI_extract/12100.log contains double '/'. This is likely unintended. It can also lead to inconsistent results of the file-matching approach used by Snakemake.
File path /home/cachris/geneva/hypoxia//logsUMI_extract/AH9iALS.log contains double '/'. This is likely unintended. It can also lead to inconsistent results of the file-matching approach used by Snakemake.
File path /home/cachris/geneva/hypoxia//logsUMI_extract/11813_fibs.log contains double '/'. This is likely unintended. It can also lead to inconsistent results of the file-matching approach used by Snakemake.
File path /home/cachris/geneva/hypoxia//logsUMI_extract/10739_fibs.log contains double '/'. This is likely unintended. It can also lead to inconsistent results of the file-matching approach used by Snakemake.
File path /home/cachris/geneva/hypoxia//logsUMI_extract/9292_fibs.log contains double '/'. This is likely unintended. It can also lead to inconsistent results of the file-matching approach used by Snakemake.
File path /home/cachris/geneva/hypoxia//logsUMI_extract/13454_fibs.log contains double '/'. This is likely unintended. It can also lead to inconsistent results of the file-matching approach used by Snakemake.
File path /home/cachris/geneva/hypoxia//logsUMI_extract/CS0KHAiALS.log contains double '/'. This is likely unintended. It can also lead to inconsistent results of the file-matching approach used by Snakemake.
File path /home/cachris/geneva/hypoxia//logsUMI_extract/9711.log contains double '/'. This is likely unintended. It can also lead to inconsistent results of the file-matching approach used by Snakemake.
File path /home/cachris/geneva/hypoxia//logsUMI_extract/14185.log contains double '/'. This is likely unintended. It can also lead to inconsistent results of the file-matching approach used by Snakemake.
File path /home/cachris/geneva/hypoxia//logsUMI_extract/ND35663.log contains double '/'. This is likely unintended. It can also lead to inconsistent results of the file-matching approach used by Snakemake.
File path /home/cachris/geneva/hypoxia//logsUMI_extract/CS0KBHiALS.log contains double '/'. This is likely unintended. It can also lead to inconsistent results of the file-matching approach used by Snakemake.
File path /home/cachris/geneva/hypoxia//logsUMI_extract/ND09329.log contains double '/'. This is likely unintended. It can also lead to inconsistent results of the file-matching approach used by Snakemake.
File path /home/cachris/geneva/hypoxia//logsUMI_extract/ND50082.log contains double '/'. This is likely unintended. It can also lead to inconsistent results of the file-matching approach used by Snakemake.
File path /home/cachris/geneva/hypoxia//logsUMI_extract/Panc0504.log contains double '/'. This is likely unintended. It can also lead to inconsistent results of the file-matching approach used by Snakemake.
File path /home/cachris/geneva/hypoxia//logsUMI_extract/Panc1005.log contains double '/'. This is likely unintended. It can also lead to inconsistent results of the file-matching approach used by Snakemake.
File path /home/cachris/geneva/hypoxia//logsUMI_extract/SU8686.log contains double '/'. This is likely unintended. It can also lead to inconsistent results of the file-matching approach used by Snakemake.
File path /home/cachris/geneva/hypoxia//logsUMI_extract/HPAC.log contains double '/'. This is likely unintended. It can also lead to inconsistent results of the file-matching approach used by Snakemake.
File path /home/cachris/geneva/hypoxia//logsUMI_extract/HPAFII.log contains double '/'. This is likely unintended. It can also lead to inconsistent results of the file-matching approach used by Snakemake.
File path /home/cachris/geneva/hypoxia//logsUMI_extract/SW1990.log contains double '/'. This is likely unintended. It can also lead to inconsistent results of the file-matching approach used by Snakemake.
File path /home/cachris/geneva/hypoxia//logsUMI_extract/Panc0203.log contains double '/'. This is likely unintended. It can also lead to inconsistent results of the file-matching approach used by Snakemake.
File path /home/cachris/geneva/hypoxia//logsUMI_extract/Capan2.log contains double '/'. This is likely unintended. It can also lead to inconsistent results of the file-matching approach used by Snakemake.
File path /home/cachris/geneva/hypoxia//logsUMI_extract/AGS.log contains double '/'. This is likely unintended. It can also lead to inconsistent results of the file-matching approach used by Snakemake.
File path /home/cachris/geneva/hypoxia//logsUMI_extract/AsPC1.log contains double '/'. This is likely unintended. It can also lead to inconsistent results of the file-matching approach used by Snakemake.
File path /home/cachris/geneva/hypoxia//logsUMI_extract/ND08957.log contains double '/'. This is likely unintended. It can also lead to inconsistent results of the file-matching approach used by Snakemake.
File path /home/cachris/geneva/hypoxia//logsUMI_extract/ND08075.log contains double '/'. This is likely unintended. It can also lead to inconsistent results of the file-matching approach used by Snakemake.
File path /home/cachris/geneva/hypoxia//logsUMI_extract/A375.log contains double '/'. This is likely unintended. It can also lead to inconsistent results of the file-matching approach used by Snakemake.
File path /home/cachris/geneva/hypoxia//logsUMI_extract/SH4.log contains double '/'. This is likely unintended. It can also lead to inconsistent results of the file-matching approach used by Snakemake.
File path /home/cachris/geneva/hypoxia//logsUMI_extract/Panc1.log contains double '/'. This is likely unintended. It can also lead to inconsistent results of the file-matching approach used by Snakemake.
File path /home/cachris/geneva/hypoxia//logsUMI_extract/BxPC3.log contains double '/'. This is likely unintended. It can also lead to inconsistent results of the file-matching approach used by Snakemake.
File path /home/cachris/geneva/hypoxia//logsUMI_extract/HCT15.log contains double '/'. This is likely unintended. It can also lead to inconsistent results of the file-matching approach used by Snakemake.
File path /home/cachris/geneva/hypoxia//logsUMI_extract/SW620.log contains double '/'. This is likely unintended. It can also lead to inconsistent results of the file-matching approach used by Snakemake.
File path /home/cachris/geneva/hypoxia//logsUMI_extract/SJSA1.log contains double '/'. This is likely unintended. It can also lead to inconsistent results of the file-matching approach used by Snakemake.
File path /home/cachris/geneva/hypoxia//logsUMI_extract/MDA231.log contains double '/'. This is likely unintended. It can also lead to inconsistent results of the file-matching approach used by Snakemake.
File path /home/cachris/geneva/hypoxia//logsUMI_extract/HCC1806.log contains double '/'. This is likely unintended. It can also lead to inconsistent results of the file-matching approach used by Snakemake.
File path /home/cachris/geneva/hypoxia//logsUMI_extract/PC3.log contains double '/'. This is likely unintended. It can also lead to inconsistent results of the file-matching approach used by Snakemake.
File path /home/cachris/geneva/hypoxia//logsUMI_extract/LNCaP.log contains double '/'. This is likely unintended. It can also lead to inconsistent results of the file-matching approach used by Snakemake.
File path /home/cachris/geneva/hypoxia//logsUMI_extract/HepG2.log contains double '/'. This is likely unintended. It can also lead to inconsistent results of the file-matching approach used by Snakemake.
File path /home/cachris/geneva/hypoxia//logsUMI_extract/Hep3b.log contains double '/'. This is likely unintended. It can also lead to inconsistent results of the file-matching approach used by Snakemake.
File path /home/cachris/geneva/hypoxia//logsUMI_extract/786O.log contains double '/'. This is likely unintended. It can also lead to inconsistent results of the file-matching approach used by Snakemake.
File path /home/cachris/geneva/hypoxia//logsUMI_extract/Caki1.log contains double '/'. This is likely unintended. It can also lead to inconsistent results of the file-matching approach used by Snakemake.
File path /home/cachris/geneva/hypoxia//logsUMI_extract/U87.log contains double '/'. This is likely unintended. It can also lead to inconsistent results of the file-matching approach used by Snakemake.
File path /home/cachris/geneva/hypoxia//logsUMI_extract/LN229.log contains double '/'. This is likely unintended. It can also lead to inconsistent results of the file-matching approach used by Snakemake.
File path /home/cachris/geneva/hypoxia//logsUMI_extract/93E.log contains double '/'. This is likely unintended. It can also lead to inconsistent results of the file-matching approach used by Snakemake.
File path /home/cachris/geneva/hypoxia//logsUMI_extract/41865.log contains double '/'. This is likely unintended. It can also lead to inconsistent results of the file-matching approach used by Snakemake.
File path /home/cachris/geneva/hypoxia//logsUMI_extract/50073.log contains double '/'. This is likely unintended. It can also lead to inconsistent results of the file-matching approach used by Snakemake.
File path /home/cachris/geneva/hypoxia//logsUMI_extract/32947_c7.log contains double '/'. This is likely unintended. It can also lead to inconsistent results of the file-matching approach used by Snakemake.
File path /home/cachris/geneva/hypoxia//logsUMI_extract/50004.log contains double '/'. This is likely unintended. It can also lead to inconsistent results of the file-matching approach used by Snakemake.
File path /home/cachris/geneva/hypoxia//logsUMI_extract/5MRLiCTR.log contains double '/'. This is likely unintended. It can also lead to inconsistent results of the file-matching approach used by Snakemake.
File path /home/cachris/geneva/hypoxia//logsUMI_extract/2GW3iCTR.log contains double '/'. This is likely unintended. It can also lead to inconsistent results of the file-matching approach used by Snakemake.
File path /home/cachris/geneva/hypoxia//logsUMI_extract/2PFYiCTR.log contains double '/'. This is likely unintended. It can also lead to inconsistent results of the file-matching approach used by Snakemake.
File path /home/cachris/geneva/hypoxia//logsUMI_extract/6GNGiCTR.log contains double '/'. This is likely unintended. It can also lead to inconsistent results of the file-matching approach used by Snakemake.
File path /home/cachris/geneva/hypoxia//logsUMI_extract/5JAZiALS.log contains double '/'. This is likely unintended. It can also lead to inconsistent results of the file-matching approach used by Snakemake.
File path /home/cachris/geneva/hypoxia//logsUMI_extract/2WW0iALS.log contains double '/'. This is likely unintended. It can also lead to inconsistent results of the file-matching approach used by Snakemake.
File path /home/cachris/geneva/hypoxia//logsUMI_extract/0YJYiALS.log contains double '/'. This is likely unintended. It can also lead to inconsistent results of the file-matching approach used by Snakemake.
File path /home/cachris/geneva/hypoxia//logsUMI_extract/2NDDiALS.log contains double '/'. This is likely unintended. It can also lead to inconsistent results of the file-matching approach used by Snakemake.
File path /home/cachris/geneva/hypoxia//logsUMI_extract/0WD8iALS.log contains double '/'. This is likely unintended. It can also lead to inconsistent results of the file-matching approach used by Snakemake.
File path /home/cachris/geneva/hypoxia//logsUMI_extract/0JCLiALS.log contains double '/'. This is likely unintended. It can also lead to inconsistent results of the file-matching approach used by Snakemake.
File path /home/cachris/geneva/hypoxia//logsUMI_extract/AG0017.log contains double '/'. This is likely unintended. It can also lead to inconsistent results of the file-matching approach used by Snakemake.
File path /home/cachris/geneva/hypoxia//logsUMI_extract/50000.log contains double '/'. This is likely unintended. It can also lead to inconsistent results of the file-matching approach used by Snakemake.
File path /home/cachris/geneva/hypoxia//logsUMI_extract/35658.log contains double '/'. This is likely unintended. It can also lead to inconsistent results of the file-matching approach used by Snakemake.
File path /home/cachris/geneva/hypoxia//logsUMI_extract/29iALS.log contains double '/'. This is likely unintended. It can also lead to inconsistent results of the file-matching approach used by Snakemake.
File path /home/cachris/geneva/hypoxia//logsUMI_extract/12240.log contains double '/'. This is likely unintended. It can also lead to inconsistent results of the file-matching approach used by Snakemake.
File path /home/cachris/geneva/hypoxia//logsUMI_extract/39B.log contains double '/'. This is likely unintended. It can also lead to inconsistent results of the file-matching approach used by Snakemake.
File path /home/cachris/geneva/hypoxia//logsUMI_extract/3XLKiALS.log contains double '/'. This is likely unintended. It can also lead to inconsistent results of the file-matching approach used by Snakemake.
File path /home/cachris/geneva/hypoxia//logsUMI_extract/184.log contains double '/'. This is likely unintended. It can also lead to inconsistent results of the file-matching approach used by Snakemake.
File path /home/cachris/geneva/hypoxia//logsUMI_extract/6769.log contains double '/'. This is likely unintended. It can also lead to inconsistent results of the file-matching approach used by Snakemake.
File path /home/cachris/geneva/hypoxia//logsUMI_extract/6769_c1.log contains double '/'. This is likely unintended. It can also lead to inconsistent results of the file-matching approach used by Snakemake.
File path /home/cachris/geneva/hypoxia//logsUMI_extract/3719.log contains double '/'. This is likely unintended. It can also lead to inconsistent results of the file-matching approach used by Snakemake.
File path /home/cachris/geneva/hypoxia//logsUMI_extract/10739.log contains double '/'. This is likely unintended. It can also lead to inconsistent results of the file-matching approach used by Snakemake.
File path /home/cachris/geneva/hypoxia//logsUMI_extract/10689.log contains double '/'. This is likely unintended. It can also lead to inconsistent results of the file-matching approach used by Snakemake.
File path /home/cachris/geneva/hypoxia//logsUMI_extract/13454.log contains double '/'. This is likely unintended. It can also lead to inconsistent results of the file-matching approach used by Snakemake.
File path /home/cachris/geneva/hypoxia//logsUMI_extract/No4.log contains double '/'. This is likely unintended. It can also lead to inconsistent results of the file-matching approach used by Snakemake.
File path /home/cachris/geneva/hypoxia//logsUMI_extract/SOD139B_1.log contains double '/'. This is likely unintended. It can also lead to inconsistent results of the file-matching approach used by Snakemake.
File path /home/cachris/geneva/hypoxia//logsUMI_extract/29iALS_ISO.log contains double '/'. This is likely unintended. It can also lead to inconsistent results of the file-matching approach used by Snakemake.
File path /home/cachris/geneva/hypoxia//logsUMI_extract/2CLNiALS.log contains double '/'. This is likely unintended. It can also lead to inconsistent results of the file-matching approach used by Snakemake.
File path /home/cachris/geneva/hypoxia//logsUMI_extract/2DDGiALS.log contains double '/'. This is likely unintended. It can also lead to inconsistent results of the file-matching approach used by Snakemake.
File path /home/cachris/geneva/hypoxia//logsUMI_extract/ES.log contains double '/'. This is likely unintended. It can also lead to inconsistent results of the file-matching approach used by Snakemake.
File path /home/cachris/geneva/hypoxia//logsUMI_extract/1B06.log contains double '/'. This is likely unintended. It can also lead to inconsistent results of the file-matching approach used by Snakemake.
File path /home/cachris/geneva/hypoxia//logsUMI_extract/6GHCiALS.log contains double '/'. This is likely unintended. It can also lead to inconsistent results of the file-matching approach used by Snakemake.
File path /home/cachris/geneva/hypoxia//logsUMI_extract/SOD139B_2.log contains double '/'. This is likely unintended. It can also lead to inconsistent results of the file-matching approach used by Snakemake.
File path /home/cachris/geneva/hypoxia//logsUMI_extract/5FFPiALS.log contains double '/'. This is likely unintended. It can also lead to inconsistent results of the file-matching approach used by Snakemake.
File path /home/cachris/geneva/hypoxia//logsUMI_extract/No3.log contains double '/'. This is likely unintended. It can also lead to inconsistent results of the file-matching approach used by Snakemake.
File path /home/cachris/geneva/hypoxia//logsUMI_extract/12099.log contains double '/'. This is likely unintended. It can also lead to inconsistent results of the file-matching approach used by Snakemake.
File path /home/cachris/geneva/hypoxia//logsUMI_extract/5280.log contains double '/'. This is likely unintended. It can also lead to inconsistent results of the file-matching approach used by Snakemake.
File path /home/cachris/geneva/hypoxia//logsUMI_extract/3231.log contains double '/'. This is likely unintended. It can also lead to inconsistent results of the file-matching approach used by Snakemake.
File path /home/cachris/geneva/hypoxia//logsUMI_extract/50007.log contains double '/'. This is likely unintended. It can also lead to inconsistent results of the file-matching approach used by Snakemake.
File path /home/cachris/geneva/hypoxia//logsUMI_extract/OKVBiALS.log contains double '/'. This is likely unintended. It can also lead to inconsistent results of the file-matching approach used by Snakemake.
File path /home/cachris/geneva/hypoxia//logsUMI_extract/2B09.log contains double '/'. This is likely unintended. It can also lead to inconsistent results of the file-matching approach used by Snakemake.
File path /home/cachris/geneva/hypoxia//logsUMI_extract/39B_Corr.log contains double '/'. This is likely unintended. It can also lead to inconsistent results of the file-matching approach used by Snakemake.
File path /home/cachris/geneva/hypoxia//logsUMI_extract/CS5HF7iALS.log contains double '/'. This is likely unintended. It can also lead to inconsistent results of the file-matching approach used by Snakemake.
File path /home/cachris/geneva/hypoxia//logsUMI_extract/CS2YNLiALS.log contains double '/'. This is likely unintended. It can also lead to inconsistent results of the file-matching approach used by Snakemake.
File path /home/cachris/geneva/hypoxia//logsUMI_extract/5GR5iALS.log contains double '/'. This is likely unintended. It can also lead to inconsistent results of the file-matching approach used by Snakemake.
File path /home/cachris/geneva/hypoxia//logsUMI_extract/1RUG.log contains double '/'. This is likely unintended. It can also lead to inconsistent results of the file-matching approach used by Snakemake.
File path /home/cachris/geneva/hypoxia//logsUMI_extract/12100.log contains double '/'. This is likely unintended. It can also lead to inconsistent results of the file-matching approach used by Snakemake.
File path /home/cachris/geneva/hypoxia//logsUMI_extract/AH9iALS.log contains double '/'. This is likely unintended. It can also lead to inconsistent results of the file-matching approach used by Snakemake.
File path /home/cachris/geneva/hypoxia//logsUMI_extract/11813_fibs.log contains double '/'. This is likely unintended. It can also lead to inconsistent results of the file-matching approach used by Snakemake.
File path /home/cachris/geneva/hypoxia//logsUMI_extract/10739_fibs.log contains double '/'. This is likely unintended. It can also lead to inconsistent results of the file-matching approach used by Snakemake.
File path /home/cachris/geneva/hypoxia//logsUMI_extract/9292_fibs.log contains double '/'. This is likely unintended. It can also lead to inconsistent results of the file-matching approach used by Snakemake.
File path /home/cachris/geneva/hypoxia//logsUMI_extract/13454_fibs.log contains double '/'. This is likely unintended. It can also lead to inconsistent results of the file-matching approach used by Snakemake.
File path /home/cachris/geneva/hypoxia//logsUMI_extract/CS0KHAiALS.log contains double '/'. This is likely unintended. It can also lead to inconsistent results of the file-matching approach used by Snakemake.
File path /home/cachris/geneva/hypoxia//logsUMI_extract/9711.log contains double '/'. This is likely unintended. It can also lead to inconsistent results of the file-matching approach used by Snakemake.
File path /home/cachris/geneva/hypoxia//logsUMI_extract/14185.log contains double '/'. This is likely unintended. It can also lead to inconsistent results of the file-matching approach used by Snakemake.
File path /home/cachris/geneva/hypoxia//logsUMI_extract/ND35663.log contains double '/'. This is likely unintended. It can also lead to inconsistent results of the file-matching approach used by Snakemake.
File path /home/cachris/geneva/hypoxia//logsUMI_extract/CS0KBHiALS.log contains double '/'. This is likely unintended. It can also lead to inconsistent results of the file-matching approach used by Snakemake.
File path /home/cachris/geneva/hypoxia//logsUMI_extract/ND09329.log contains double '/'. This is likely unintended. It can also lead to inconsistent results of the file-matching approach used by Snakemake.
File path /home/cachris/geneva/hypoxia//logsUMI_extract/ND50082.log contains double '/'. This is likely unintended. It can also lead to inconsistent results of the file-matching approach used by Snakemake.
File path /home/cachris/geneva/hypoxia//logsUMI_extract/Panc0504.log contains double '/'. This is likely unintended. It can also lead to inconsistent results of the file-matching approach used by Snakemake.
File path /home/cachris/geneva/hypoxia//logsUMI_extract/Panc1005.log contains double '/'. This is likely unintended. It can also lead to inconsistent results of the file-matching approach used by Snakemake.
File path /home/cachris/geneva/hypoxia//logsUMI_extract/SU8686.log contains double '/'. This is likely unintended. It can also lead to inconsistent results of the file-matching approach used by Snakemake.
File path /home/cachris/geneva/hypoxia//logsUMI_extract/HPAC.log contains double '/'. This is likely unintended. It can also lead to inconsistent results of the file-matching approach used by Snakemake.
File path /home/cachris/geneva/hypoxia//logsUMI_extract/HPAFII.log contains double '/'. This is likely unintended. It can also lead to inconsistent results of the file-matching approach used by Snakemake.
File path /home/cachris/geneva/hypoxia//logsUMI_extract/SW1990.log contains double '/'. This is likely unintended. It can also lead to inconsistent results of the file-matching approach used by Snakemake.
File path /home/cachris/geneva/hypoxia//logsUMI_extract/Panc0203.log contains double '/'. This is likely unintended. It can also lead to inconsistent results of the file-matching approach used by Snakemake.
File path /home/cachris/geneva/hypoxia//logsUMI_extract/Capan2.log contains double '/'. This is likely unintended. It can also lead to inconsistent results of the file-matching approach used by Snakemake.
File path /home/cachris/geneva/hypoxia//logsUMI_extract/AGS.log contains double '/'. This is likely unintended. It can also lead to inconsistent results of the file-matching approach used by Snakemake.
File path /home/cachris/geneva/hypoxia//logsUMI_extract/AsPC1.log contains double '/'. This is likely unintended. It can also lead to inconsistent results of the file-matching approach used by Snakemake.
File path /home/cachris/geneva/hypoxia//logsUMI_extract/ND08957.log contains double '/'. This is likely unintended. It can also lead to inconsistent results of the file-matching approach used by Snakemake.
File path /home/cachris/geneva/hypoxia//logsUMI_extract/ND08075.log contains double '/'. This is likely unintended. It can also lead to inconsistent results of the file-matching approach used by Snakemake.
Nothing to be done (all requested files are present and up to date).
Complete log: .snakemake/log/2023-08-30T144154.666242.snakemake.log
