Building DAG of jobs...
Using shell: /usr/bin/bash
Provided cores: 6
Rules claiming more threads will be scaled down.
Job stats:
job         count
--------  -------
all             1
demuxlet        6
total           7

Select jobs to execute...

[Wed Aug 30 14:46:32 2023]
rule demuxlet:
    input: /home/cachris/geneva/hypoxia/cellranger_outputs/21-4/possorted_genome_bam.bam, /home/cachris/geneva/hypoxia/merged_vcf.vcf.gz
    output: /home/cachris/geneva/hypoxia/demuxlet_out/21-4/21-4.best
    log: /home/cachris/geneva/hypoxia/logs/demuxlet/21-4.log
    jobid: 143
    reason: Missing output files: /home/cachris/geneva/hypoxia/demuxlet_out/21-4/21-4.best
    wildcards: sc_samples=21-4
    resources: tmpdir=/tmp

Activating conda environment: demuxlet

[Wed Aug 30 14:46:33 2023]
rule demuxlet:
    input: /home/cachris/geneva/hypoxia/cellranger_outputs/8-3/possorted_genome_bam.bam, /home/cachris/geneva/hypoxia/merged_vcf.vcf.gz
    output: /home/cachris/geneva/hypoxia/demuxlet_out/8-3/8-3.best
    log: /home/cachris/geneva/hypoxia/logs/demuxlet/8-3.log
    jobid: 137
    reason: Missing output files: /home/cachris/geneva/hypoxia/demuxlet_out/8-3/8-3.best
    wildcards: sc_samples=8-3
    resources: tmpdir=/tmp

Activating conda environment: demuxlet

[Wed Aug 30 14:46:33 2023]
rule demuxlet:
    input: /home/cachris/geneva/hypoxia/cellranger_outputs/60-1/possorted_genome_bam.bam, /home/cachris/geneva/hypoxia/merged_vcf.vcf.gz
    output: /home/cachris/geneva/hypoxia/demuxlet_out/60-1/60-1.best
    log: /home/cachris/geneva/hypoxia/logs/demuxlet/60-1.log
    jobid: 145
    reason: Missing output files: /home/cachris/geneva/hypoxia/demuxlet_out/60-1/60-1.best
    wildcards: sc_samples=60-1
    resources: tmpdir=/tmp

Activating conda environment: demuxlet

[Wed Aug 30 14:46:33 2023]
rule demuxlet:
    input: /home/cachris/geneva/hypoxia/cellranger_outputs/60-4/possorted_genome_bam.bam, /home/cachris/geneva/hypoxia/merged_vcf.vcf.gz
    output: /home/cachris/geneva/hypoxia/demuxlet_out/60-4/60-4.best
    log: /home/cachris/geneva/hypoxia/logs/demuxlet/60-4.log
    jobid: 147
    reason: Missing output files: /home/cachris/geneva/hypoxia/demuxlet_out/60-4/60-4.best
    wildcards: sc_samples=60-4
    resources: tmpdir=/tmp

Activating conda environment: demuxlet

[Wed Aug 30 14:46:33 2023]
rule demuxlet:
    input: /home/cachris/geneva/hypoxia/cellranger_outputs/8-4/possorted_genome_bam.bam, /home/cachris/geneva/hypoxia/merged_vcf.vcf.gz
    output: /home/cachris/geneva/hypoxia/demuxlet_out/8-4/8-4.best
    log: /home/cachris/geneva/hypoxia/logs/demuxlet/8-4.log
    jobid: 139
    reason: Missing output files: /home/cachris/geneva/hypoxia/demuxlet_out/8-4/8-4.best
    wildcards: sc_samples=8-4
    resources: tmpdir=/tmp

Activating conda environment: demuxlet

[Wed Aug 30 14:46:33 2023]
rule demuxlet:
    input: /home/cachris/geneva/hypoxia/cellranger_outputs/21-2/possorted_genome_bam.bam, /home/cachris/geneva/hypoxia/merged_vcf.vcf.gz
    output: /home/cachris/geneva/hypoxia/demuxlet_out/21-2/21-2.best
    log: /home/cachris/geneva/hypoxia/logs/demuxlet/21-2.log
    jobid: 141
    reason: Missing output files: /home/cachris/geneva/hypoxia/demuxlet_out/21-2/21-2.best
    wildcards: sc_samples=21-2
    resources: tmpdir=/tmp

Activating conda environment: demuxlet
[Wed Aug 30 15:02:14 2023]
Finished job 141.
1 of 7 steps (14%) done
[Wed Aug 30 15:04:28 2023]
Finished job 139.
2 of 7 steps (29%) done
[Wed Aug 30 15:04:53 2023]
Finished job 137.
3 of 7 steps (43%) done
[Wed Aug 30 15:05:27 2023]
Finished job 145.
4 of 7 steps (57%) done
[Wed Aug 30 15:05:36 2023]
Finished job 143.
5 of 7 steps (71%) done
[Wed Aug 30 15:10:29 2023]
Finished job 147.
6 of 7 steps (86%) done
Select jobs to execute...

[Wed Aug 30 15:10:29 2023]
localrule all:
    input: /home/cachris/geneva/hypoxia/merged_vcf2.vcf.gz, /home/cachris/geneva/hypoxia/demuxlet_out/8-3/8-3.best, /home/cachris/geneva/hypoxia/demuxlet_out/8-4/8-4.best, /home/cachris/geneva/hypoxia/demuxlet_out/21-2/21-2.best, /home/cachris/geneva/hypoxia/demuxlet_out/21-4/21-4.best, /home/cachris/geneva/hypoxia/demuxlet_out/60-1/60-1.best, /home/cachris/geneva/hypoxia/demuxlet_out/60-4/60-4.best, /home/cachris/geneva/hypoxia/vcfs/93E.vcf.gz, /home/cachris/geneva/hypoxia/vcfs/41865.vcf.gz, /home/cachris/geneva/hypoxia/vcfs/50073.vcf.gz, /home/cachris/geneva/hypoxia/vcfs/32947_c7.vcf.gz, /home/cachris/geneva/hypoxia/vcfs/50004.vcf.gz, /home/cachris/geneva/hypoxia/vcfs/5MRLiCTR.vcf.gz, /home/cachris/geneva/hypoxia/vcfs/2GW3iCTR.vcf.gz, /home/cachris/geneva/hypoxia/vcfs/2PFYiCTR.vcf.gz, /home/cachris/geneva/hypoxia/vcfs/6GNGiCTR.vcf.gz, /home/cachris/geneva/hypoxia/vcfs/5JAZiALS.vcf.gz, /home/cachris/geneva/hypoxia/vcfs/2WW0iALS.vcf.gz, /home/cachris/geneva/hypoxia/vcfs/0YJYiALS.vcf.gz, /home/cachris/geneva/hypoxia/vcfs/2NDDiALS.vcf.gz, /home/cachris/geneva/hypoxia/vcfs/0WD8iALS.vcf.gz, /home/cachris/geneva/hypoxia/vcfs/0JCLiALS.vcf.gz, /home/cachris/geneva/hypoxia/vcfs/AG0017.vcf.gz, /home/cachris/geneva/hypoxia/vcfs/50000.vcf.gz, /home/cachris/geneva/hypoxia/vcfs/35658.vcf.gz, /home/cachris/geneva/hypoxia/vcfs/29iALS.vcf.gz, /home/cachris/geneva/hypoxia/vcfs/12240.vcf.gz, /home/cachris/geneva/hypoxia/vcfs/39B.vcf.gz, /home/cachris/geneva/hypoxia/vcfs/3XLKiALS.vcf.gz, /home/cachris/geneva/hypoxia/vcfs/184.vcf.gz, /home/cachris/geneva/hypoxia/vcfs/6769.vcf.gz, /home/cachris/geneva/hypoxia/vcfs/6769_c1.vcf.gz, /home/cachris/geneva/hypoxia/vcfs/3719.vcf.gz, /home/cachris/geneva/hypoxia/vcfs/10739.vcf.gz, /home/cachris/geneva/hypoxia/vcfs/10689.vcf.gz, /home/cachris/geneva/hypoxia/vcfs/13454.vcf.gz, /home/cachris/geneva/hypoxia/vcfs/No4.vcf.gz, /home/cachris/geneva/hypoxia/vcfs/SOD139B_1.vcf.gz, /home/cachris/geneva/hypoxia/vcfs/29iALS_ISO.vcf.gz, /home/cachris/geneva/hypoxia/vcfs/2CLNiALS.vcf.gz, /home/cachris/geneva/hypoxia/vcfs/2DDGiALS.vcf.gz, /home/cachris/geneva/hypoxia/vcfs/ES.vcf.gz, /home/cachris/geneva/hypoxia/vcfs/1B06.vcf.gz, /home/cachris/geneva/hypoxia/vcfs/6GHCiALS.vcf.gz, /home/cachris/geneva/hypoxia/vcfs/SOD139B_2.vcf.gz, /home/cachris/geneva/hypoxia/vcfs/5FFPiALS.vcf.gz, /home/cachris/geneva/hypoxia/vcfs/No3.vcf.gz, /home/cachris/geneva/hypoxia/vcfs/12099.vcf.gz, /home/cachris/geneva/hypoxia/vcfs/5280.vcf.gz, /home/cachris/geneva/hypoxia/vcfs/3231.vcf.gz, /home/cachris/geneva/hypoxia/vcfs/50007.vcf.gz, /home/cachris/geneva/hypoxia/vcfs/OKVBiALS.vcf.gz, /home/cachris/geneva/hypoxia/vcfs/2B09.vcf.gz, /home/cachris/geneva/hypoxia/vcfs/39B_Corr.vcf.gz, /home/cachris/geneva/hypoxia/vcfs/CS5HF7iALS.vcf.gz, /home/cachris/geneva/hypoxia/vcfs/CS2YNLiALS.vcf.gz, /home/cachris/geneva/hypoxia/vcfs/5GR5iALS.vcf.gz, /home/cachris/geneva/hypoxia/vcfs/1RUG.vcf.gz, /home/cachris/geneva/hypoxia/vcfs/12100.vcf.gz, /home/cachris/geneva/hypoxia/vcfs/AH9iALS.vcf.gz, /home/cachris/geneva/hypoxia/vcfs/11813_fibs.vcf.gz, /home/cachris/geneva/hypoxia/vcfs/10739_fibs.vcf.gz, /home/cachris/geneva/hypoxia/vcfs/9292_fibs.vcf.gz, /home/cachris/geneva/hypoxia/vcfs/13454_fibs.vcf.gz, /home/cachris/geneva/hypoxia/vcfs/CS0KHAiALS.vcf.gz, /home/cachris/geneva/hypoxia/vcfs/9711.vcf.gz, /home/cachris/geneva/hypoxia/vcfs/14185.vcf.gz, /home/cachris/geneva/hypoxia/vcfs/ND35663.vcf.gz, /home/cachris/geneva/hypoxia/vcfs/CS0KBHiALS.vcf.gz, /home/cachris/geneva/hypoxia/vcfs/ND09329.vcf.gz, /home/cachris/geneva/hypoxia/vcfs/ND50082.vcf.gz, /home/cachris/geneva/hypoxia/vcfs/BxPC3.vcf.gz, /home/cachris/geneva/hypoxia/vcfs/SH4.vcf.gz, /home/cachris/geneva/hypoxia/vcfs/LNCaP.vcf.gz, /home/cachris/geneva/hypoxia/vcfs/U87.vcf.gz, /home/cachris/geneva/hypoxia/vcfs/786O.vcf.gz, /home/cachris/geneva/hypoxia/vcfs/A375.vcf.gz, /home/cachris/geneva/hypoxia/vcfs/Panc0504.vcf.gz, /home/cachris/geneva/hypoxia/vcfs/Panc1005.vcf.gz, /home/cachris/geneva/hypoxia/vcfs/HCC1806.vcf.gz, /home/cachris/geneva/hypoxia/vcfs/SU8686.vcf.gz, /home/cachris/geneva/hypoxia/vcfs/HCT15.vcf.gz, /home/cachris/geneva/hypoxia/vcfs/HPAC.vcf.gz, /home/cachris/geneva/hypoxia/vcfs/HepG2.vcf.gz, /home/cachris/geneva/hypoxia/vcfs/HPAFII.vcf.gz, /home/cachris/geneva/hypoxia/vcfs/SW1990.vcf.gz, /home/cachris/geneva/hypoxia/vcfs/MDA231.vcf.gz, /home/cachris/geneva/hypoxia/vcfs/PC3.vcf.gz, /home/cachris/geneva/hypoxia/vcfs/SJSA1.vcf.gz, /home/cachris/geneva/hypoxia/vcfs/143B.vcf.gz, /home/cachris/geneva/hypoxia/vcfs/LN229.vcf.gz, /home/cachris/geneva/hypoxia/vcfs/Caki1.vcf.gz, /home/cachris/geneva/hypoxia/vcfs/Panc0203.vcf.gz, /home/cachris/geneva/hypoxia/vcfs/Capan2.vcf.gz, /home/cachris/geneva/hypoxia/vcfs/Panc1.vcf.gz, /home/cachris/geneva/hypoxia/vcfs/Hep3b.vcf.gz, /home/cachris/geneva/hypoxia/vcfs/AGS.vcf.gz, /home/cachris/geneva/hypoxia/vcfs/AsPC1.vcf.gz, /home/cachris/geneva/hypoxia/vcfs/SW620.vcf.gz, /home/cachris/geneva/hypoxia/vcfs/ND08957.vcf.gz, /home/cachris/geneva/hypoxia/vcfs/ND08075.vcf.gz
    jobid: 0
    reason: Input files updated by another job: /home/cachris/geneva/hypoxia/demuxlet_out/60-1/60-1.best, /home/cachris/geneva/hypoxia/demuxlet_out/21-4/21-4.best, /home/cachris/geneva/hypoxia/demuxlet_out/21-2/21-2.best, /home/cachris/geneva/hypoxia/demuxlet_out/60-4/60-4.best, /home/cachris/geneva/hypoxia/demuxlet_out/8-4/8-4.best, /home/cachris/geneva/hypoxia/demuxlet_out/8-3/8-3.best
    resources: tmpdir=/tmp

[Wed Aug 30 15:10:29 2023]
Finished job 0.
7 of 7 steps (100%) done
Complete log: .snakemake/log/2023-08-30T144630.334624.snakemake.log
