Building DAG of jobs...
Using shell: /usr/bin/bash
Provided cores: 10
Rules claiming more threads will be scaled down.
Job stats:
job                    count
-------------------  -------
all                        1
cellranger_combined        6
demuxlet                   6
total                     13

Select jobs to execute...

[Wed Sep  6 15:25:46 2023]
rule cellranger_combined:
    input: /home/cachris/geneva/hypoxia/data/TSHG10_hypoxia_GENEVA
    output: /home/cachris/geneva/hypoxia/cellranger_outputs_mm10_hg38_combined/60-4/possorted_genome_bam.bam
    log: /home/cachris/geneva/hypoxia/logs/cellranger/60-4.log
    jobid: 114
    reason: Missing output files: /home/cachris/geneva/hypoxia/cellranger_outputs_mm10_hg38_combined/60-4/possorted_genome_bam.bam
    wildcards: sc_samples=60-4
    threads: 10
    resources: tmpdir=/tmp

Terminating processes on user request, this might take some time.
[Wed Sep  6 15:31:56 2023]
Error in rule cellranger_combined:
    jobid: 114
    input: /home/cachris/geneva/hypoxia/data/TSHG10_hypoxia_GENEVA
    output: /home/cachris/geneva/hypoxia/cellranger_outputs_mm10_hg38_combined/60-4/possorted_genome_bam.bam
    log: /home/cachris/geneva/hypoxia/logs/cellranger/60-4.log (check log file(s) for error details)
    shell:
        
        cellranger count         --id=60-4         --fastqs=/home/cachris/geneva/hypoxia/data/TSHG10_hypoxia_GENEVA        --transcriptome=/home/cachris/geneva/refdata-gex-GRCh38-and-mm10-2020-A/         --sample=60-4         --localcores=10 > /home/cachris/geneva/hypoxia/logs/cellranger/60-4.log 2>&1         && mv 60-4/outs/* /home/cachris/geneva/hypoxia/cellranger_outputs_mm10_hg38_combined/60-4/         && rm -r 60-4/
        
        (one of the commands exited with non-zero exit code; note that snakemake uses bash strict mode!)

Complete log: .snakemake/log/2023-09-06T152536.124085.snakemake.log
