Building DAG of jobs...
Using shell: /usr/bin/bash
Provided cores: 13
Rules claiming more threads will be scaled down.
Job stats:
job          count
---------  -------
all              1
demuxlet         6
index_vcf       20
merge_vcf        1
vcf             20
total           48

Select jobs to execute...

[Thu Sep 28 15:18:27 2023]
rule vcf:
    input: /home/cachris/projects/geneva/hypoxia/dedup_bams/SH4/Aligned.sortedByCoord.out.bam
    output: /home/cachris/projects/geneva/hypoxia/vcfs/SH4.vcf.gz
    log: /home/cachris/projects/geneva/hypoxia/logs/vcf/SH4.log
    jobid: 9
    reason: Missing output files: /home/cachris/projects/geneva/hypoxia/vcfs/SH4.vcf.gz
    wildcards: sample=SH4
    resources: tmpdir=/tmp

Activating conda environment: bcftools

[Thu Sep 28 15:18:29 2023]
rule vcf:
    input: /home/cachris/projects/geneva/hypoxia/dedup_bams/Caki1/Aligned.sortedByCoord.out.bam
    output: /home/cachris/projects/geneva/hypoxia/vcfs/Caki1.vcf.gz
    log: /home/cachris/projects/geneva/hypoxia/logs/vcf/Caki1.log
    jobid: 100
    reason: Missing output files: /home/cachris/projects/geneva/hypoxia/vcfs/Caki1.vcf.gz
    wildcards: sample=Caki1
    resources: tmpdir=/tmp

Activating conda environment: bcftools

[Thu Sep 28 15:18:29 2023]
rule vcf:
    input: /home/cachris/projects/geneva/hypoxia/dedup_bams/HepG2/Aligned.sortedByCoord.out.bam
    output: /home/cachris/projects/geneva/hypoxia/vcfs/HepG2.vcf.gz
    log: /home/cachris/projects/geneva/hypoxia/logs/vcf/HepG2.log
    jobid: 82
    reason: Missing output files: /home/cachris/projects/geneva/hypoxia/vcfs/HepG2.vcf.gz
    wildcards: sample=HepG2
    resources: tmpdir=/tmp

Activating conda environment: bcftools

[Thu Sep 28 15:18:29 2023]
rule vcf:
    input: /home/cachris/projects/geneva/hypoxia/dedup_bams/H441/Aligned.sortedByCoord.out.bam
    output: /home/cachris/projects/geneva/hypoxia/vcfs/H441.vcf.gz
    log: /home/cachris/projects/geneva/hypoxia/logs/vcf/H441.log
    jobid: 74
    reason: Missing output files: /home/cachris/projects/geneva/hypoxia/vcfs/H441.vcf.gz
    wildcards: sample=H441
    resources: tmpdir=/tmp


Activating conda environment: bcftools
[Thu Sep 28 15:18:29 2023]
rule vcf:
    input: /home/cachris/projects/geneva/hypoxia/dedup_bams/PC3/Aligned.sortedByCoord.out.bam
    output: /home/cachris/projects/geneva/hypoxia/vcfs/PC3.vcf.gz
    log: /home/cachris/projects/geneva/hypoxia/logs/vcf/PC3.log
    jobid: 62
    reason: Missing output files: /home/cachris/projects/geneva/hypoxia/vcfs/PC3.vcf.gz
    wildcards: sample=PC3
    resources: tmpdir=/tmp

Activating conda environment: bcftools

[Thu Sep 28 15:18:29 2023]
rule vcf:
    input: /home/cachris/projects/geneva/hypoxia/dedup_bams/SW620/Aligned.sortedByCoord.out.bam
    output: /home/cachris/projects/geneva/hypoxia/vcfs/SW620.vcf.gz
    log: /home/cachris/projects/geneva/hypoxia/logs/vcf/SW620.log
    jobid: 33
    reason: Missing output files: /home/cachris/projects/geneva/hypoxia/vcfs/SW620.vcf.gz
    wildcards: sample=SW620
    resources: tmpdir=/tmp

Activating conda environment: bcftools

[Thu Sep 28 15:18:29 2023]
rule vcf:
    input: /home/cachris/projects/geneva/hypoxia/dedup_bams/HCT15/Aligned.sortedByCoord.out.bam
    output: /home/cachris/projects/geneva/hypoxia/vcfs/HCT15.vcf.gz
    log: /home/cachris/projects/geneva/hypoxia/logs/vcf/HCT15.log
    jobid: 27
    reason: Missing output files: /home/cachris/projects/geneva/hypoxia/vcfs/HCT15.vcf.gz
    wildcards: sample=HCT15
    resources: tmpdir=/tmp

Activating conda environment: bcftools

[Thu Sep 28 15:18:29 2023]
rule vcf:
    input: /home/cachris/projects/geneva/hypoxia/dedup_bams/SJSA1/Aligned.sortedByCoord.out.bam
    output: /home/cachris/projects/geneva/hypoxia/vcfs/SJSA1.vcf.gz
    log: /home/cachris/projects/geneva/hypoxia/logs/vcf/SJSA1.log
    jobid: 39
    reason: Missing output files: /home/cachris/projects/geneva/hypoxia/vcfs/SJSA1.vcf.gz
    wildcards: sample=SJSA1
    resources: tmpdir=/tmp


Activating conda environment: bcftools
[Thu Sep 28 15:18:29 2023]
rule vcf:
    input: /home/cachris/projects/geneva/hypoxia/dedup_bams/HCC1806/Aligned.sortedByCoord.out.bam
    output: /home/cachris/projects/geneva/hypoxia/vcfs/HCC1806.vcf.gz
    log: /home/cachris/projects/geneva/hypoxia/logs/vcf/HCC1806.log
    jobid: 56
    reason: Missing output files: /home/cachris/projects/geneva/hypoxia/vcfs/HCC1806.vcf.gz
    wildcards: sample=HCC1806
    resources: tmpdir=/tmp

Activating conda environment: bcftools

[Thu Sep 28 15:18:29 2023]
rule vcf:
    input: /home/cachris/projects/geneva/hypoxia/dedup_bams/MDA231/Aligned.sortedByCoord.out.bam
    output: /home/cachris/projects/geneva/hypoxia/vcfs/MDA231.vcf.gz
    log: /home/cachris/projects/geneva/hypoxia/logs/vcf/MDA231.log
    jobid: 50
    reason: Missing output files: /home/cachris/projects/geneva/hypoxia/vcfs/MDA231.vcf.gz
    wildcards: sample=MDA231
    resources: tmpdir=/tmp

Activating conda environment: bcftools

[Thu Sep 28 15:18:29 2023]
rule vcf:
    input: /home/cachris/projects/geneva/hypoxia/dedup_bams/LNCaP/Aligned.sortedByCoord.out.bam
    output: /home/cachris/projects/geneva/hypoxia/vcfs/LNCaP.vcf.gz
    log: /home/cachris/projects/geneva/hypoxia/logs/vcf/LNCaP.log
    jobid: 68
    reason: Missing output files: /home/cachris/projects/geneva/hypoxia/vcfs/LNCaP.vcf.gz
    wildcards: sample=LNCaP
    resources: tmpdir=/tmp


Activating conda environment: bcftools
[Thu Sep 28 15:18:29 2023]
rule vcf:
    input: /home/cachris/projects/geneva/hypoxia/dedup_bams/H358/Aligned.sortedByCoord.out.bam
    output: /home/cachris/projects/geneva/hypoxia/vcfs/H358.vcf.gz
    log: /home/cachris/projects/geneva/hypoxia/logs/vcf/H358.log
    jobid: 78
    reason: Missing output files: /home/cachris/projects/geneva/hypoxia/vcfs/H358.vcf.gz
    wildcards: sample=H358
    resources: tmpdir=/tmp


Activating conda environment: bcftools
[Thu Sep 28 15:18:29 2023]
rule vcf:
    input: /home/cachris/projects/geneva/hypoxia/dedup_bams/LN229/Aligned.sortedByCoord.out.bam
    output: /home/cachris/projects/geneva/hypoxia/vcfs/LN229.vcf.gz
    log: /home/cachris/projects/geneva/hypoxia/logs/vcf/LN229.log
    jobid: 112
    reason: Missing output files: /home/cachris/projects/geneva/hypoxia/vcfs/LN229.vcf.gz
    wildcards: sample=LN229
    resources: tmpdir=/tmp

Activating conda environment: bcftools
[Thu Sep 28 15:24:38 2023]
Finished job 74.
1 of 48 steps (2%) done
Select jobs to execute...

[Thu Sep 28 15:24:38 2023]
rule index_vcf:
    input: /home/cachris/projects/geneva/hypoxia/vcfs/H441.vcf.gz
    output: /home/cachris/projects/geneva/hypoxia/vcfs/H441.vcf.gz.csi
    jobid: 130
    reason: Missing output files: /home/cachris/projects/geneva/hypoxia/vcfs/H441.vcf.gz.csi; Input files updated by another job: /home/cachris/projects/geneva/hypoxia/vcfs/H441.vcf.gz
    wildcards: sample=H441
    resources: tmpdir=/tmp

Activating conda environment: bcftools
[Thu Sep 28 15:24:39 2023]
Finished job 130.
2 of 48 steps (4%) done
Select jobs to execute...

[Thu Sep 28 15:24:39 2023]
rule vcf:
    input: /home/cachris/projects/geneva/hypoxia/dedup_bams/BxPC3/Aligned.sortedByCoord.out.bam
    output: /home/cachris/projects/geneva/hypoxia/vcfs/BxPC3.vcf.gz
    log: /home/cachris/projects/geneva/hypoxia/logs/vcf/BxPC3.log
    jobid: 21
    reason: Missing output files: /home/cachris/projects/geneva/hypoxia/vcfs/BxPC3.vcf.gz
    wildcards: sample=BxPC3
    resources: tmpdir=/tmp

Activating conda environment: bcftools
[Thu Sep 28 15:24:41 2023]
Finished job 78.
3 of 48 steps (6%) done
Select jobs to execute...

[Thu Sep 28 15:24:41 2023]
rule vcf:
    input: /home/cachris/projects/geneva/hypoxia/dedup_bams/Hep3b/Aligned.sortedByCoord.out.bam
    output: /home/cachris/projects/geneva/hypoxia/vcfs/Hep3b.vcf.gz
    log: /home/cachris/projects/geneva/hypoxia/logs/vcf/Hep3b.log
    jobid: 88
    reason: Missing output files: /home/cachris/projects/geneva/hypoxia/vcfs/Hep3b.vcf.gz
    wildcards: sample=Hep3b
    resources: tmpdir=/tmp

Activating conda environment: bcftools
[Thu Sep 28 15:24:50 2023]
Finished job 39.
4 of 48 steps (8%) done
Select jobs to execute...

[Thu Sep 28 15:24:50 2023]
rule vcf:
    input: /home/cachris/projects/geneva/hypoxia/dedup_bams/143B/Aligned.sortedByCoord.out.bam
    output: /home/cachris/projects/geneva/hypoxia/vcfs/143B.vcf.gz
    log: /home/cachris/projects/geneva/hypoxia/logs/vcf/143B.log
    jobid: 45
    reason: Missing output files: /home/cachris/projects/geneva/hypoxia/vcfs/143B.vcf.gz
    wildcards: sample=143B
    resources: tmpdir=/tmp

Activating conda environment: bcftools
[Thu Sep 28 15:25:19 2023]
Finished job 27.
5 of 48 steps (10%) done
Select jobs to execute...

[Thu Sep 28 15:25:19 2023]
rule index_vcf:
    input: /home/cachris/projects/geneva/hypoxia/vcfs/SJSA1.vcf.gz
    output: /home/cachris/projects/geneva/hypoxia/vcfs/SJSA1.vcf.gz.csi
    jobid: 124
    reason: Missing output files: /home/cachris/projects/geneva/hypoxia/vcfs/SJSA1.vcf.gz.csi; Input files updated by another job: /home/cachris/projects/geneva/hypoxia/vcfs/SJSA1.vcf.gz
    wildcards: sample=SJSA1
    resources: tmpdir=/tmp

Activating conda environment: bcftools
[Thu Sep 28 15:25:19 2023]
Finished job 124.
6 of 48 steps (12%) done
Select jobs to execute...

[Thu Sep 28 15:25:19 2023]
rule index_vcf:
    input: /home/cachris/projects/geneva/hypoxia/vcfs/H358.vcf.gz
    output: /home/cachris/projects/geneva/hypoxia/vcfs/H358.vcf.gz.csi
    jobid: 131
    reason: Missing output files: /home/cachris/projects/geneva/hypoxia/vcfs/H358.vcf.gz.csi; Input files updated by another job: /home/cachris/projects/geneva/hypoxia/vcfs/H358.vcf.gz
    wildcards: sample=H358
    resources: tmpdir=/tmp

Activating conda environment: bcftools
[Thu Sep 28 15:25:20 2023]
Finished job 131.
7 of 48 steps (15%) done
Select jobs to execute...

[Thu Sep 28 15:25:20 2023]
rule vcf:
    input: /home/cachris/projects/geneva/hypoxia/dedup_bams/786O/Aligned.sortedByCoord.out.bam
    output: /home/cachris/projects/geneva/hypoxia/vcfs/786O.vcf.gz
    log: /home/cachris/projects/geneva/hypoxia/logs/vcf/786O.log
    jobid: 94
    reason: Missing output files: /home/cachris/projects/geneva/hypoxia/vcfs/786O.vcf.gz
    wildcards: sample=786O
    resources: tmpdir=/tmp

Activating conda environment: bcftools
[Thu Sep 28 15:26:27 2023]
Finished job 82.
8 of 48 steps (17%) done
Select jobs to execute...

[Thu Sep 28 15:26:27 2023]
rule index_vcf:
    input: /home/cachris/projects/geneva/hypoxia/vcfs/HepG2.vcf.gz
    output: /home/cachris/projects/geneva/hypoxia/vcfs/HepG2.vcf.gz.csi
    jobid: 132
    reason: Missing output files: /home/cachris/projects/geneva/hypoxia/vcfs/HepG2.vcf.gz.csi; Input files updated by another job: /home/cachris/projects/geneva/hypoxia/vcfs/HepG2.vcf.gz
    wildcards: sample=HepG2
    resources: tmpdir=/tmp

Activating conda environment: bcftools
[Thu Sep 28 15:26:27 2023]
Finished job 132.
9 of 48 steps (19%) done
Select jobs to execute...

[Thu Sep 28 15:26:27 2023]
rule vcf:
    input: /home/cachris/projects/geneva/hypoxia/dedup_bams/A375/Aligned.sortedByCoord.out.bam
    output: /home/cachris/projects/geneva/hypoxia/vcfs/A375.vcf.gz
    log: /home/cachris/projects/geneva/hypoxia/logs/vcf/A375.log
    jobid: 3
    reason: Missing output files: /home/cachris/projects/geneva/hypoxia/vcfs/A375.vcf.gz
    wildcards: sample=A375
    resources: tmpdir=/tmp

Activating conda environment: bcftools
[Thu Sep 28 15:26:46 2023]
Finished job 112.
10 of 48 steps (21%) done
Select jobs to execute...

[Thu Sep 28 15:26:46 2023]
rule index_vcf:
    input: /home/cachris/projects/geneva/hypoxia/vcfs/LN229.vcf.gz
    output: /home/cachris/projects/geneva/hypoxia/vcfs/LN229.vcf.gz.csi
    jobid: 137
    reason: Missing output files: /home/cachris/projects/geneva/hypoxia/vcfs/LN229.vcf.gz.csi; Input files updated by another job: /home/cachris/projects/geneva/hypoxia/vcfs/LN229.vcf.gz
    wildcards: sample=LN229
    resources: tmpdir=/tmp

Activating conda environment: bcftools
[Thu Sep 28 15:26:46 2023]
Finished job 137.
11 of 48 steps (23%) done
Select jobs to execute...

[Thu Sep 28 15:26:46 2023]
rule index_vcf:
    input: /home/cachris/projects/geneva/hypoxia/vcfs/HCT15.vcf.gz
    output: /home/cachris/projects/geneva/hypoxia/vcfs/HCT15.vcf.gz.csi
    jobid: 122
    reason: Missing output files: /home/cachris/projects/geneva/hypoxia/vcfs/HCT15.vcf.gz.csi; Input files updated by another job: /home/cachris/projects/geneva/hypoxia/vcfs/HCT15.vcf.gz
    wildcards: sample=HCT15
    resources: tmpdir=/tmp

Activating conda environment: bcftools
[Thu Sep 28 15:26:46 2023]
Finished job 122.
12 of 48 steps (25%) done
Select jobs to execute...

[Thu Sep 28 15:26:46 2023]
rule vcf:
    input: /home/cachris/projects/geneva/hypoxia/dedup_bams/Panc1/Aligned.sortedByCoord.out.bam
    output: /home/cachris/projects/geneva/hypoxia/vcfs/Panc1.vcf.gz
    log: /home/cachris/projects/geneva/hypoxia/logs/vcf/Panc1.log
    jobid: 15
    reason: Missing output files: /home/cachris/projects/geneva/hypoxia/vcfs/Panc1.vcf.gz
    wildcards: sample=Panc1
    resources: tmpdir=/tmp

Activating conda environment: bcftools
[Thu Sep 28 15:27:07 2023]
Finished job 9.
13 of 48 steps (27%) done
Select jobs to execute...

[Thu Sep 28 15:27:07 2023]
rule vcf:
    input: /home/cachris/projects/geneva/hypoxia/dedup_bams/U87/Aligned.sortedByCoord.out.bam
    output: /home/cachris/projects/geneva/hypoxia/vcfs/U87.vcf.gz
    log: /home/cachris/projects/geneva/hypoxia/logs/vcf/U87.log
    jobid: 106
    reason: Missing output files: /home/cachris/projects/geneva/hypoxia/vcfs/U87.vcf.gz
    wildcards: sample=U87
    resources: tmpdir=/tmp

Activating conda environment: bcftools
[Thu Sep 28 15:29:18 2023]
Finished job 50.
14 of 48 steps (29%) done
Select jobs to execute...

[Thu Sep 28 15:29:18 2023]
rule index_vcf:
    input: /home/cachris/projects/geneva/hypoxia/vcfs/SH4.vcf.gz
    output: /home/cachris/projects/geneva/hypoxia/vcfs/SH4.vcf.gz.csi
    jobid: 119
    reason: Missing output files: /home/cachris/projects/geneva/hypoxia/vcfs/SH4.vcf.gz.csi; Input files updated by another job: /home/cachris/projects/geneva/hypoxia/vcfs/SH4.vcf.gz
    wildcards: sample=SH4
    resources: tmpdir=/tmp

Activating conda environment: bcftools
[Thu Sep 28 15:29:19 2023]
Finished job 119.
15 of 48 steps (31%) done
Select jobs to execute...

[Thu Sep 28 15:29:19 2023]
rule index_vcf:
    input: /home/cachris/projects/geneva/hypoxia/vcfs/MDA231.vcf.gz
    output: /home/cachris/projects/geneva/hypoxia/vcfs/MDA231.vcf.gz.csi
    jobid: 126
    reason: Missing output files: /home/cachris/projects/geneva/hypoxia/vcfs/MDA231.vcf.gz.csi; Input files updated by another job: /home/cachris/projects/geneva/hypoxia/vcfs/MDA231.vcf.gz
    wildcards: sample=MDA231
    resources: tmpdir=/tmp

Activating conda environment: bcftools
[Thu Sep 28 15:29:19 2023]
Finished job 126.
16 of 48 steps (33%) done
[Thu Sep 28 15:29:38 2023]
Finished job 56.
17 of 48 steps (35%) done
Select jobs to execute...

[Thu Sep 28 15:29:38 2023]
rule index_vcf:
    input: /home/cachris/projects/geneva/hypoxia/vcfs/HCC1806.vcf.gz
    output: /home/cachris/projects/geneva/hypoxia/vcfs/HCC1806.vcf.gz.csi
    jobid: 127
    reason: Missing output files: /home/cachris/projects/geneva/hypoxia/vcfs/HCC1806.vcf.gz.csi; Input files updated by another job: /home/cachris/projects/geneva/hypoxia/vcfs/HCC1806.vcf.gz
    wildcards: sample=HCC1806
    resources: tmpdir=/tmp

Activating conda environment: bcftools
[Thu Sep 28 15:29:39 2023]
Finished job 127.
18 of 48 steps (38%) done
[Thu Sep 28 15:30:02 2023]
Finished job 68.
19 of 48 steps (40%) done
Select jobs to execute...

[Thu Sep 28 15:30:02 2023]
rule index_vcf:
    input: /home/cachris/projects/geneva/hypoxia/vcfs/LNCaP.vcf.gz
    output: /home/cachris/projects/geneva/hypoxia/vcfs/LNCaP.vcf.gz.csi
    jobid: 129
    reason: Missing output files: /home/cachris/projects/geneva/hypoxia/vcfs/LNCaP.vcf.gz.csi; Input files updated by another job: /home/cachris/projects/geneva/hypoxia/vcfs/LNCaP.vcf.gz
    wildcards: sample=LNCaP
    resources: tmpdir=/tmp

Activating conda environment: bcftools
[Thu Sep 28 15:30:02 2023]
Finished job 129.
20 of 48 steps (42%) done
[Thu Sep 28 15:30:06 2023]
Finished job 100.
21 of 48 steps (44%) done
Select jobs to execute...

[Thu Sep 28 15:30:06 2023]
rule index_vcf:
    input: /home/cachris/projects/geneva/hypoxia/vcfs/Caki1.vcf.gz
    output: /home/cachris/projects/geneva/hypoxia/vcfs/Caki1.vcf.gz.csi
    jobid: 135
    reason: Missing output files: /home/cachris/projects/geneva/hypoxia/vcfs/Caki1.vcf.gz.csi; Input files updated by another job: /home/cachris/projects/geneva/hypoxia/vcfs/Caki1.vcf.gz
    wildcards: sample=Caki1
    resources: tmpdir=/tmp

Activating conda environment: bcftools
[Thu Sep 28 15:30:07 2023]
Finished job 135.
22 of 48 steps (46%) done
[Thu Sep 28 15:31:18 2023]
Finished job 3.
23 of 48 steps (48%) done
Select jobs to execute...

[Thu Sep 28 15:31:18 2023]
rule index_vcf:
    input: /home/cachris/projects/geneva/hypoxia/vcfs/A375.vcf.gz
    output: /home/cachris/projects/geneva/hypoxia/vcfs/A375.vcf.gz.csi
    jobid: 118
    reason: Missing output files: /home/cachris/projects/geneva/hypoxia/vcfs/A375.vcf.gz.csi; Input files updated by another job: /home/cachris/projects/geneva/hypoxia/vcfs/A375.vcf.gz
    wildcards: sample=A375
    resources: tmpdir=/tmp

Activating conda environment: bcftools
[Thu Sep 28 15:31:18 2023]
Finished job 118.
24 of 48 steps (50%) done
[Thu Sep 28 15:31:51 2023]
Finished job 21.
25 of 48 steps (52%) done
Select jobs to execute...

[Thu Sep 28 15:31:51 2023]
rule index_vcf:
    input: /home/cachris/projects/geneva/hypoxia/vcfs/BxPC3.vcf.gz
    output: /home/cachris/projects/geneva/hypoxia/vcfs/BxPC3.vcf.gz.csi
    jobid: 121
    reason: Missing output files: /home/cachris/projects/geneva/hypoxia/vcfs/BxPC3.vcf.gz.csi; Input files updated by another job: /home/cachris/projects/geneva/hypoxia/vcfs/BxPC3.vcf.gz
    wildcards: sample=BxPC3
    resources: tmpdir=/tmp

Activating conda environment: bcftools
[Thu Sep 28 15:31:51 2023]
Finished job 121.
26 of 48 steps (54%) done
[Thu Sep 28 15:32:10 2023]
Finished job 94.
27 of 48 steps (56%) done
Select jobs to execute...

[Thu Sep 28 15:32:10 2023]
rule index_vcf:
    input: /home/cachris/projects/geneva/hypoxia/vcfs/786O.vcf.gz
    output: /home/cachris/projects/geneva/hypoxia/vcfs/786O.vcf.gz.csi
    jobid: 134
    reason: Missing output files: /home/cachris/projects/geneva/hypoxia/vcfs/786O.vcf.gz.csi; Input files updated by another job: /home/cachris/projects/geneva/hypoxia/vcfs/786O.vcf.gz
    wildcards: sample=786O
    resources: tmpdir=/tmp

Activating conda environment: bcftools
[Thu Sep 28 15:32:10 2023]
Finished job 134.
28 of 48 steps (58%) done
[Thu Sep 28 15:32:23 2023]
Finished job 45.
29 of 48 steps (60%) done
Select jobs to execute...

[Thu Sep 28 15:32:23 2023]
rule index_vcf:
    input: /home/cachris/projects/geneva/hypoxia/vcfs/143B.vcf.gz
    output: /home/cachris/projects/geneva/hypoxia/vcfs/143B.vcf.gz.csi
    jobid: 125
    reason: Missing output files: /home/cachris/projects/geneva/hypoxia/vcfs/143B.vcf.gz.csi; Input files updated by another job: /home/cachris/projects/geneva/hypoxia/vcfs/143B.vcf.gz
    wildcards: sample=143B
    resources: tmpdir=/tmp

Activating conda environment: bcftools
[Thu Sep 28 15:32:23 2023]
Finished job 125.
30 of 48 steps (62%) done
[Thu Sep 28 15:36:11 2023]
Finished job 106.
31 of 48 steps (65%) done
Select jobs to execute...

[Thu Sep 28 15:36:11 2023]
rule index_vcf:
    input: /home/cachris/projects/geneva/hypoxia/vcfs/U87.vcf.gz
    output: /home/cachris/projects/geneva/hypoxia/vcfs/U87.vcf.gz.csi
    jobid: 136
    reason: Missing output files: /home/cachris/projects/geneva/hypoxia/vcfs/U87.vcf.gz.csi; Input files updated by another job: /home/cachris/projects/geneva/hypoxia/vcfs/U87.vcf.gz
    wildcards: sample=U87
    resources: tmpdir=/tmp

Activating conda environment: bcftools
[Thu Sep 28 15:36:11 2023]
Finished job 136.
32 of 48 steps (67%) done
[Thu Sep 28 15:37:24 2023]
Finished job 88.
33 of 48 steps (69%) done
Select jobs to execute...

[Thu Sep 28 15:37:24 2023]
rule index_vcf:
    input: /home/cachris/projects/geneva/hypoxia/vcfs/Hep3b.vcf.gz
    output: /home/cachris/projects/geneva/hypoxia/vcfs/Hep3b.vcf.gz.csi
    jobid: 133
    reason: Missing output files: /home/cachris/projects/geneva/hypoxia/vcfs/Hep3b.vcf.gz.csi; Input files updated by another job: /home/cachris/projects/geneva/hypoxia/vcfs/Hep3b.vcf.gz
    wildcards: sample=Hep3b
    resources: tmpdir=/tmp

Activating conda environment: bcftools
[Thu Sep 28 15:37:24 2023]
Finished job 133.
34 of 48 steps (71%) done
[Thu Sep 28 15:37:30 2023]
Finished job 62.
35 of 48 steps (73%) done
Select jobs to execute...

[Thu Sep 28 15:37:30 2023]
rule index_vcf:
    input: /home/cachris/projects/geneva/hypoxia/vcfs/PC3.vcf.gz
    output: /home/cachris/projects/geneva/hypoxia/vcfs/PC3.vcf.gz.csi
    jobid: 128
    reason: Missing output files: /home/cachris/projects/geneva/hypoxia/vcfs/PC3.vcf.gz.csi; Input files updated by another job: /home/cachris/projects/geneva/hypoxia/vcfs/PC3.vcf.gz
    wildcards: sample=PC3
    resources: tmpdir=/tmp

Activating conda environment: bcftools
[Thu Sep 28 15:37:30 2023]
Finished job 128.
36 of 48 steps (75%) done
[Thu Sep 28 15:46:51 2023]
Finished job 33.
37 of 48 steps (77%) done
Select jobs to execute...

[Thu Sep 28 15:46:51 2023]
rule index_vcf:
    input: /home/cachris/projects/geneva/hypoxia/vcfs/SW620.vcf.gz
    output: /home/cachris/projects/geneva/hypoxia/vcfs/SW620.vcf.gz.csi
    jobid: 123
    reason: Missing output files: /home/cachris/projects/geneva/hypoxia/vcfs/SW620.vcf.gz.csi; Input files updated by another job: /home/cachris/projects/geneva/hypoxia/vcfs/SW620.vcf.gz
    wildcards: sample=SW620
    resources: tmpdir=/tmp

Activating conda environment: bcftools
[Thu Sep 28 15:46:52 2023]
Finished job 123.
38 of 48 steps (79%) done
[Thu Sep 28 15:54:18 2023]
Finished job 15.
39 of 48 steps (81%) done
Select jobs to execute...

[Thu Sep 28 15:54:18 2023]
rule index_vcf:
    input: /home/cachris/projects/geneva/hypoxia/vcfs/Panc1.vcf.gz
    output: /home/cachris/projects/geneva/hypoxia/vcfs/Panc1.vcf.gz.csi
    jobid: 120
    reason: Missing output files: /home/cachris/projects/geneva/hypoxia/vcfs/Panc1.vcf.gz.csi; Input files updated by another job: /home/cachris/projects/geneva/hypoxia/vcfs/Panc1.vcf.gz
    wildcards: sample=Panc1
    resources: tmpdir=/tmp

Activating conda environment: bcftools
[Thu Sep 28 15:54:19 2023]
Finished job 120.
40 of 48 steps (83%) done
Select jobs to execute...

[Thu Sep 28 15:54:19 2023]
rule merge_vcf:
    input: /home/cachris/projects/geneva/hypoxia/vcfs/A375.vcf.gz, /home/cachris/projects/geneva/hypoxia/vcfs/SH4.vcf.gz, /home/cachris/projects/geneva/hypoxia/vcfs/Panc1.vcf.gz, /home/cachris/projects/geneva/hypoxia/vcfs/BxPC3.vcf.gz, /home/cachris/projects/geneva/hypoxia/vcfs/HCT15.vcf.gz, /home/cachris/projects/geneva/hypoxia/vcfs/SW620.vcf.gz, /home/cachris/projects/geneva/hypoxia/vcfs/SJSA1.vcf.gz, /home/cachris/projects/geneva/hypoxia/vcfs/143B.vcf.gz, /home/cachris/projects/geneva/hypoxia/vcfs/MDA231.vcf.gz, /home/cachris/projects/geneva/hypoxia/vcfs/HCC1806.vcf.gz, /home/cachris/projects/geneva/hypoxia/vcfs/PC3.vcf.gz, /home/cachris/projects/geneva/hypoxia/vcfs/LNCaP.vcf.gz, /home/cachris/projects/geneva/hypoxia/vcfs/H441.vcf.gz, /home/cachris/projects/geneva/hypoxia/vcfs/H358.vcf.gz, /home/cachris/projects/geneva/hypoxia/vcfs/HepG2.vcf.gz, /home/cachris/projects/geneva/hypoxia/vcfs/Hep3b.vcf.gz, /home/cachris/projects/geneva/hypoxia/vcfs/786O.vcf.gz, /home/cachris/projects/geneva/hypoxia/vcfs/Caki1.vcf.gz, /home/cachris/projects/geneva/hypoxia/vcfs/U87.vcf.gz, /home/cachris/projects/geneva/hypoxia/vcfs/LN229.vcf.gz, /home/cachris/projects/geneva/hypoxia/vcfs/A375.vcf.gz.csi, /home/cachris/projects/geneva/hypoxia/vcfs/SH4.vcf.gz.csi, /home/cachris/projects/geneva/hypoxia/vcfs/Panc1.vcf.gz.csi, /home/cachris/projects/geneva/hypoxia/vcfs/BxPC3.vcf.gz.csi, /home/cachris/projects/geneva/hypoxia/vcfs/HCT15.vcf.gz.csi, /home/cachris/projects/geneva/hypoxia/vcfs/SW620.vcf.gz.csi, /home/cachris/projects/geneva/hypoxia/vcfs/SJSA1.vcf.gz.csi, /home/cachris/projects/geneva/hypoxia/vcfs/143B.vcf.gz.csi, /home/cachris/projects/geneva/hypoxia/vcfs/MDA231.vcf.gz.csi, /home/cachris/projects/geneva/hypoxia/vcfs/HCC1806.vcf.gz.csi, /home/cachris/projects/geneva/hypoxia/vcfs/PC3.vcf.gz.csi, /home/cachris/projects/geneva/hypoxia/vcfs/LNCaP.vcf.gz.csi, /home/cachris/projects/geneva/hypoxia/vcfs/H441.vcf.gz.csi, /home/cachris/projects/geneva/hypoxia/vcfs/H358.vcf.gz.csi, /home/cachris/projects/geneva/hypoxia/vcfs/HepG2.vcf.gz.csi, /home/cachris/projects/geneva/hypoxia/vcfs/Hep3b.vcf.gz.csi, /home/cachris/projects/geneva/hypoxia/vcfs/786O.vcf.gz.csi, /home/cachris/projects/geneva/hypoxia/vcfs/Caki1.vcf.gz.csi, /home/cachris/projects/geneva/hypoxia/vcfs/U87.vcf.gz.csi, /home/cachris/projects/geneva/hypoxia/vcfs/LN229.vcf.gz.csi
    output: /home/cachris/projects/geneva/hypoxia/merged_vcf.vcf.gz
    jobid: 2
    reason: Missing output files: /home/cachris/projects/geneva/hypoxia/merged_vcf.vcf.gz; Input files updated by another job: /home/cachris/projects/geneva/hypoxia/vcfs/HepG2.vcf.gz, /home/cachris/projects/geneva/hypoxia/vcfs/SJSA1.vcf.gz, /home/cachris/projects/geneva/hypoxia/vcfs/143B.vcf.gz.csi, /home/cachris/projects/geneva/hypoxia/vcfs/U87.vcf.gz.csi, /home/cachris/projects/geneva/hypoxia/vcfs/Hep3b.vcf.gz, /home/cachris/projects/geneva/hypoxia/vcfs/HCT15.vcf.gz, /home/cachris/projects/geneva/hypoxia/vcfs/Caki1.vcf.gz, /home/cachris/projects/geneva/hypoxia/vcfs/Panc1.vcf.gz.csi, /home/cachris/projects/geneva/hypoxia/vcfs/SW620.vcf.gz.csi, /home/cachris/projects/geneva/hypoxia/vcfs/MDA231.vcf.gz, /home/cachris/projects/geneva/hypoxia/vcfs/SH4.vcf.gz.csi, /home/cachris/projects/geneva/hypoxia/vcfs/MDA231.vcf.gz.csi, /home/cachris/projects/geneva/hypoxia/vcfs/BxPC3.vcf.gz, /home/cachris/projects/geneva/hypoxia/vcfs/LN229.vcf.gz.csi, /home/cachris/projects/geneva/hypoxia/vcfs/SH4.vcf.gz, /home/cachris/projects/geneva/hypoxia/vcfs/HCC1806.vcf.gz, /home/cachris/projects/geneva/hypoxia/vcfs/A375.vcf.gz.csi, /home/cachris/projects/geneva/hypoxia/vcfs/H441.vcf.gz.csi, /home/cachris/projects/geneva/hypoxia/vcfs/LNCaP.vcf.gz, /home/cachris/projects/geneva/hypoxia/vcfs/BxPC3.vcf.gz.csi, /home/cachris/projects/geneva/hypoxia/vcfs/SW620.vcf.gz, /home/cachris/projects/geneva/hypoxia/vcfs/786O.vcf.gz, /home/cachris/projects/geneva/hypoxia/vcfs/A375.vcf.gz, /home/cachris/projects/geneva/hypoxia/vcfs/PC3.vcf.gz.csi, /home/cachris/projects/geneva/hypoxia/vcfs/HepG2.vcf.gz.csi, /home/cachris/projects/geneva/hypoxia/vcfs/LN229.vcf.gz, /home/cachris/projects/geneva/hypoxia/vcfs/H358.vcf.gz, /home/cachris/projects/geneva/hypoxia/vcfs/PC3.vcf.gz, /home/cachris/projects/geneva/hypoxia/vcfs/786O.vcf.gz.csi, /home/cachris/projects/geneva/hypoxia/vcfs/Panc1.vcf.gz, /home/cachris/projects/geneva/hypoxia/vcfs/SJSA1.vcf.gz.csi, /home/cachris/projects/geneva/hypoxia/vcfs/H358.vcf.gz.csi, /home/cachris/projects/geneva/hypoxia/vcfs/HCT15.vcf.gz.csi, /home/cachris/projects/geneva/hypoxia/vcfs/U87.vcf.gz, /home/cachris/projects/geneva/hypoxia/vcfs/HCC1806.vcf.gz.csi, /home/cachris/projects/geneva/hypoxia/vcfs/H441.vcf.gz, /home/cachris/projects/geneva/hypoxia/vcfs/143B.vcf.gz, /home/cachris/projects/geneva/hypoxia/vcfs/Hep3b.vcf.gz.csi, /home/cachris/projects/geneva/hypoxia/vcfs/LNCaP.vcf.gz.csi, /home/cachris/projects/geneva/hypoxia/vcfs/Caki1.vcf.gz.csi
    resources: tmpdir=/tmp

Activating conda environment: bcftools
[Thu Sep 28 15:54:23 2023]
Finished job 2.
41 of 48 steps (85%) done
Select jobs to execute...

[Thu Sep 28 15:54:29 2023]
rule demuxlet:
    input: /home/cachris/projects/geneva/hypoxia/cellranger_outputs/60-1/possorted_genome_bam.bam, /home/cachris/projects/geneva/hypoxia/merged_vcf.vcf.gz
    output: /home/cachris/projects/geneva/hypoxia/demuxlet_out/60-1/60-1.best
    log: /home/cachris/projects/geneva/hypoxia/logs/demuxlet/60-1.log
    jobid: 141
    reason: Missing output files: /home/cachris/projects/geneva/hypoxia/demuxlet_out/60-1/60-1.best; Input files updated by another job: /home/cachris/projects/geneva/hypoxia/merged_vcf.vcf.gz
    wildcards: sc_samples=60-1
    resources: tmpdir=/tmp


Activating conda environment: demuxlet
[Thu Sep 28 15:54:29 2023]
rule demuxlet:
    input: /home/cachris/projects/geneva/hypoxia/cellranger_outputs/8-3/possorted_genome_bam.bam, /home/cachris/projects/geneva/hypoxia/merged_vcf.vcf.gz
    output: /home/cachris/projects/geneva/hypoxia/demuxlet_out/8-3/8-3.best
    log: /home/cachris/projects/geneva/hypoxia/logs/demuxlet/8-3.log
    jobid: 1
    reason: Missing output files: /home/cachris/projects/geneva/hypoxia/demuxlet_out/8-3/8-3.best; Input files updated by another job: /home/cachris/projects/geneva/hypoxia/merged_vcf.vcf.gz
    wildcards: sc_samples=8-3
    resources: tmpdir=/tmp


[Thu Sep 28 15:54:29 2023]
Activating conda environment: demuxlet
rule demuxlet:
    input: /home/cachris/projects/geneva/hypoxia/cellranger_outputs/8-4/possorted_genome_bam.bam, /home/cachris/projects/geneva/hypoxia/merged_vcf.vcf.gz
    output: /home/cachris/projects/geneva/hypoxia/demuxlet_out/8-4/8-4.best
    log: /home/cachris/projects/geneva/hypoxia/logs/demuxlet/8-4.log
    jobid: 138
    reason: Missing output files: /home/cachris/projects/geneva/hypoxia/demuxlet_out/8-4/8-4.best; Input files updated by another job: /home/cachris/projects/geneva/hypoxia/merged_vcf.vcf.gz
    wildcards: sc_samples=8-4
    resources: tmpdir=/tmp


Activating conda environment: demuxlet
[Thu Sep 28 15:54:30 2023]
rule demuxlet:
    input: /home/cachris/projects/geneva/hypoxia/cellranger_outputs/21-2/possorted_genome_bam.bam, /home/cachris/projects/geneva/hypoxia/merged_vcf.vcf.gz
    output: /home/cachris/projects/geneva/hypoxia/demuxlet_out/21-2/21-2.best
    log: /home/cachris/projects/geneva/hypoxia/logs/demuxlet/21-2.log
    jobid: 139
    reason: Missing output files: /home/cachris/projects/geneva/hypoxia/demuxlet_out/21-2/21-2.best; Input files updated by another job: /home/cachris/projects/geneva/hypoxia/merged_vcf.vcf.gz
    wildcards: sc_samples=21-2
    resources: tmpdir=/tmp


Activating conda environment: demuxlet
[Thu Sep 28 15:54:30 2023]
rule demuxlet:
    input: /home/cachris/projects/geneva/hypoxia/cellranger_outputs/21-4/possorted_genome_bam.bam, /home/cachris/projects/geneva/hypoxia/merged_vcf.vcf.gz
    output: /home/cachris/projects/geneva/hypoxia/demuxlet_out/21-4/21-4.best
    log: /home/cachris/projects/geneva/hypoxia/logs/demuxlet/21-4.log
    jobid: 140
    reason: Missing output files: /home/cachris/projects/geneva/hypoxia/demuxlet_out/21-4/21-4.best; Input files updated by another job: /home/cachris/projects/geneva/hypoxia/merged_vcf.vcf.gz
    wildcards: sc_samples=21-4
    resources: tmpdir=/tmp

Activating conda environment: demuxlet

[Thu Sep 28 15:54:30 2023]
rule demuxlet:
    input: /home/cachris/projects/geneva/hypoxia/cellranger_outputs/60-4/possorted_genome_bam.bam, /home/cachris/projects/geneva/hypoxia/merged_vcf.vcf.gz
    output: /home/cachris/projects/geneva/hypoxia/demuxlet_out/60-4/60-4.best
    log: /home/cachris/projects/geneva/hypoxia/logs/demuxlet/60-4.log
    jobid: 142
    reason: Missing output files: /home/cachris/projects/geneva/hypoxia/demuxlet_out/60-4/60-4.best; Input files updated by another job: /home/cachris/projects/geneva/hypoxia/merged_vcf.vcf.gz
    wildcards: sc_samples=60-4
    resources: tmpdir=/tmp

Activating conda environment: demuxlet
[Thu Sep 28 16:54:49 2023]
Finished job 139.
42 of 48 steps (88%) done
[Thu Sep 28 17:04:03 2023]
Finished job 1.
43 of 48 steps (90%) done
[Thu Sep 28 17:10:22 2023]
Finished job 138.
44 of 48 steps (92%) done
[Thu Sep 28 17:14:26 2023]
Finished job 141.
45 of 48 steps (94%) done
[Thu Sep 28 17:16:33 2023]
Finished job 140.
46 of 48 steps (96%) done
[Thu Sep 28 18:15:29 2023]
Finished job 142.
47 of 48 steps (98%) done
Select jobs to execute...

[Thu Sep 28 18:15:30 2023]
localrule all:
    input: /home/cachris/projects/geneva/hypoxia/demuxlet_out/8-3/8-3.best, /home/cachris/projects/geneva/hypoxia/demuxlet_out/8-4/8-4.best, /home/cachris/projects/geneva/hypoxia/demuxlet_out/21-2/21-2.best, /home/cachris/projects/geneva/hypoxia/demuxlet_out/21-4/21-4.best, /home/cachris/projects/geneva/hypoxia/demuxlet_out/60-1/60-1.best, /home/cachris/projects/geneva/hypoxia/demuxlet_out/60-4/60-4.best
    jobid: 0
    reason: Input files updated by another job: /home/cachris/projects/geneva/hypoxia/demuxlet_out/60-4/60-4.best, /home/cachris/projects/geneva/hypoxia/demuxlet_out/21-2/21-2.best, /home/cachris/projects/geneva/hypoxia/demuxlet_out/60-1/60-1.best, /home/cachris/projects/geneva/hypoxia/demuxlet_out/8-4/8-4.best, /home/cachris/projects/geneva/hypoxia/demuxlet_out/8-3/8-3.best, /home/cachris/projects/geneva/hypoxia/demuxlet_out/21-4/21-4.best
    resources: tmpdir=/tmp

[Thu Sep 28 18:15:30 2023]
Finished job 0.
48 of 48 steps (100%) done
Complete log: .snakemake/log/2023-09-28T151729.749750.snakemake.log
