Building DAG of jobs...
Using shell: /usr/bin/bash
Provided cores: 12
Rules claiming more threads will be scaled down.
Job stats:
job          count
---------  -------
all              1
demuxlet         6
merge_vcf        1
vcf             20
total           28

Select jobs to execute...

[Mon Sep 18 12:15:01 2023]
rule vcf:
    input: /home/cachris/projects/geneva/hypoxia/dedup_bams/Caki1/Aligned.sortedByCoord.out.bam
    output: /home/cachris/projects/geneva/hypoxia/vcfs2/Caki1.vcf.gz
    log: /home/cachris/projects/geneva/hypoxia/logs/vcf/Caki1.log
    jobid: 106
    reason: Missing output files: /home/cachris/projects/geneva/hypoxia/vcfs2/Caki1.vcf.gz
    wildcards: sample=Caki1
    resources: tmpdir=/tmp

Activating conda environment: bcftools

[Mon Sep 18 12:15:02 2023]
rule vcf:
    input: /home/cachris/projects/geneva/hypoxia/dedup_bams/SH4/Aligned.sortedByCoord.out.bam
    output: /home/cachris/projects/geneva/hypoxia/vcfs2/SH4.vcf.gz
    log: /home/cachris/projects/geneva/hypoxia/logs/vcf/SH4.log
    jobid: 15
    reason: Missing output files: /home/cachris/projects/geneva/hypoxia/vcfs2/SH4.vcf.gz
    wildcards: sample=SH4
    resources: tmpdir=/tmp

Activating conda environment: bcftools

[Mon Sep 18 12:15:02 2023]
rule vcf:
    input: /home/cachris/projects/geneva/hypoxia/dedup_bams/BxPC3/Aligned.sortedByCoord.out.bam
    output: /home/cachris/projects/geneva/hypoxia/vcfs2/BxPC3.vcf.gz
    log: /home/cachris/projects/geneva/hypoxia/logs/vcf/BxPC3.log
    jobid: 27
    reason: Missing output files: /home/cachris/projects/geneva/hypoxia/vcfs2/BxPC3.vcf.gz
    wildcards: sample=BxPC3
    resources: tmpdir=/tmp

Activating conda environment: bcftools

[Mon Sep 18 12:15:02 2023]
rule vcf:
    input: /home/cachris/projects/geneva/hypoxia/dedup_bams/786O/Aligned.sortedByCoord.out.bam
    output: /home/cachris/projects/geneva/hypoxia/vcfs2/786O.vcf.gz
    log: /home/cachris/projects/geneva/hypoxia/logs/vcf/786O.log
    jobid: 100
    reason: Missing output files: /home/cachris/projects/geneva/hypoxia/vcfs2/786O.vcf.gz
    wildcards: sample=786O
    resources: tmpdir=/tmp

Activating conda environment: bcftools

[Mon Sep 18 12:15:02 2023]
rule vcf:
    input: /home/cachris/projects/geneva/hypoxia/dedup_bams/H441/Aligned.sortedByCoord.out.bam
    output: /home/cachris/projects/geneva/hypoxia/vcfs2/H441.vcf.gz
    log: /home/cachris/projects/geneva/hypoxia/logs/vcf/H441.log
    jobid: 80
    reason: Missing output files: /home/cachris/projects/geneva/hypoxia/vcfs2/H441.vcf.gz
    wildcards: sample=H441
    resources: tmpdir=/tmp


Activating conda environment: bcftools
[Mon Sep 18 12:15:02 2023]
rule vcf:
    input: /home/cachris/projects/geneva/hypoxia/dedup_bams/HepG2/Aligned.sortedByCoord.out.bam
    output: /home/cachris/projects/geneva/hypoxia/vcfs2/HepG2.vcf.gz
    log: /home/cachris/projects/geneva/hypoxia/logs/vcf/HepG2.log
    jobid: 88
    reason: Missing output files: /home/cachris/projects/geneva/hypoxia/vcfs2/HepG2.vcf.gz
    wildcards: sample=HepG2
    resources: tmpdir=/tmp

Activating conda environment: bcftools

[Mon Sep 18 12:15:02 2023]
rule vcf:
    input: /home/cachris/projects/geneva/hypoxia/dedup_bams/HCT15/Aligned.sortedByCoord.out.bam
    output: /home/cachris/projects/geneva/hypoxia/vcfs2/HCT15.vcf.gz
    log: /home/cachris/projects/geneva/hypoxia/logs/vcf/HCT15.log
    jobid: 33
    reason: Missing output files: /home/cachris/projects/geneva/hypoxia/vcfs2/HCT15.vcf.gz
    wildcards: sample=HCT15
    resources: tmpdir=/tmp

Activating conda environment: bcftools

[Mon Sep 18 12:15:02 2023]
rule vcf:
    input: /home/cachris/projects/geneva/hypoxia/dedup_bams/HCC1806/Aligned.sortedByCoord.out.bam
    output: /home/cachris/projects/geneva/hypoxia/vcfs2/HCC1806.vcf.gz
    log: /home/cachris/projects/geneva/hypoxia/logs/vcf/HCC1806.log
    jobid: 62
    reason: Missing output files: /home/cachris/projects/geneva/hypoxia/vcfs2/HCC1806.vcf.gz
    wildcards: sample=HCC1806
    resources: tmpdir=/tmp

Activating conda environment: bcftools

[Mon Sep 18 12:15:02 2023]
rule vcf:
    input: /home/cachris/projects/geneva/hypoxia/dedup_bams/MDA231/Aligned.sortedByCoord.out.bam
    output: /home/cachris/projects/geneva/hypoxia/vcfs2/MDA231.vcf.gz
    log: /home/cachris/projects/geneva/hypoxia/logs/vcf/MDA231.log
    jobid: 56
    reason: Missing output files: /home/cachris/projects/geneva/hypoxia/vcfs2/MDA231.vcf.gz
    wildcards: sample=MDA231
    resources: tmpdir=/tmp

Activating conda environment: bcftools

[Mon Sep 18 12:15:02 2023]
rule vcf:
    input: /home/cachris/projects/geneva/hypoxia/dedup_bams/A375/Aligned.sortedByCoord.out.bam
    output: /home/cachris/projects/geneva/hypoxia/vcfs2/A375.vcf.gz
    log: /home/cachris/projects/geneva/hypoxia/logs/vcf/A375.log
    jobid: 9
    reason: Missing output files: /home/cachris/projects/geneva/hypoxia/vcfs2/A375.vcf.gz
    wildcards: sample=A375
    resources: tmpdir=/tmp

Activating conda environment: bcftools

[Mon Sep 18 12:15:02 2023]
rule vcf:
    input: /home/cachris/projects/geneva/hypoxia/dedup_bams/LN229/Aligned.sortedByCoord.out.bam
    output: /home/cachris/projects/geneva/hypoxia/vcfs2/LN229.vcf.gz
    log: /home/cachris/projects/geneva/hypoxia/logs/vcf/LN229.log
    jobid: 118
    reason: Missing output files: /home/cachris/projects/geneva/hypoxia/vcfs2/LN229.vcf.gz
    wildcards: sample=LN229
    resources: tmpdir=/tmp

Activating conda environment: bcftools

[Mon Sep 18 12:15:02 2023]
rule vcf:
    input: /home/cachris/projects/geneva/hypoxia/dedup_bams/U87/Aligned.sortedByCoord.out.bam
    output: /home/cachris/projects/geneva/hypoxia/vcfs2/U87.vcf.gz
    log: /home/cachris/projects/geneva/hypoxia/logs/vcf/U87.log
    jobid: 112
    reason: Missing output files: /home/cachris/projects/geneva/hypoxia/vcfs2/U87.vcf.gz
    wildcards: sample=U87
    resources: tmpdir=/tmp

Activating conda environment: bcftools
Terminating processes on user request, this might take some time.
[Mon Sep 18 12:15:10 2023]
Error in rule vcf:
    jobid: 118
    input: /home/cachris/projects/geneva/hypoxia/dedup_bams/LN229/Aligned.sortedByCoord.out.bam
    output: /home/cachris/projects/geneva/hypoxia/vcfs2/LN229.vcf.gz
    log: /home/cachris/projects/geneva/hypoxia/logs/vcf/LN229.log (check log file(s) for error details)
    conda-env: bcftools
    shell:
        
        bcftools mpileup         -d 115         -C 50         -Ou -f /home/genomes/cellranger_refs/refdata-gex-GRCh38-2020-A/fasta/genome.fa /home/cachris/projects/geneva/hypoxia/dedup_bams/LN229/Aligned.sortedByCoord.out.bam 2> /home/cachris/projects/geneva/hypoxia/logs/vcf/LN229.log |         bcftools call         -Ou -mv -f GP - 2> /home/cachris/projects/geneva/hypoxia/logs/vcf/LN229.log |         bcftools filter         -e 'QUAL>20 || DP>250 || MAF<0.2'         -Ou -o /home/cachris/projects/geneva/hypoxia/vcfs2/LN229.vcf.gz - 2> /home/cachris/projects/geneva/hypoxia/logs/vcf/LN229.log 
        
        (one of the commands exited with non-zero exit code; note that snakemake uses bash strict mode!)

[Mon Sep 18 12:15:10 2023]
[Mon Sep 18 12:15:10 2023]
[Mon Sep 18 12:15:10 2023]
Error in rule vcf:
    jobid: 33
    input: /home/cachris/projects/geneva/hypoxia/dedup_bams/HCT15/Aligned.sortedByCoord.out.bam
    output: /home/cachris/projects/geneva/hypoxia/vcfs2/HCT15.vcf.gz
    log: /home/cachris/projects/geneva/hypoxia/logs/vcf/HCT15.log (check log file(s) for error details)
    conda-env: bcftools
    shell:
        
        bcftools mpileup         -d 115         -C 50         -Ou -f /home/genomes/cellranger_refs/refdata-gex-GRCh38-2020-A/fasta/genome.fa /home/cachris/projects/geneva/hypoxia/dedup_bams/HCT15/Aligned.sortedByCoord.out.bam 2> /home/cachris/projects/geneva/hypoxia/logs/vcf/HCT15.log |         bcftools call         -Ou -mv -f GP - 2> /home/cachris/projects/geneva/hypoxia/logs/vcf/HCT15.log |         bcftools filter         -e 'QUAL>20 || DP>250 || MAF<0.2'         -Ou -o /home/cachris/projects/geneva/hypoxia/vcfs2/HCT15.vcf.gz - 2> /home/cachris/projects/geneva/hypoxia/logs/vcf/HCT15.log 
        
        (one of the commands exited with non-zero exit code; note that snakemake uses bash strict mode!)

[Mon Sep 18 12:15:10 2023]
[Mon Sep 18 12:15:10 2023]
Error in rule vcf:
    jobid: 62
    input: /home/cachris/projects/geneva/hypoxia/dedup_bams/HCC1806/Aligned.sortedByCoord.out.bam
    output: /home/cachris/projects/geneva/hypoxia/vcfs2/HCC1806.vcf.gz
    log: /home/cachris/projects/geneva/hypoxia/logs/vcf/HCC1806.log (check log file(s) for error details)
    conda-env: bcftools
    shell:
        
        bcftools mpileup         -d 115         -C 50         -Ou -f /home/genomes/cellranger_refs/refdata-gex-GRCh38-2020-A/fasta/genome.fa /home/cachris/projects/geneva/hypoxia/dedup_bams/HCC1806/Aligned.sortedByCoord.out.bam 2> /home/cachris/projects/geneva/hypoxia/logs/vcf/HCC1806.log |         bcftools call         -Ou -mv -f GP - 2> /home/cachris/projects/geneva/hypoxia/logs/vcf/HCC1806.log |         bcftools filter         -e 'QUAL>20 || DP>250 || MAF<0.2'         -Ou -o /home/cachris/projects/geneva/hypoxia/vcfs2/HCC1806.vcf.gz - 2> /home/cachris/projects/geneva/hypoxia/logs/vcf/HCC1806.log 
        
        (one of the commands exited with non-zero exit code; note that snakemake uses bash strict mode!)

[Mon Sep 18 12:15:10 2023]
Error in rule vcf:
    jobid: 27
    input: /home/cachris/projects/geneva/hypoxia/dedup_bams/BxPC3/Aligned.sortedByCoord.out.bam
    output: /home/cachris/projects/geneva/hypoxia/vcfs2/BxPC3.vcf.gz
    log: /home/cachris/projects/geneva/hypoxia/logs/vcf/BxPC3.log (check log file(s) for error details)
    conda-env: bcftools
    shell:
        
        bcftools mpileup         -d 115         -C 50         -Ou -f /home/genomes/cellranger_refs/refdata-gex-GRCh38-2020-A/fasta/genome.fa /home/cachris/projects/geneva/hypoxia/dedup_bams/BxPC3/Aligned.sortedByCoord.out.bam 2> /home/cachris/projects/geneva/hypoxia/logs/vcf/BxPC3.log |         bcftools call         -Ou -mv -f GP - 2> /home/cachris/projects/geneva/hypoxia/logs/vcf/BxPC3.log |         bcftools filter         -e 'QUAL>20 || DP>250 || MAF<0.2'         -Ou -o /home/cachris/projects/geneva/hypoxia/vcfs2/BxPC3.vcf.gz - 2> /home/cachris/projects/geneva/hypoxia/logs/vcf/BxPC3.log 
        
        (one of the commands exited with non-zero exit code; note that snakemake uses bash strict mode!)

[Mon Sep 18 12:15:10 2023]
Error in rule vcf:
    jobid: 9
    input: /home/cachris/projects/geneva/hypoxia/dedup_bams/A375/Aligned.sortedByCoord.out.bam
    output: /home/cachris/projects/geneva/hypoxia/vcfs2/A375.vcf.gz
    log: /home/cachris/projects/geneva/hypoxia/logs/vcf/A375.log (check log file(s) for error details)
    conda-env: bcftools
    shell:
        
        bcftools mpileup         -d 115         -C 50         -Ou -f /home/genomes/cellranger_refs/refdata-gex-GRCh38-2020-A/fasta/genome.fa /home/cachris/projects/geneva/hypoxia/dedup_bams/A375/Aligned.sortedByCoord.out.bam 2> /home/cachris/projects/geneva/hypoxia/logs/vcf/A375.log |         bcftools call         -Ou -mv -f GP - 2> /home/cachris/projects/geneva/hypoxia/logs/vcf/A375.log |         bcftools filter         -e 'QUAL>20 || DP>250 || MAF<0.2'         -Ou -o /home/cachris/projects/geneva/hypoxia/vcfs2/A375.vcf.gz - 2> /home/cachris/projects/geneva/hypoxia/logs/vcf/A375.log 
        
        (one of the commands exited with non-zero exit code; note that snakemake uses bash strict mode!)

[Mon Sep 18 12:15:10 2023]
Error in rule vcf:
    jobid: 112
    input: /home/cachris/projects/geneva/hypoxia/dedup_bams/U87/Aligned.sortedByCoord.out.bam
    output: /home/cachris/projects/geneva/hypoxia/vcfs2/U87.vcf.gz
    log: /home/cachris/projects/geneva/hypoxia/logs/vcf/U87.log (check log file(s) for error details)
    conda-env: bcftools
    shell:
        
        bcftools mpileup         -d 115         -C 50         -Ou -f /home/genomes/cellranger_refs/refdata-gex-GRCh38-2020-A/fasta/genome.fa /home/cachris/projects/geneva/hypoxia/dedup_bams/U87/Aligned.sortedByCoord.out.bam 2> /home/cachris/projects/geneva/hypoxia/logs/vcf/U87.log |         bcftools call         -Ou -mv -f GP - 2> /home/cachris/projects/geneva/hypoxia/logs/vcf/U87.log |         bcftools filter         -e 'QUAL>20 || DP>250 || MAF<0.2'         -Ou -o /home/cachris/projects/geneva/hypoxia/vcfs2/U87.vcf.gz - 2> /home/cachris/projects/geneva/hypoxia/logs/vcf/U87.log 
        
        (one of the commands exited with non-zero exit code; note that snakemake uses bash strict mode!)

Error in rule vcf:
    jobid: 80
    input: /home/cachris/projects/geneva/hypoxia/dedup_bams/H441/Aligned.sortedByCoord.out.bam
    output: /home/cachris/projects/geneva/hypoxia/vcfs2/H441.vcf.gz
    log: /home/cachris/projects/geneva/hypoxia/logs/vcf/H441.log (check log file(s) for error details)
    conda-env: bcftools
    shell:
        
        bcftools mpileup         -d 115         -C 50         -Ou -f /home/genomes/cellranger_refs/refdata-gex-GRCh38-2020-A/fasta/genome.fa /home/cachris/projects/geneva/hypoxia/dedup_bams/H441/Aligned.sortedByCoord.out.bam 2> /home/cachris/projects/geneva/hypoxia/logs/vcf/H441.log |         bcftools call         -Ou -mv -f GP - 2> /home/cachris/projects/geneva/hypoxia/logs/vcf/H441.log |         bcftools filter         -e 'QUAL>20 || DP>250 || MAF<0.2'         -Ou -o /home/cachris/projects/geneva/hypoxia/vcfs2/H441.vcf.gz - 2> /home/cachris/projects/geneva/hypoxia/logs/vcf/H441.log 
        
        (one of the commands exited with non-zero exit code; note that snakemake uses bash strict mode!)

[Mon Sep 18 12:15:10 2023]
Error in rule vcf:
    jobid: 88
    input: /home/cachris/projects/geneva/hypoxia/dedup_bams/HepG2/Aligned.sortedByCoord.out.bam
    output: /home/cachris/projects/geneva/hypoxia/vcfs2/HepG2.vcf.gz
    log: /home/cachris/projects/geneva/hypoxia/logs/vcf/HepG2.log (check log file(s) for error details)
    conda-env: bcftools
    shell:
        
        bcftools mpileup         -d 115         -C 50         -Ou -f /home/genomes/cellranger_refs/refdata-gex-GRCh38-2020-A/fasta/genome.fa /home/cachris/projects/geneva/hypoxia/dedup_bams/HepG2/Aligned.sortedByCoord.out.bam 2> /home/cachris/projects/geneva/hypoxia/logs/vcf/HepG2.log |         bcftools call         -Ou -mv -f GP - 2> /home/cachris/projects/geneva/hypoxia/logs/vcf/HepG2.log |         bcftools filter         -e 'QUAL>20 || DP>250 || MAF<0.2'         -Ou -o /home/cachris/projects/geneva/hypoxia/vcfs2/HepG2.vcf.gz - 2> /home/cachris/projects/geneva/hypoxia/logs/vcf/HepG2.log 
        
        (one of the commands exited with non-zero exit code; note that snakemake uses bash strict mode!)

Error in rule vcf:
    jobid: 56
    input: /home/cachris/projects/geneva/hypoxia/dedup_bams/MDA231/Aligned.sortedByCoord.out.bam
    output: /home/cachris/projects/geneva/hypoxia/vcfs2/MDA231.vcf.gz
    log: /home/cachris/projects/geneva/hypoxia/logs/vcf/MDA231.log (check log file(s) for error details)
    conda-env: bcftools
    shell:
        
        bcftools mpileup         -d 115         -C 50         -Ou -f /home/genomes/cellranger_refs/refdata-gex-GRCh38-2020-A/fasta/genome.fa /home/cachris/projects/geneva/hypoxia/dedup_bams/MDA231/Aligned.sortedByCoord.out.bam 2> /home/cachris/projects/geneva/hypoxia/logs/vcf/MDA231.log |         bcftools call         -Ou -mv -f GP - 2> /home/cachris/projects/geneva/hypoxia/logs/vcf/MDA231.log |         bcftools filter         -e 'QUAL>20 || DP>250 || MAF<0.2'         -Ou -o /home/cachris/projects/geneva/hypoxia/vcfs2/MDA231.vcf.gz - 2> /home/cachris/projects/geneva/hypoxia/logs/vcf/MDA231.log 
        
        (one of the commands exited with non-zero exit code; note that snakemake uses bash strict mode!)

[Mon Sep 18 12:15:10 2023]
[Mon Sep 18 12:15:10 2023]
Error in rule vcf:
    jobid: 100
    input: /home/cachris/projects/geneva/hypoxia/dedup_bams/786O/Aligned.sortedByCoord.out.bam
    output: /home/cachris/projects/geneva/hypoxia/vcfs2/786O.vcf.gz
    log: /home/cachris/projects/geneva/hypoxia/logs/vcf/786O.log (check log file(s) for error details)
    conda-env: bcftools
    shell:
        
        bcftools mpileup         -d 115         -C 50         -Ou -f /home/genomes/cellranger_refs/refdata-gex-GRCh38-2020-A/fasta/genome.fa /home/cachris/projects/geneva/hypoxia/dedup_bams/786O/Aligned.sortedByCoord.out.bam 2> /home/cachris/projects/geneva/hypoxia/logs/vcf/786O.log |         bcftools call         -Ou -mv -f GP - 2> /home/cachris/projects/geneva/hypoxia/logs/vcf/786O.log |         bcftools filter         -e 'QUAL>20 || DP>250 || MAF<0.2'         -Ou -o /home/cachris/projects/geneva/hypoxia/vcfs2/786O.vcf.gz - 2> /home/cachris/projects/geneva/hypoxia/logs/vcf/786O.log 
        
        (one of the commands exited with non-zero exit code; note that snakemake uses bash strict mode!)

Error in rule vcf:
    jobid: 106
    input: /home/cachris/projects/geneva/hypoxia/dedup_bams/Caki1/Aligned.sortedByCoord.out.bam
    output: /home/cachris/projects/geneva/hypoxia/vcfs2/Caki1.vcf.gz
    log: /home/cachris/projects/geneva/hypoxia/logs/vcf/Caki1.log (check log file(s) for error details)
    conda-env: bcftools
    shell:
        
        bcftools mpileup         -d 115         -C 50         -Ou -f /home/genomes/cellranger_refs/refdata-gex-GRCh38-2020-A/fasta/genome.fa /home/cachris/projects/geneva/hypoxia/dedup_bams/Caki1/Aligned.sortedByCoord.out.bam 2> /home/cachris/projects/geneva/hypoxia/logs/vcf/Caki1.log |         bcftools call         -Ou -mv -f GP - 2> /home/cachris/projects/geneva/hypoxia/logs/vcf/Caki1.log |         bcftools filter         -e 'QUAL>20 || DP>250 || MAF<0.2'         -Ou -o /home/cachris/projects/geneva/hypoxia/vcfs2/Caki1.vcf.gz - 2> /home/cachris/projects/geneva/hypoxia/logs/vcf/Caki1.log 
        
        (one of the commands exited with non-zero exit code; note that snakemake uses bash strict mode!)

Error in rule vcf:
    jobid: 15
    input: /home/cachris/projects/geneva/hypoxia/dedup_bams/SH4/Aligned.sortedByCoord.out.bam
    output: /home/cachris/projects/geneva/hypoxia/vcfs2/SH4.vcf.gz
    log: /home/cachris/projects/geneva/hypoxia/logs/vcf/SH4.log (check log file(s) for error details)
    conda-env: bcftools
    shell:
        
        bcftools mpileup         -d 115         -C 50         -Ou -f /home/genomes/cellranger_refs/refdata-gex-GRCh38-2020-A/fasta/genome.fa /home/cachris/projects/geneva/hypoxia/dedup_bams/SH4/Aligned.sortedByCoord.out.bam 2> /home/cachris/projects/geneva/hypoxia/logs/vcf/SH4.log |         bcftools call         -Ou -mv -f GP - 2> /home/cachris/projects/geneva/hypoxia/logs/vcf/SH4.log |         bcftools filter         -e 'QUAL>20 || DP>250 || MAF<0.2'         -Ou -o /home/cachris/projects/geneva/hypoxia/vcfs2/SH4.vcf.gz - 2> /home/cachris/projects/geneva/hypoxia/logs/vcf/SH4.log 
        
        (one of the commands exited with non-zero exit code; note that snakemake uses bash strict mode!)

Complete log: .snakemake/log/2023-09-18T121447.332845.snakemake.log
