Building DAG of jobs...
Using shell: /usr/bin/bash
Provided cores: 20
Rules claiming more threads will be scaled down.
Job stats:
job           count
----------  -------
all               1
cellranger        6
total             7

Select jobs to execute...

[Fri Sep  8 10:59:53 2023]
rule cellranger:
    input: /home/cachris/geneva/hypoxia/data/TSHG10_hypoxia_GENEVA
    output: /home/cachris/geneva/hypoxia/cellranger_outputs2/21-4/possorted_genome_bam.bam
    log: /home/cachris/geneva/hypoxia/logs/cellranger/21-4.log
    jobid: 132
    reason: Missing output files: /home/cachris/geneva/hypoxia/cellranger_outputs2/21-4/possorted_genome_bam.bam
    wildcards: sc_samples=21-4
    threads: 18
    resources: tmpdir=/tmp

Terminating processes on user request, this might take some time.
[Fri Sep  8 11:00:02 2023]
Error in rule cellranger:
    jobid: 132
    input: /home/cachris/geneva/hypoxia/data/TSHG10_hypoxia_GENEVA
    output: /home/cachris/geneva/hypoxia/cellranger_outputs2/21-4/possorted_genome_bam.bam
    log: /home/cachris/geneva/hypoxia/logs/cellranger/21-4.log (check log file(s) for error details)
    shell:
        
        cellranger count         --id=21-4         --fastqs=/home/cachris/geneva/hypoxia/data/TSHG10_hypoxia_GENEVA        --transcriptome=/home/genomes/cellranger_refs/refdata-gex-GRCh38-2020-A/         --sample=21-4         --localcores=18 > /home/cachris/geneva/hypoxia/logs/cellranger/21-4.log 2>&1         && mv 21-4/outs/* /home/cachris/geneva/hypoxia/cellranger_outputs/21-4/         && rm -r 21-4/
        
        (one of the commands exited with non-zero exit code; note that snakemake uses bash strict mode!)

Complete log: .snakemake/log/2023-09-08T105950.651607.snakemake.log
